[0.132s] Invoking command in '/root/ros2_ws/build/prcp_object_fusion': CMAKE_PREFIX_PATH=${CMAKE_PREFIX_PATH}:/root/ros2_ws/install/eufs_tracks:/root/ros2_ws/install/detection:/root/ros2_ws/install/eufs_rqt:/root/ros2_ws/install/eufs_launcher:/root/ros2_ws/src/install/eufs_rqt:/root/ros2_ws/src/install/pointcloud_publisher:/root/ros2_ws/src/install/eufs_tracks:/root/ros2_ws/src/install/eufs_racecar:/root/ros2_ws/src/install/detection:/root/ros2_ws/install/eufs_racecar:/root/ros2_ws/install/pointcloud_publisher:/opt/ros/humble /usr/bin/cmake --build /root/ros2_ws/build/prcp_object_fusion -- -j8 -l8
[0.270s] [100%] Built target prcp_object_fusion
[0.298s] Invoked command in '/root/ros2_ws/build/prcp_object_fusion' returned '0': CMAKE_PREFIX_PATH=${CMAKE_PREFIX_PATH}:/root/ros2_ws/install/eufs_tracks:/root/ros2_ws/install/detection:/root/ros2_ws/install/eufs_rqt:/root/ros2_ws/install/eufs_launcher:/root/ros2_ws/src/install/eufs_rqt:/root/ros2_ws/src/install/pointcloud_publisher:/root/ros2_ws/src/install/eufs_tracks:/root/ros2_ws/src/install/eufs_racecar:/root/ros2_ws/src/install/detection:/root/ros2_ws/install/eufs_racecar:/root/ros2_ws/install/pointcloud_publisher:/opt/ros/humble /usr/bin/cmake --build /root/ros2_ws/build/prcp_object_fusion -- -j8 -l8
[0.385s] Invoking command in '/root/ros2_ws/build/prcp_object_fusion': CMAKE_PREFIX_PATH=${CMAKE_PREFIX_PATH}:/root/ros2_ws/install/eufs_tracks:/root/ros2_ws/install/detection:/root/ros2_ws/install/eufs_rqt:/root/ros2_ws/install/eufs_launcher:/root/ros2_ws/src/install/eufs_rqt:/root/ros2_ws/src/install/pointcloud_publisher:/root/ros2_ws/src/install/eufs_tracks:/root/ros2_ws/src/install/eufs_racecar:/root/ros2_ws/src/install/detection:/root/ros2_ws/install/eufs_racecar:/root/ros2_ws/install/pointcloud_publisher:/opt/ros/humble /usr/bin/cmake --install /root/ros2_ws/build/prcp_object_fusion
[0.400s] -- Install configuration: ""
[0.400s] -- Up-to-date: /root/ros2_ws/install/prcp_object_fusion/share/prcp_object_fusion/launch
[0.401s] -- Up-to-date: /root/ros2_ws/install/prcp_object_fusion/share/prcp_object_fusion/launch/run_all.launch.py
[0.402s] -- Up-to-date: /root/ros2_ws/install/prcp_object_fusion/lib/prcp_object_fusion/prcp_object_fusion
[0.402s] -- Up-to-date: /root/ros2_ws/install/prcp_object_fusion/share/ament_index/resource_index/package_run_dependencies/prcp_object_fusion
[0.403s] -- Up-to-date: /root/ros2_ws/install/prcp_object_fusion/share/ament_index/resource_index/parent_prefix_path/prcp_object_fusion
[0.403s] -- Up-to-date: /root/ros2_ws/install/prcp_object_fusion/share/prcp_object_fusion/environment/ament_prefix_path.sh
[0.405s] -- Up-to-date: /root/ros2_ws/install/prcp_object_fusion/share/prcp_object_fusion/environment/ament_prefix_path.dsv
[0.405s] -- Up-to-date: /root/ros2_ws/install/prcp_object_fusion/share/prcp_object_fusion/environment/path.sh
[0.405s] -- Up-to-date: /root/ros2_ws/install/prcp_object_fusion/share/prcp_object_fusion/environment/path.dsv
[0.406s] -- Up-to-date: /root/ros2_ws/install/prcp_object_fusion/share/prcp_object_fusion/local_setup.bash
[0.406s] -- Up-to-date: /root/ros2_ws/install/prcp_object_fusion/share/prcp_object_fusion/local_setup.sh
[0.408s] -- Up-to-date: /root/ros2_ws/install/prcp_object_fusion/share/prcp_object_fusion/local_setup.zsh
[0.409s] -- Up-to-date: /root/ros2_ws/install/prcp_object_fusion/share/prcp_object_fusion/local_setup.dsv
[0.410s] -- Installing: /root/ros2_ws/install/prcp_object_fusion/share/prcp_object_fusion/package.dsv
[0.411s] -- Up-to-date: /root/ros2_ws/install/prcp_object_fusion/share/ament_index/resource_index/packages/prcp_object_fusion
[0.412s] -- Up-to-date: /root/ros2_ws/install/prcp_object_fusion/share/prcp_object_fusion/cmake/prcp_object_fusionConfig.cmake
[0.413s] -- Up-to-date: /root/ros2_ws/install/prcp_object_fusion/share/prcp_object_fusion/cmake/prcp_object_fusionConfig-version.cmake
[0.413s] -- Up-to-date: /root/ros2_ws/install/prcp_object_fusion/share/prcp_object_fusion/package.xml
[0.416s] Invoked command in '/root/ros2_ws/build/prcp_object_fusion' returned '0': CMAKE_PREFIX_PATH=${CMAKE_PREFIX_PATH}:/root/ros2_ws/install/eufs_tracks:/root/ros2_ws/install/detection:/root/ros2_ws/install/eufs_rqt:/root/ros2_ws/install/eufs_launcher:/root/ros2_ws/src/install/eufs_rqt:/root/ros2_ws/src/install/pointcloud_publisher:/root/ros2_ws/src/install/eufs_tracks:/root/ros2_ws/src/install/eufs_racecar:/root/ros2_ws/src/install/detection:/root/ros2_ws/install/eufs_racecar:/root/ros2_ws/install/pointcloud_publisher:/opt/ros/humble /usr/bin/cmake --install /root/ros2_ws/build/prcp_object_fusion
