[0.045s] Invoking command in '/root/ros2_ws/build/v4l2_camera': CMAKE_PREFIX_PATH=${CMAKE_PREFIX_PATH}:/root/ros2_ws/install/yolov5_ros:/root/ros2_ws/install/pointcloud_publisher:/root/ros2_ws/install/detection:/opt/ros/humble /usr/bin/cmake /root/ros2_ws/src/ros2_v4l2_camera -DCMAKE_INSTALL_PREFIX=/root/ros2_ws/install/v4l2_camera
[0.111s] -- Found ament_cmake_auto: 1.3.9 (/opt/ros/humble/share/ament_cmake_auto/cmake)
[1.016s] -- Found rosidl_generator_c: 3.1.5 (/opt/ros/humble/share/rosidl_generator_c/cmake)
[1.029s] -- Found rosidl_adapter: 3.1.5 (/opt/ros/humble/share/rosidl_adapter/cmake)
[1.044s] -- Found rosidl_generator_cpp: 3.1.5 (/opt/ros/humble/share/rosidl_generator_cpp/cmake)
[1.080s] -- Using all available rosidl_typesupport_c: rosidl_typesupport_fastrtps_c;rosidl_typesupport_introspection_c
[1.139s] -- Using all available rosidl_typesupport_cpp: rosidl_typesupport_fastrtps_cpp;rosidl_typesupport_introspection_cpp
[1.350s] -- Found rmw_implementation_cmake: 6.1.2 (/opt/ros/humble/share/rmw_implementation_cmake/cmake)
[1.358s] -- Found rmw_fastrtps_cpp: 6.2.6 (/opt/ros/humble/share/rmw_fastrtps_cpp/cmake)
[1.977s] -- Using RMW implementation 'rmw_fastrtps_cpp' as default
[3.251s] [0mCUDA_TOOLKIT_ROOT_DIR not found or specified[0m
[3.270s] -- Could NOT find CUDA (missing: CUDA_TOOLKIT_ROOT_DIR CUDA_NVCC_EXECUTABLE CUDA_INCLUDE_DIRS CUDA_CUDART_LIBRARY) 
[3.273s] [31mCMake Error at /opt/ros/humble/share/ament_cmake_target_dependencies/cmake/ament_target_dependencies.cmake:77 (message):
[3.273s]   ament_target_dependencies() the passed package name 'camera_info_manager'
[3.274s]   was not found before
[3.274s] Call Stack (most recent call first):
[3.274s]   CMakeLists.txt:50 (ament_target_dependencies)
[3.274s] 
[3.274s] [0m
[3.275s] -- Configuring incomplete, errors occurred!
[3.275s] See also "/root/ros2_ws/build/v4l2_camera/CMakeFiles/CMakeOutput.log".
[3.290s] Invoked command in '/root/ros2_ws/build/v4l2_camera' returned '1': CMAKE_PREFIX_PATH=${CMAKE_PREFIX_PATH}:/root/ros2_ws/install/yolov5_ros:/root/ros2_ws/install/pointcloud_publisher:/root/ros2_ws/install/detection:/opt/ros/humble /usr/bin/cmake /root/ros2_ws/src/ros2_v4l2_camera -DCMAKE_INSTALL_PREFIX=/root/ros2_ws/install/v4l2_camera
