[0.820s] Invoking command in '/root/ros2_ws/build/formula_student_bringup': CMAKE_PREFIX_PATH=${CMAKE_PREFIX_PATH}:/root/ros2_ws/install/yolov5_ros:/root/ros2_ws/install/pointcloud_publisher:/root/ros2_ws/install/detection:/opt/ros/humble /usr/bin/cmake --build /root/ros2_ws/build/formula_student_bringup -- -j8 -l8
[0.996s] Invoked command in '/root/ros2_ws/build/formula_student_bringup' returned '0': CMAKE_PREFIX_PATH=${CMAKE_PREFIX_PATH}:/root/ros2_ws/install/yolov5_ros:/root/ros2_ws/install/pointcloud_publisher:/root/ros2_ws/install/detection:/opt/ros/humble /usr/bin/cmake --build /root/ros2_ws/build/formula_student_bringup -- -j8 -l8
[1.218s] Invoking command in '/root/ros2_ws/build/formula_student_bringup': CMAKE_PREFIX_PATH=${CMAKE_PREFIX_PATH}:/root/ros2_ws/install/yolov5_ros:/root/ros2_ws/install/pointcloud_publisher:/root/ros2_ws/install/detection:/opt/ros/humble /usr/bin/cmake --install /root/ros2_ws/build/formula_student_bringup
[1.242s] -- Install configuration: ""
[1.254s] -- Execute custom install script
[1.254s] -- Up-to-date symlink: /root/ros2_ws/install/formula_student_bringup/share/formula_student_bringup/launch/tf_static.launch.py
[1.254s] -- Up-to-date symlink: /root/ros2_ws/install/formula_student_bringup/share/ament_index/resource_index/package_run_dependencies/formula_student_bringup
[1.254s] -- Up-to-date symlink: /root/ros2_ws/install/formula_student_bringup/share/ament_index/resource_index/parent_prefix_path/formula_student_bringup
[1.255s] -- Up-to-date symlink: /root/ros2_ws/install/formula_student_bringup/share/formula_student_bringup/environment/ament_prefix_path.sh
[1.255s] -- Up-to-date symlink: /root/ros2_ws/install/formula_student_bringup/share/formula_student_bringup/environment/ament_prefix_path.dsv
[1.255s] -- Up-to-date symlink: /root/ros2_ws/install/formula_student_bringup/share/formula_student_bringup/environment/path.sh
[1.280s] -- Up-to-date symlink: /root/ros2_ws/install/formula_student_bringup/share/formula_student_bringup/environment/path.dsv
[1.280s] -- Up-to-date symlink: /root/ros2_ws/install/formula_student_bringup/share/formula_student_bringup/local_setup.bash
[1.280s] -- Up-to-date symlink: /root/ros2_ws/install/formula_student_bringup/share/formula_student_bringup/local_setup.sh
[1.281s] -- Up-to-date symlink: /root/ros2_ws/install/formula_student_bringup/share/formula_student_bringup/local_setup.zsh
[1.281s] -- Up-to-date symlink: /root/ros2_ws/install/formula_student_bringup/share/formula_student_bringup/local_setup.dsv
[1.281s] -- Symlinking: /root/ros2_ws/install/formula_student_bringup/share/formula_student_bringup/package.dsv
[1.301s] -- Up-to-date symlink: /root/ros2_ws/install/formula_student_bringup/share/ament_index/resource_index/packages/formula_student_bringup
[1.301s] -- Up-to-date symlink: /root/ros2_ws/install/formula_student_bringup/share/formula_student_bringup/cmake/formula_student_bringupConfig.cmake
[1.302s] -- Up-to-date symlink: /root/ros2_ws/install/formula_student_bringup/share/formula_student_bringup/cmake/formula_student_bringupConfig-version.cmake
[1.302s] -- Up-to-date symlink: /root/ros2_ws/install/formula_student_bringup/share/formula_student_bringup/package.xml
[1.310s] Invoked command in '/root/ros2_ws/build/formula_student_bringup' returned '0': CMAKE_PREFIX_PATH=${CMAKE_PREFIX_PATH}:/root/ros2_ws/install/yolov5_ros:/root/ros2_ws/install/pointcloud_publisher:/root/ros2_ws/install/detection:/opt/ros/humble /usr/bin/cmake --install /root/ros2_ws/build/formula_student_bringup
