[1.868s] Invoking command in '/root/ros2_ws/src/pointcloud_publisher': PYTHONPATH=/root/ros2_ws/build/pointcloud_publisher/prefix_override:/usr/lib/python3/dist-packages/colcon_core/task/python/colcon_distutils_commands:/root/ros2_ws/install/pointcloud_publisher/lib/python3.10/site-packages:${PYTHONPATH} /usr/bin/python3 -W ignore:setup.py install is deprecated setup.py egg_info --egg-base ../../build/pointcloud_publisher build --build-base /root/ros2_ws/build/pointcloud_publisher/build install --record /root/ros2_ws/build/pointcloud_publisher/install.log --single-version-externally-managed install_data
[2.255s] running egg_info
[2.256s] writing ../../build/pointcloud_publisher/pointcloud_publisher.egg-info/PKG-INFO
[2.258s] writing dependency_links to ../../build/pointcloud_publisher/pointcloud_publisher.egg-info/dependency_links.txt
[2.258s] writing entry points to ../../build/pointcloud_publisher/pointcloud_publisher.egg-info/entry_points.txt
[2.259s] writing requirements to ../../build/pointcloud_publisher/pointcloud_publisher.egg-info/requires.txt
[2.259s] writing top-level names to ../../build/pointcloud_publisher/pointcloud_publisher.egg-info/top_level.txt
[2.263s] reading manifest file '../../build/pointcloud_publisher/pointcloud_publisher.egg-info/SOURCES.txt'
[2.264s] writing manifest file '../../build/pointcloud_publisher/pointcloud_publisher.egg-info/SOURCES.txt'
[2.264s] running build
[2.264s] running build_py
[2.265s] running install
[2.266s] running install_lib
[2.268s] running install_data
[2.268s] running install_egg_info
[2.272s] removing '/root/ros2_ws/install/pointcloud_publisher/lib/python3.10/site-packages/pointcloud_publisher-0.0.0-py3.10.egg-info' (and everything under it)
[2.272s] Copying ../../build/pointcloud_publisher/pointcloud_publisher.egg-info to /root/ros2_ws/install/pointcloud_publisher/lib/python3.10/site-packages/pointcloud_publisher-0.0.0-py3.10.egg-info
[2.273s] running install_scripts
[2.310s] Installing pointcloud_publisher script to /root/ros2_ws/install/pointcloud_publisher/lib/pointcloud_publisher
[2.311s] writing list of installed files to '/root/ros2_ws/build/pointcloud_publisher/install.log'
[2.358s] Invoked command in '/root/ros2_ws/src/pointcloud_publisher' returned '0': PYTHONPATH=/root/ros2_ws/build/pointcloud_publisher/prefix_override:/usr/lib/python3/dist-packages/colcon_core/task/python/colcon_distutils_commands:/root/ros2_ws/install/pointcloud_publisher/lib/python3.10/site-packages:${PYTHONPATH} /usr/bin/python3 -W ignore:setup.py install is deprecated setup.py egg_info --egg-base ../../build/pointcloud_publisher build --build-base /root/ros2_ws/build/pointcloud_publisher/build install --record /root/ros2_ws/build/pointcloud_publisher/install.log --single-version-externally-managed install_data
