[0.576s] Invoking command in '/root/ros2_ws/build/lidar_cluster': CMAKE_PREFIX_PATH=${CMAKE_PREFIX_PATH}:/root/ros2_ws/install/yolov5_ros:/root/ros2_ws/install/pointcloud_publisher:/root/ros2_ws/install/detection:/opt/ros/humble /usr/bin/cmake --build /root/ros2_ws/build/lidar_cluster -- -j8 -l8
[0.738s] [ 13%] Built target dbscan_grid
[0.741s] [ 26%] Built target dblane_spatial
[0.798s] [ 46%] Built target dbscan_spatial
[0.798s] [ 60%] Built target dblane_f1s
[0.798s] [ 73%] Built target euclidean_spatial
[0.818s] [100%] Built target euclidean_grid
[0.901s] Invoked command in '/root/ros2_ws/build/lidar_cluster' returned '0': CMAKE_PREFIX_PATH=${CMAKE_PREFIX_PATH}:/root/ros2_ws/install/yolov5_ros:/root/ros2_ws/install/pointcloud_publisher:/root/ros2_ws/install/detection:/opt/ros/humble /usr/bin/cmake --build /root/ros2_ws/build/lidar_cluster -- -j8 -l8
[1.499s] Invoking command in '/root/ros2_ws/build/lidar_cluster': CMAKE_PREFIX_PATH=${CMAKE_PREFIX_PATH}:/root/ros2_ws/install/yolov5_ros:/root/ros2_ws/install/pointcloud_publisher:/root/ros2_ws/install/detection:/opt/ros/humble /usr/bin/cmake --install /root/ros2_ws/build/lidar_cluster
[1.546s] -- Install configuration: ""
[1.547s] -- Execute custom install script
[1.549s] -- Up-to-date symlink: /root/ros2_ws/install/lidar_cluster/share/lidar_cluster/launch/dblane_f1s.launch.py
[1.550s] -- Up-to-date symlink: /root/ros2_ws/install/lidar_cluster/share/lidar_cluster/launch/dblane_spatial.launch.py
[1.553s] -- Up-to-date symlink: /root/ros2_ws/install/lidar_cluster/share/lidar_cluster/launch/dbscan_spatial.launch.py
[1.555s] -- Up-to-date symlink: /root/ros2_ws/install/lidar_cluster/share/lidar_cluster/launch/euclidean_grid.launch.py
[1.556s] -- Up-to-date symlink: /root/ros2_ws/install/lidar_cluster/share/lidar_cluster/launch/euclidean_spatial.launch.py
[1.556s] -- Up-to-date symlink: /root/ros2_ws/install/lidar_cluster/share/lidar_cluster/launch/rviz01.launch.py
[1.557s] -- Up-to-date symlink: /root/ros2_ws/install/lidar_cluster/share/lidar_cluster/launch/rviz02.launch.py
[1.558s] -- Up-to-date symlink: /root/ros2_ws/install/lidar_cluster/share/lidar_cluster/config/.gitkeep
[1.558s] -- Up-to-date symlink: /root/ros2_ws/install/lidar_cluster/share/lidar_cluster/config/rviz01.rviz
[1.558s] -- Up-to-date symlink: /root/ros2_ws/install/lidar_cluster/share/lidar_cluster/config/rviz02.rviz
[1.558s] -- Up-to-date symlink: /root/ros2_ws/install/lidar_cluster/lib/lidar_cluster/dbscan_spatial
[1.558s] -- Up-to-date symlink: /root/ros2_ws/install/lidar_cluster/lib/lidar_cluster/dbscan_grid
[1.560s] -- Up-to-date symlink: /root/ros2_ws/install/lidar_cluster/lib/lidar_cluster/dblane_spatial
[1.560s] -- Up-to-date symlink: /root/ros2_ws/install/lidar_cluster/lib/lidar_cluster/euclidean_spatial
[1.561s] -- Up-to-date symlink: /root/ros2_ws/install/lidar_cluster/lib/lidar_cluster/dblane_f1s
[1.562s] -- Up-to-date symlink: /root/ros2_ws/install/lidar_cluster/lib/lidar_cluster/euclidean_grid
[1.562s] -- Up-to-date symlink: /root/ros2_ws/install/lidar_cluster/share/ament_index/resource_index/package_run_dependencies/lidar_cluster
[1.563s] -- Up-to-date symlink: /root/ros2_ws/install/lidar_cluster/share/ament_index/resource_index/parent_prefix_path/lidar_cluster
[1.563s] -- Up-to-date symlink: /root/ros2_ws/install/lidar_cluster/share/lidar_cluster/environment/ament_prefix_path.sh
[1.566s] -- Up-to-date symlink: /root/ros2_ws/install/lidar_cluster/share/lidar_cluster/environment/ament_prefix_path.dsv
[1.567s] -- Up-to-date symlink: /root/ros2_ws/install/lidar_cluster/share/lidar_cluster/environment/path.sh
[1.567s] -- Up-to-date symlink: /root/ros2_ws/install/lidar_cluster/share/lidar_cluster/environment/path.dsv
[1.568s] -- Up-to-date symlink: /root/ros2_ws/install/lidar_cluster/share/lidar_cluster/local_setup.bash
[1.568s] -- Up-to-date symlink: /root/ros2_ws/install/lidar_cluster/share/lidar_cluster/local_setup.sh
[1.569s] -- Up-to-date symlink: /root/ros2_ws/install/lidar_cluster/share/lidar_cluster/local_setup.zsh
[1.569s] -- Up-to-date symlink: /root/ros2_ws/install/lidar_cluster/share/lidar_cluster/local_setup.dsv
[1.569s] -- Symlinking: /root/ros2_ws/install/lidar_cluster/share/lidar_cluster/package.dsv
[1.570s] -- Up-to-date symlink: /root/ros2_ws/install/lidar_cluster/share/ament_index/resource_index/packages/lidar_cluster
[1.570s] -- Up-to-date symlink: /root/ros2_ws/install/lidar_cluster/share/lidar_cluster/cmake/lidar_clusterConfig.cmake
[1.571s] -- Up-to-date symlink: /root/ros2_ws/install/lidar_cluster/share/lidar_cluster/cmake/lidar_clusterConfig-version.cmake
[1.592s] -- Up-to-date symlink: /root/ros2_ws/install/lidar_cluster/share/lidar_cluster/package.xml
[1.685s] Invoked command in '/root/ros2_ws/build/lidar_cluster' returned '0': CMAKE_PREFIX_PATH=${CMAKE_PREFIX_PATH}:/root/ros2_ws/install/yolov5_ros:/root/ros2_ws/install/pointcloud_publisher:/root/ros2_ws/install/detection:/opt/ros/humble /usr/bin/cmake --install /root/ros2_ws/build/lidar_cluster
