[0.100s] Invoking command in '/root/ros2_ws/build/cone_detection_lidar': CMAKE_PREFIX_PATH=/opt/ros/humble /usr/bin/cmake /root/ros2_ws/src/formula_student_packages/cone_detection_lidar -DCMAKE_INSTALL_PREFIX=/root/ros2_ws/install/cone_detection_lidar
[0.559s] -- Found ament_cmake: 1.3.9 (/opt/ros/humble/share/ament_cmake/cmake)
[0.560s] -- Override CMake install command with custom implementation using symlinks instead of copying resources
[0.561s] -- Found rclcpp: 16.0.9 (/opt/ros/humble/share/rclcpp/cmake)
[0.561s] -- Found rosidl_generator_c: 3.1.5 (/opt/ros/humble/share/rosidl_generator_c/cmake)
[0.562s] -- Found rosidl_adapter: 3.1.5 (/opt/ros/humble/share/rosidl_adapter/cmake)
[0.562s] -- Found rosidl_generator_cpp: 3.1.5 (/opt/ros/humble/share/rosidl_generator_cpp/cmake)
[0.562s] -- Using all available rosidl_typesupport_c: rosidl_typesupport_fastrtps_c;rosidl_typesupport_introspection_c
[0.562s] -- Using all available rosidl_typesupport_cpp: rosidl_typesupport_fastrtps_cpp;rosidl_typesupport_introspection_cpp
[0.578s] -- Found rmw_implementation_cmake: 6.1.2 (/opt/ros/humble/share/rmw_implementation_cmake/cmake)
[0.584s] -- Found rmw_fastrtps_cpp: 6.2.6 (/opt/ros/humble/share/rmw_fastrtps_cpp/cmake)
[0.921s] -- Using RMW implementation 'rmw_fastrtps_cpp' as default
[1.388s] -- Found sensor_msgs: 4.2.4 (/opt/ros/humble/share/sensor_msgs/cmake)
[1.763s] -- Found nav_msgs: 4.2.4 (/opt/ros/humble/share/nav_msgs/cmake)
[2.028s] -- Found visualization_msgs: 4.2.4 (/opt/ros/humble/share/visualization_msgs/cmake)
[2.347s] -- Found tf2: 0.25.7 (/opt/ros/humble/share/tf2/cmake)
[2.369s] -- Found tf2_msgs: 0.25.7 (/opt/ros/humble/share/tf2_msgs/cmake)
[2.738s] -- Found tf2_ros: 0.25.7 (/opt/ros/humble/share/tf2_ros/cmake)
[3.103s] -- Found tf2_geometry_msgs: 0.25.7 (/opt/ros/humble/share/tf2_geometry_msgs/cmake)
[3.113s] -- Found eigen3_cmake_module: 0.1.1 (/opt/ros/humble/share/eigen3_cmake_module/cmake)
[3.116s] -- Ensuring Eigen3 include directory is part of orocos-kdl CMake target
[3.136s] -- Found pcl_ros: 2.4.0 (/opt/ros/humble/share/pcl_ros/cmake)
[3.948s] -- Eigen found (include: /usr/include/eigen3, version: 3.4.0)
[4.019s] -- FLANN found (include: /usr/include, lib: /usr/lib/x86_64-linux-gnu/libflann_cpp.so)
[4.785s] -- OpenNI found (version: 1.5.4.0, include: /usr/include/ni, lib: /usr/lib/libOpenNI.so;libusb::libusb)
[4.804s] -- OpenNI2 found (version: 2.2.0.33, include: /usr/include/openni2, lib: /usr/lib/x86_64-linux-gnu/libOpenNI2.so;libusb::libusb)
[5.202s] -- Eigen found (include: /usr/include/eigen3, version: 3.4.0)
[5.221s] -- OpenNI found (version: 1.5.4.0, include: /usr/include/ni, lib: /usr/lib/libOpenNI.so;libusb::libusb)
[5.235s] -- OpenNI2 found (version: 2.2.0.33, include: /usr/include/openni2, lib: /usr/lib/x86_64-linux-gnu/libOpenNI2.so;libusb::libusb)
[5.560s] -- Found Qhull version 8.0.2
[5.920s] -- OpenNI found (version: 1.5.4.0, include: /usr/include/ni, lib: /usr/lib/libOpenNI.so;libusb::libusb)
[6.655s] -- Found ament_lint_auto: 0.12.11 (/opt/ros/humble/share/ament_lint_auto/cmake)
[6.825s] -- Added test 'cppcheck' to perform static code analysis on C / C++ code
[6.833s] -- Configured cppcheck include dirs: /root/ros2_ws/src/formula_student_packages/cone_detection_lidar/include
[6.833s] -- Configured cppcheck exclude dirs and/or files: 
[6.834s] -- Added test 'flake8' to check Python code syntax and style conventions
[6.836s] -- Added test 'lint_cmake' to check CMake code style
[6.838s] -- Added test 'pep257' to check Python code against some of the docstring style conventions in PEP 257
[6.841s] -- Added test 'uncrustify' to check C / C++ code style
[6.841s] -- Configured uncrustify additional arguments: 
[6.844s] -- Added test 'xmllint' to check XML markup files
[6.847s] -- Configuring done
[7.053s] -- Generating done
[7.054s] -- Build files have been written to: /root/ros2_ws/build/cone_detection_lidar
[7.067s] Invoked command in '/root/ros2_ws/build/cone_detection_lidar' returned '0': CMAKE_PREFIX_PATH=/opt/ros/humble /usr/bin/cmake /root/ros2_ws/src/formula_student_packages/cone_detection_lidar -DCMAKE_INSTALL_PREFIX=/root/ros2_ws/install/cone_detection_lidar
[7.074s] Invoking command in '/root/ros2_ws/build/cone_detection_lidar': CMAKE_PREFIX_PATH=/opt/ros/humble /usr/bin/cmake --build /root/ros2_ws/build/cone_detection_lidar -- -j8 -l8
[7.199s] [35m[1mConsolidate compiler generated dependencies of target detection_simple[0m
[7.205s] [35m[1mConsolidate compiler generated dependencies of target grid_trajectory[0m
[7.278s] [ 50%] Built target detection_simple
[7.294s] [100%] Built target grid_trajectory
[7.324s] Invoked command in '/root/ros2_ws/build/cone_detection_lidar' returned '0': CMAKE_PREFIX_PATH=/opt/ros/humble /usr/bin/cmake --build /root/ros2_ws/build/cone_detection_lidar -- -j8 -l8
[7.444s] Invoking command in '/root/ros2_ws/build/cone_detection_lidar': CMAKE_PREFIX_PATH=/opt/ros/humble /usr/bin/cmake --install /root/ros2_ws/build/cone_detection_lidar
[7.461s] -- Install configuration: ""
[7.462s] -- Execute custom install script
[7.463s] -- Up-to-date symlink: /root/ros2_ws/install/cone_detection_lidar/share/cone_detection_lidar/launch/detection_simple.launch.py
[7.464s] -- Up-to-date symlink: /root/ros2_ws/install/cone_detection_lidar/share/cone_detection_lidar/launch/grid_detection.launch.py
[7.464s] -- Up-to-date symlink: /root/ros2_ws/install/cone_detection_lidar/share/cone_detection_lidar/launch/rviz01.launch.py
[7.464s] -- Up-to-date symlink: /root/ros2_ws/install/cone_detection_lidar/share/cone_detection_lidar/config/rviz01.rviz
[7.466s] -- Up-to-date symlink: /root/ros2_ws/install/cone_detection_lidar/lib/cone_detection_lidar/detection_simple
[7.466s] -- Up-to-date symlink: /root/ros2_ws/install/cone_detection_lidar/lib/cone_detection_lidar/grid_trajectory
[7.467s] -- Up-to-date symlink: /root/ros2_ws/install/cone_detection_lidar/share/ament_index/resource_index/package_run_dependencies/cone_detection_lidar
[7.467s] -- Up-to-date symlink: /root/ros2_ws/install/cone_detection_lidar/share/ament_index/resource_index/parent_prefix_path/cone_detection_lidar
[7.467s] -- Up-to-date symlink: /root/ros2_ws/install/cone_detection_lidar/share/cone_detection_lidar/environment/ament_prefix_path.sh
[7.468s] -- Up-to-date symlink: /root/ros2_ws/install/cone_detection_lidar/share/cone_detection_lidar/environment/ament_prefix_path.dsv
[7.468s] -- Up-to-date symlink: /root/ros2_ws/install/cone_detection_lidar/share/cone_detection_lidar/environment/path.sh
[7.469s] -- Up-to-date symlink: /root/ros2_ws/install/cone_detection_lidar/share/cone_detection_lidar/environment/path.dsv
[7.470s] -- Up-to-date symlink: /root/ros2_ws/install/cone_detection_lidar/share/cone_detection_lidar/local_setup.bash
[7.472s] -- Up-to-date symlink: /root/ros2_ws/install/cone_detection_lidar/share/cone_detection_lidar/local_setup.sh
[7.473s] -- Up-to-date symlink: /root/ros2_ws/install/cone_detection_lidar/share/cone_detection_lidar/local_setup.zsh
[7.474s] -- Up-to-date symlink: /root/ros2_ws/install/cone_detection_lidar/share/cone_detection_lidar/local_setup.dsv
[7.474s] -- Symlinking: /root/ros2_ws/install/cone_detection_lidar/share/cone_detection_lidar/package.dsv
[7.493s] -- Up-to-date symlink: /root/ros2_ws/install/cone_detection_lidar/share/ament_index/resource_index/packages/cone_detection_lidar
[7.494s] -- Up-to-date symlink: /root/ros2_ws/install/cone_detection_lidar/share/cone_detection_lidar/cmake/cone_detection_lidarConfig.cmake
[7.497s] -- Up-to-date symlink: /root/ros2_ws/install/cone_detection_lidar/share/cone_detection_lidar/cmake/cone_detection_lidarConfig-version.cmake
[7.498s] -- Up-to-date symlink: /root/ros2_ws/install/cone_detection_lidar/share/cone_detection_lidar/package.xml
[7.545s] Invoked command in '/root/ros2_ws/build/cone_detection_lidar' returned '0': CMAKE_PREFIX_PATH=/opt/ros/humble /usr/bin/cmake --install /root/ros2_ws/build/cone_detection_lidar
