running develop
Removing /root/ros2_ws/install/pointcloud_publisher/lib/python3.10/site-packages/pointcloud-publisher.egg-link (link to .)
/usr/lib/python3/dist-packages/setuptools/command/easy_install.py:158: EasyInstallDeprecationWarning: easy_install command is deprecated. Use build and pip and other standards-based tools.
  warnings.warn(
running egg_info
writing ../../build/pointcloud_publisher/pointcloud_publisher.egg-info/PKG-INFO
writing dependency_links to ../../build/pointcloud_publisher/pointcloud_publisher.egg-info/dependency_links.txt
writing entry points to ../../build/pointcloud_publisher/pointcloud_publisher.egg-info/entry_points.txt
writing requirements to ../../build/pointcloud_publisher/pointcloud_publisher.egg-info/requires.txt
writing top-level names to ../../build/pointcloud_publisher/pointcloud_publisher.egg-info/top_level.txt
reading manifest file '../../build/pointcloud_publisher/pointcloud_publisher.egg-info/SOURCES.txt'
writing manifest file '../../build/pointcloud_publisher/pointcloud_publisher.egg-info/SOURCES.txt'
running build
running build_py
running install
running install_lib
creating /root/ros2_ws/install/pointcloud_publisher/lib/python3.10/site-packages/pointcloud_publisher
copying /root/ros2_ws/build/pointcloud_publisher/build/lib/pointcloud_publisher/pointcloud_publisher.py -> /root/ros2_ws/install/pointcloud_publisher/lib/python3.10/site-packages/pointcloud_publisher
copying /root/ros2_ws/build/pointcloud_publisher/build/lib/pointcloud_publisher/__init__.py -> /root/ros2_ws/install/pointcloud_publisher/lib/python3.10/site-packages/pointcloud_publisher
byte-compiling /root/ros2_ws/install/pointcloud_publisher/lib/python3.10/site-packages/pointcloud_publisher/pointcloud_publisher.py to pointcloud_publisher.cpython-310.pyc
byte-compiling /root/ros2_ws/install/pointcloud_publisher/lib/python3.10/site-packages/pointcloud_publisher/__init__.py to __init__.cpython-310.pyc
running install_data
copying resource/pointcloud_publisher -> /root/ros2_ws/install/pointcloud_publisher/share/ament_index/resource_index/packages
copying package.xml -> /root/ros2_ws/install/pointcloud_publisher/share/pointcloud_publisher
running install_egg_info
Copying ../../build/pointcloud_publisher/pointcloud_publisher.egg-info to /root/ros2_ws/install/pointcloud_publisher/lib/python3.10/site-packages/pointcloud_publisher-0.0.0-py3.10.egg-info
running install_scripts
Installing pointcloud_publisher script to /root/ros2_ws/install/pointcloud_publisher/lib/pointcloud_publisher
writing list of installed files to '/root/ros2_ws/build/pointcloud_publisher/install.log'
