[0.021s] Invoking command in '/root/ros2_ws/build/prcp_object_fusion': CMAKE_PREFIX_PATH=${CMAKE_PREFIX_PATH}:/root/ros2_ws/install/eufs_tracks:/root/ros2_ws/install/detection:/root/ros2_ws/install/eufs_rqt:/root/ros2_ws/install/eufs_launcher:/root/ros2_ws/src/install/eufs_rqt:/root/ros2_ws/src/install/pointcloud_publisher:/root/ros2_ws/src/install/eufs_tracks:/root/ros2_ws/src/install/eufs_racecar:/root/ros2_ws/src/install/detection:/root/ros2_ws/install/eufs_racecar:/root/ros2_ws/install/pointcloud_publisher:/opt/ros/humble /usr/bin/cmake /root/ros2_ws/src/formula_student_packages/object_fusion -DCMAKE_INSTALL_PREFIX=/root/ros2_ws/install/prcp_object_fusion
[1.428s] -- The C compiler identification is GNU 11.4.0
[1.428s] -- The CXX compiler identification is GNU 11.4.0
[1.428s] -- Detecting C compiler ABI info
[1.428s] -- Detecting C compiler ABI info - done
[1.429s] -- Check for working C compiler: /usr/bin/cc - skipped
[1.429s] -- Detecting C compile features
[1.429s] -- Detecting C compile features - done
[1.429s] -- Detecting CXX compiler ABI info
[1.429s] -- Detecting CXX compiler ABI info - done
[1.429s] -- Check for working CXX compiler: /usr/bin/c++ - skipped
[1.430s] -- Detecting CXX compile features
[1.430s] -- Detecting CXX compile features - done
[1.430s] -- Found ament_cmake: 1.3.9 (/opt/ros/humble/share/ament_cmake/cmake)
[1.430s] -- Found Python3: /usr/bin/python3 (found version "3.10.12") found components: Interpreter 
[1.548s] -- Found rclcpp: 16.0.9 (/opt/ros/humble/share/rclcpp/cmake)
[1.664s] -- Found rosidl_generator_c: 3.1.5 (/opt/ros/humble/share/rosidl_generator_c/cmake)
[1.677s] -- Found rosidl_adapter: 3.1.5 (/opt/ros/humble/share/rosidl_adapter/cmake)
[1.701s] -- Found rosidl_generator_cpp: 3.1.5 (/opt/ros/humble/share/rosidl_generator_cpp/cmake)
[1.738s] -- Using all available rosidl_typesupport_c: rosidl_typesupport_fastrtps_c;rosidl_typesupport_introspection_c
[1.792s] -- Using all available rosidl_typesupport_cpp: rosidl_typesupport_fastrtps_cpp;rosidl_typesupport_introspection_cpp
[1.988s] -- Found rmw_implementation_cmake: 6.1.2 (/opt/ros/humble/share/rmw_implementation_cmake/cmake)
[1.996s] -- Found rmw_fastrtps_cpp: 6.2.6 (/opt/ros/humble/share/rmw_fastrtps_cpp/cmake)
[2.281s] -- Found OpenSSL: /usr/lib/x86_64-linux-gnu/libcrypto.so (found version "3.0.2")  
[2.347s] -- Found FastRTPS: /opt/ros/humble/include  
[2.480s] -- Using RMW implementation 'rmw_fastrtps_cpp' as default
[2.512s] -- Looking for pthread.h
[2.700s] -- Looking for pthread.h - found
[2.708s] -- Performing Test CMAKE_HAVE_LIBC_PTHREAD
[2.954s] -- Performing Test CMAKE_HAVE_LIBC_PTHREAD - Success
[2.954s] -- Found Threads: TRUE  
[3.549s] -- Found geometry_msgs: 4.2.4 (/opt/ros/humble/share/geometry_msgs/cmake)
[3.688s] -- Found visualization_msgs: 4.2.4 (/opt/ros/humble/share/visualization_msgs/cmake)
[4.328s] -- Found tf2_geometry_msgs: 0.25.7 (/opt/ros/humble/share/tf2_geometry_msgs/cmake)
[4.370s] -- Found eigen3_cmake_module: 0.1.1 (/opt/ros/humble/share/eigen3_cmake_module/cmake)
[4.375s] -- Found Eigen3: TRUE (found version "3.4.0") 
[4.376s] -- Ensuring Eigen3 include directory is part of orocos-kdl CMake target
[5.605s] -- Configuring done
[5.643s] -- Generating done
[5.644s] -- Build files have been written to: /root/ros2_ws/build/prcp_object_fusion
[5.669s] Invoked command in '/root/ros2_ws/build/prcp_object_fusion' returned '0': CMAKE_PREFIX_PATH=${CMAKE_PREFIX_PATH}:/root/ros2_ws/install/eufs_tracks:/root/ros2_ws/install/detection:/root/ros2_ws/install/eufs_rqt:/root/ros2_ws/install/eufs_launcher:/root/ros2_ws/src/install/eufs_rqt:/root/ros2_ws/src/install/pointcloud_publisher:/root/ros2_ws/src/install/eufs_tracks:/root/ros2_ws/src/install/eufs_racecar:/root/ros2_ws/src/install/detection:/root/ros2_ws/install/eufs_racecar:/root/ros2_ws/install/pointcloud_publisher:/opt/ros/humble /usr/bin/cmake /root/ros2_ws/src/formula_student_packages/object_fusion -DCMAKE_INSTALL_PREFIX=/root/ros2_ws/install/prcp_object_fusion
[5.692s] Invoking command in '/root/ros2_ws/build/prcp_object_fusion': CMAKE_PREFIX_PATH=${CMAKE_PREFIX_PATH}:/root/ros2_ws/install/eufs_tracks:/root/ros2_ws/install/detection:/root/ros2_ws/install/eufs_rqt:/root/ros2_ws/install/eufs_launcher:/root/ros2_ws/src/install/eufs_rqt:/root/ros2_ws/src/install/pointcloud_publisher:/root/ros2_ws/src/install/eufs_tracks:/root/ros2_ws/src/install/eufs_racecar:/root/ros2_ws/src/install/detection:/root/ros2_ws/install/eufs_racecar:/root/ros2_ws/install/pointcloud_publisher:/opt/ros/humble /usr/bin/cmake --build /root/ros2_ws/build/prcp_object_fusion -- -j8 -l8
[5.822s] [ 50%] [32mBuilding CXX object CMakeFiles/prcp_object_fusion.dir/src/object_fusion_runnable.cpp.o[0m
[6.707s] [01m[K/root/ros2_ws/src/formula_student_packages/object_fusion/src/object_fusion_runnable.cpp:78:9:[m[K [01;35m[Kwarning: [m[K"/*" within comment [[01;35m[K-Wcomment[m[K]
[6.707s]    78 |         /*try
[6.707s]       |          
[160.014s] [100%] [32m[1mLinking CXX executable prcp_object_fusion[0m
[162.188s] [100%] Built target prcp_object_fusion
