[0.097s] Invoking command in '/root/ros2_ws/build/publisher': CMAKE_PREFIX_PATH=${CMAKE_PREFIX_PATH}:/root/ros2_ws/install/yolov5_ros:/root/ros2_ws/install/pointcloud_publisher:/root/ros2_ws/install/detection:/opt/ros/humble /usr/bin/cmake --build /root/ros2_ws/build/publisher -- -j8 -l8
[0.273s] [  9%] [32mBuilding CXX object CMakeFiles/seeds_images.dir/src/seeds_images.cc.o[0m
[0.318s] [ 18%] [32mBuilding CXX object CMakeFiles/seeds_images.dir/include/publisher/seeds_util.cc.o[0m
[0.322s] [ 27%] [32mBuilding CXX object CMakeFiles/euroc_images.dir/src/euroc_images.cc.o[0m
[0.323s] [ 36%] [32mBuilding CXX object CMakeFiles/kitti_images.dir/include/publisher/kitti_util.cc.o[0m
[0.325s] [ 45%] [32mBuilding CXX object CMakeFiles/euroc_images.dir/include/publisher/euroc_util.cc.o[0m
[0.327s] [ 54%] [32mBuilding CXX object CMakeFiles/kitti_images.dir/src/kitti_images.cpp.o[0m
[0.351s] [ 63%] [32mBuilding CXX object CMakeFiles/openvslam_video.dir/src/openvslam_video.cc.o[0m
[7.293s] In file included from [01m[K/root/ros2_ws/src/dataset_publisher_ros2/src/publisher/src/seeds_images.cc:6[m[K:
[7.294s] [01m[K/opt/ros/humble/include/image_transport/image_transport/image_transport.h:32:89:[m[K [01;36m[Knote: [m[K‘[01m[K#pragma message: Warning: This header is deprecated. Use 'image_transport.hpp' instead[m[K’
[7.294s]    32 | #pragma message ("Warning: This header is deprecated. Use 'image_transport.hpp' instead"[01;36m[K)[m[K
[7.294s]       |                                                                                         [01;36m[K^[m[K
[7.367s] In file included from [01m[K/root/ros2_ws/src/dataset_publisher_ros2/src/publisher/src/openvslam_video.cc:4[m[K:
[7.368s] [01m[K/opt/ros/humble/include/image_transport/image_transport/image_transport.h:32:89:[m[K [01;36m[Knote: [m[K‘[01m[K#pragma message: Warning: This header is deprecated. Use 'image_transport.hpp' instead[m[K’
[7.368s]    32 | #pragma message ("Warning: This header is deprecated. Use 'image_transport.hpp' instead"[01;36m[K)[m[K
[7.368s]       |                                                                                         [01;36m[K^[m[K
[7.417s] In file included from [01m[K/root/ros2_ws/src/dataset_publisher_ros2/src/publisher/src/kitti_images.cpp:3[m[K:
[7.417s] [01m[K/opt/ros/humble/include/image_transport/image_transport/image_transport.h:32:89:[m[K [01;36m[Knote: [m[K‘[01m[K#pragma message: Warning: This header is deprecated. Use 'image_transport.hpp' instead[m[K’
[7.417s]    32 | image_transport.hpp' instead"[01;36m[K)[m[K
[7.417s]       |                              [01;36m[K^[m[K
[7.417s] 
[7.453s] In file included from [01m[K/root/ros2_ws/src/dataset_publisher_ros2/src/publisher/src/euroc_images.cc:3[m[K:
[7.453s] [01m[K/opt/ros/humble/include/image_transport/image_transport/image_transport.h:32:89:[m[K [01;36m[Knote: [m[K‘[01m[K#pragma message: Warning: This header is deprecated. Use 'image_transport.hpp' instead[m[K’
[7.454s]    32 | #pragma message ("Warning: This header is deprecated. Use 'image_transport.hpp' instead"[01;36m[K)[m[K
[7.454s]       |                                                                                         [01;36m[K^[m[K
[10.315s] [ 72%] [32m[1mLinking CXX executable openvslam_video[0m
[10.541s] [ 81%] [32m[1mLinking CXX executable seeds_images[0m
[10.676s] [ 90%] [32m[1mLinking CXX executable kitti_images[0m
[10.716s] [100%] [32m[1mLinking CXX executable euroc_images[0m
[11.800s] [100%] Built target seeds_images
[11.892s] [100%] Built target kitti_images
[11.927s] [100%] Built target openvslam_video
[11.930s] [100%] Built target euroc_images
