[0.149s] Invoking command in '/root/ros2_ws/build/cone_detection_lidar': CMAKE_PREFIX_PATH=/opt/ros/humble /usr/bin/cmake /root/ros2_ws/src/formula_student_packages/cone_detection_lidar -DAMENT_CMAKE_SYMLINK_INSTALL=1 -DCMAKE_INSTALL_PREFIX=/root/ros2_ws/install/cone_detection_lidar
[0.983s] -- Found ament_cmake: 1.3.9 (/opt/ros/humble/share/ament_cmake/cmake)
[0.983s] -- Override CMake install command with custom implementation using symlinks instead of copying resources
[0.984s] -- Found rclcpp: 16.0.9 (/opt/ros/humble/share/rclcpp/cmake)
[1.083s] -- Found rosidl_generator_c: 3.1.5 (/opt/ros/humble/share/rosidl_generator_c/cmake)
[1.102s] -- Found rosidl_adapter: 3.1.5 (/opt/ros/humble/share/rosidl_adapter/cmake)
[1.136s] -- Found rosidl_generator_cpp: 3.1.5 (/opt/ros/humble/share/rosidl_generator_cpp/cmake)
[1.206s] -- Using all available rosidl_typesupport_c: rosidl_typesupport_fastrtps_c;rosidl_typesupport_introspection_c
[1.278s] -- Using all available rosidl_typesupport_cpp: rosidl_typesupport_fastrtps_cpp;rosidl_typesupport_introspection_cpp
[1.521s] -- Found rmw_implementation_cmake: 6.1.2 (/opt/ros/humble/share/rmw_implementation_cmake/cmake)
[1.526s] -- Found rmw_fastrtps_cpp: 6.2.6 (/opt/ros/humble/share/rmw_fastrtps_cpp/cmake)
[1.952s] -- Using RMW implementation 'rmw_fastrtps_cpp' as default
[2.615s] -- Found sensor_msgs: 4.2.4 (/opt/ros/humble/share/sensor_msgs/cmake)
[3.021s] -- Found nav_msgs: 4.2.4 (/opt/ros/humble/share/nav_msgs/cmake)
[3.292s] -- Found visualization_msgs: 4.2.4 (/opt/ros/humble/share/visualization_msgs/cmake)
[3.704s] -- Found tf2: 0.25.7 (/opt/ros/humble/share/tf2/cmake)
[3.728s] -- Found tf2_msgs: 0.25.7 (/opt/ros/humble/share/tf2_msgs/cmake)
[4.176s] -- Found tf2_ros: 0.25.7 (/opt/ros/humble/share/tf2_ros/cmake)
[4.577s] -- Found tf2_geometry_msgs: 0.25.7 (/opt/ros/humble/share/tf2_geometry_msgs/cmake)
[4.590s] -- Found eigen3_cmake_module: 0.1.1 (/opt/ros/humble/share/eigen3_cmake_module/cmake)
[4.593s] -- Ensuring Eigen3 include directory is part of orocos-kdl CMake target
[4.617s] -- Found pcl_ros: 2.4.0 (/opt/ros/humble/share/pcl_ros/cmake)
[5.218s] -- Eigen found (include: /usr/include/eigen3, version: 3.4.0)
[5.279s] -- FLANN found (include: /usr/include, lib: /usr/lib/x86_64-linux-gnu/libflann_cpp.so)
[6.034s] -- OpenNI found (version: 1.5.4.0, include: /usr/include/ni, lib: /usr/lib/libOpenNI.so;libusb::libusb)
[6.052s] -- OpenNI2 found (version: 2.2.0.33, include: /usr/include/openni2, lib: /usr/lib/x86_64-linux-gnu/libOpenNI2.so;libusb::libusb)
[6.440s] -- Eigen found (include: /usr/include/eigen3, version: 3.4.0)
[6.454s] -- OpenNI found (version: 1.5.4.0, include: /usr/include/ni, lib: /usr/lib/libOpenNI.so;libusb::libusb)
[6.472s] -- OpenNI2 found (version: 2.2.0.33, include: /usr/include/openni2, lib: /usr/lib/x86_64-linux-gnu/libOpenNI2.so;libusb::libusb)
[6.761s] -- Found Qhull version 8.0.2
[7.040s] -- OpenNI found (version: 1.5.4.0, include: /usr/include/ni, lib: /usr/lib/libOpenNI.so;libusb::libusb)
[7.608s] -- Found ament_lint_auto: 0.12.11 (/opt/ros/humble/share/ament_lint_auto/cmake)
[7.767s] -- Added test 'cppcheck' to perform static code analysis on C / C++ code
[7.773s] -- Configured cppcheck include dirs: /root/ros2_ws/src/formula_student_packages/cone_detection_lidar/include
[7.773s] -- Configured cppcheck exclude dirs and/or files: 
[7.773s] -- Added test 'flake8' to check Python code syntax and style conventions
[7.775s] -- Added test 'lint_cmake' to check CMake code style
[7.775s] -- Added test 'pep257' to check Python code against some of the docstring style conventions in PEP 257
[7.778s] -- Added test 'uncrustify' to check C / C++ code style
[7.778s] -- Configured uncrustify additional arguments: 
[7.779s] -- Added test 'xmllint' to check XML markup files
[7.783s] -- Configuring done
[7.956s] -- Generating done
[7.964s] -- Build files have been written to: /root/ros2_ws/build/cone_detection_lidar
