[0.588s] Invoking command in '/root/ros2_ws/build/formula_student_bringup': CMAKE_PREFIX_PATH=${CMAKE_PREFIX_PATH}:/root/ros2_ws/install/yolov5_ros:/root/ros2_ws/install/pointcloud_publisher:/root/ros2_ws/install/detection:/opt/ros/humble /usr/bin/cmake --build /root/ros2_ws/build/formula_student_bringup -- -j8 -l8
[0.695s] Invoked command in '/root/ros2_ws/build/formula_student_bringup' returned '0': CMAKE_PREFIX_PATH=${CMAKE_PREFIX_PATH}:/root/ros2_ws/install/yolov5_ros:/root/ros2_ws/install/pointcloud_publisher:/root/ros2_ws/install/detection:/opt/ros/humble /usr/bin/cmake --build /root/ros2_ws/build/formula_student_bringup -- -j8 -l8
[0.841s] Invoking command in '/root/ros2_ws/build/formula_student_bringup': CMAKE_PREFIX_PATH=${CMAKE_PREFIX_PATH}:/root/ros2_ws/install/yolov5_ros:/root/ros2_ws/install/pointcloud_publisher:/root/ros2_ws/install/detection:/opt/ros/humble /usr/bin/cmake --install /root/ros2_ws/build/formula_student_bringup
[0.887s] -- Install configuration: ""
[0.889s] -- Execute custom install script
[0.895s] -- Up-to-date symlink: /root/ros2_ws/install/formula_student_bringup/share/formula_student_bringup/launch/tf_static.launch.py
[0.897s] -- Up-to-date symlink: /root/ros2_ws/install/formula_student_bringup/share/ament_index/resource_index/package_run_dependencies/formula_student_bringup
[0.898s] -- Up-to-date symlink: /root/ros2_ws/install/formula_student_bringup/share/ament_index/resource_index/parent_prefix_path/formula_student_bringup
[0.898s] -- Up-to-date symlink: /root/ros2_ws/install/formula_student_bringup/share/formula_student_bringup/environment/ament_prefix_path.sh
[0.898s] -- Up-to-date symlink: /root/ros2_ws/install/formula_student_bringup/share/formula_student_bringup/environment/ament_prefix_path.dsv
[0.898s] -- Up-to-date symlink: /root/ros2_ws/install/formula_student_bringup/share/formula_student_bringup/environment/path.sh
[0.899s] -- Up-to-date symlink: /root/ros2_ws/install/formula_student_bringup/share/formula_student_bringup/environment/path.dsv
[0.899s] -- Up-to-date symlink: /root/ros2_ws/install/formula_student_bringup/share/formula_student_bringup/local_setup.bash
[0.899s] -- Up-to-date symlink: /root/ros2_ws/install/formula_student_bringup/share/formula_student_bringup/local_setup.sh
[0.899s] -- Up-to-date symlink: /root/ros2_ws/install/formula_student_bringup/share/formula_student_bringup/local_setup.zsh
[0.900s] -- Up-to-date symlink: /root/ros2_ws/install/formula_student_bringup/share/formula_student_bringup/local_setup.dsv
[0.901s] -- Symlinking: /root/ros2_ws/install/formula_student_bringup/share/formula_student_bringup/package.dsv
[0.903s] -- Up-to-date symlink: /root/ros2_ws/install/formula_student_bringup/share/ament_index/resource_index/packages/formula_student_bringup
[0.903s] -- Up-to-date symlink: /root/ros2_ws/install/formula_student_bringup/share/formula_student_bringup/cmake/formula_student_bringupConfig.cmake
[0.905s] -- Up-to-date symlink: /root/ros2_ws/install/formula_student_bringup/share/formula_student_bringup/cmake/formula_student_bringupConfig-version.cmake
[0.905s] -- Up-to-date symlink: /root/ros2_ws/install/formula_student_bringup/share/formula_student_bringup/package.xml
[0.952s] Invoked command in '/root/ros2_ws/build/formula_student_bringup' returned '0': CMAKE_PREFIX_PATH=${CMAKE_PREFIX_PATH}:/root/ros2_ws/install/yolov5_ros:/root/ros2_ws/install/pointcloud_publisher:/root/ros2_ws/install/detection:/opt/ros/humble /usr/bin/cmake --install /root/ros2_ws/build/formula_student_bringup
