-- Found ament_cmake: 1.3.9 (/opt/ros/humble/share/ament_cmake/cmake)
-- Override CMake install command with custom implementation using symlinks instead of copying resources
-- Found rclcpp: 16.0.9 (/opt/ros/humble/share/rclcpp/cmake)
-- Found rosidl_generator_c: 3.1.5 (/opt/ros/humble/share/rosidl_generator_c/cmake)
-- Found rosidl_adapter: 3.1.5 (/opt/ros/humble/share/rosidl_adapter/cmake)
-- Found rosidl_generator_cpp: 3.1.5 (/opt/ros/humble/share/rosidl_generator_cpp/cmake)
-- Using all available rosidl_typesupport_c: rosidl_typesupport_fastrtps_c;rosidl_typesupport_introspection_c
-- Using all available rosidl_typesupport_cpp: rosidl_typesupport_fastrtps_cpp;rosidl_typesupport_introspection_cpp
-- Found rmw_implementation_cmake: 6.1.2 (/opt/ros/humble/share/rmw_implementation_cmake/cmake)
-- Found rmw_fastrtps_cpp: 6.2.6 (/opt/ros/humble/share/rmw_fastrtps_cpp/cmake)
-- Using RMW implementation 'rmw_fastrtps_cpp' as default
-- Found visualization_msgs: 4.2.4 (/opt/ros/humble/share/visualization_msgs/cmake)
-- Found tf2_geometry_msgs: 0.25.7 (/opt/ros/humble/share/tf2_geometry_msgs/cmake)
-- Found eigen3_cmake_module: 0.1.1 (/opt/ros/humble/share/eigen3_cmake_module/cmake)
-- Ensuring Eigen3 include directory is part of orocos-kdl CMake target
-- Found ament_lint_auto: 0.12.11 (/opt/ros/humble/share/ament_lint_auto/cmake)
-- Added test 'cppcheck' to perform static code analysis on C / C++ code
-- Configured cppcheck include dirs: /root/ros2_ws/src/formula_student_packages/cone_detection_camera/projection/include/projection;$<BUILD_INTERFACE:/root/ros2_ws/src/formula_student_packages/cone_detection_camera/projection/include>
-- Configured cppcheck exclude dirs and/or files: 
-- Added test 'lint_cmake' to check CMake code style
-- Added test 'uncrustify' to check C / C++ code style
-- Configured uncrustify additional arguments: 
-- Added test 'xmllint' to check XML markup files
-- Configuring done
-- Generating done
-- Build files have been written to: /root/ros2_ws/build/projection
[35m[1mConsolidate compiler generated dependencies of target cone_detection_camera[0m
[ 10%] [32m[1mLinking CXX executable cone_detection_camera[0m
[100%] Built target cone_detection_camera
-- Install configuration: ""
-- Execute custom install script
-- Symlinking: /root/ros2_ws/install/projection/lib/projection/cone_detection_camera
-- Symlinking: /root/ros2_ws/install/projection/share/ament_index/resource_index/package_run_dependencies/projection
-- Symlinking: /root/ros2_ws/install/projection/share/ament_index/resource_index/parent_prefix_path/projection
-- Symlinking: /root/ros2_ws/install/projection/share/projection/environment/ament_prefix_path.sh
-- Symlinking: /root/ros2_ws/install/projection/share/projection/environment/ament_prefix_path.dsv
-- Symlinking: /root/ros2_ws/install/projection/share/projection/environment/path.sh
-- Symlinking: /root/ros2_ws/install/projection/share/projection/environment/path.dsv
-- Symlinking: /root/ros2_ws/install/projection/share/projection/local_setup.bash
-- Symlinking: /root/ros2_ws/install/projection/share/projection/local_setup.sh
-- Symlinking: /root/ros2_ws/install/projection/share/projection/local_setup.zsh
-- Symlinking: /root/ros2_ws/install/projection/share/projection/local_setup.dsv
-- Symlinking: /root/ros2_ws/install/projection/share/projection/package.dsv
-- Symlinking: /root/ros2_ws/install/projection/share/ament_index/resource_index/packages/projection
-- Symlinking: /root/ros2_ws/install/projection/share/projection/cmake/projectionConfig.cmake
-- Symlinking: /root/ros2_ws/install/projection/share/projection/cmake/projectionConfig-version.cmake
-- Symlinking: /root/ros2_ws/install/projection/share/projection/package.xml
