[0.101s] Invoking command in '/root/ros2_ws/build/projection': CMAKE_PREFIX_PATH=/opt/ros/humble /usr/bin/cmake /root/ros2_ws/src/formula_student_packages/cone_detection_camera/projection -DAMENT_CMAKE_SYMLINK_INSTALL=1 -DCMAKE_INSTALL_PREFIX=/root/ros2_ws/install/projection
[0.414s] -- Found ament_cmake: 1.3.9 (/opt/ros/humble/share/ament_cmake/cmake)
[0.850s] -- Override CMake install command with custom implementation using symlinks instead of copying resources
[0.880s] -- Found rclcpp: 16.0.9 (/opt/ros/humble/share/rclcpp/cmake)
[1.032s] -- Found rosidl_generator_c: 3.1.5 (/opt/ros/humble/share/rosidl_generator_c/cmake)
[1.056s] -- Found rosidl_adapter: 3.1.5 (/opt/ros/humble/share/rosidl_adapter/cmake)
[1.098s] -- Found rosidl_generator_cpp: 3.1.5 (/opt/ros/humble/share/rosidl_generator_cpp/cmake)
[1.189s] -- Using all available rosidl_typesupport_c: rosidl_typesupport_fastrtps_c;rosidl_typesupport_introspection_c
[1.246s] -- Using all available rosidl_typesupport_cpp: rosidl_typesupport_fastrtps_cpp;rosidl_typesupport_introspection_cpp
[1.436s] -- Found rmw_implementation_cmake: 6.1.2 (/opt/ros/humble/share/rmw_implementation_cmake/cmake)
[1.440s] -- Found rmw_fastrtps_cpp: 6.2.6 (/opt/ros/humble/share/rmw_fastrtps_cpp/cmake)
[2.137s] -- Using RMW implementation 'rmw_fastrtps_cpp' as default
[2.688s] -- Found visualization_msgs: 4.2.4 (/opt/ros/humble/share/visualization_msgs/cmake)
[3.673s] -- Found tf2_geometry_msgs: 0.25.7 (/opt/ros/humble/share/tf2_geometry_msgs/cmake)
[3.688s] -- Found eigen3_cmake_module: 0.1.1 (/opt/ros/humble/share/eigen3_cmake_module/cmake)
[3.689s] -- Ensuring Eigen3 include directory is part of orocos-kdl CMake target
[5.069s] -- Found ament_lint_auto: 0.12.11 (/opt/ros/humble/share/ament_lint_auto/cmake)
[5.323s] -- Added test 'cppcheck' to perform static code analysis on C / C++ code
[5.323s] -- Configured cppcheck include dirs: /root/ros2_ws/src/formula_student_packages/cone_detection_camera/projection/include/projection;$<BUILD_INTERFACE:/root/ros2_ws/src/formula_student_packages/cone_detection_camera/projection/include>
[5.323s] -- Configured cppcheck exclude dirs and/or files: 
[5.329s] -- Added test 'lint_cmake' to check CMake code style
[5.335s] -- Added test 'uncrustify' to check C / C++ code style
[5.335s] -- Configured uncrustify additional arguments: 
[5.335s] -- Added test 'xmllint' to check XML markup files
[5.354s] -- Configuring done
[5.416s] -- Generating done
[5.423s] -- Build files have been written to: /root/ros2_ws/build/projection
[5.442s] Invoked command in '/root/ros2_ws/build/projection' returned '0': CMAKE_PREFIX_PATH=/opt/ros/humble /usr/bin/cmake /root/ros2_ws/src/formula_student_packages/cone_detection_camera/projection -DAMENT_CMAKE_SYMLINK_INSTALL=1 -DCMAKE_INSTALL_PREFIX=/root/ros2_ws/install/projection
[5.447s] Invoking command in '/root/ros2_ws/build/projection': CMAKE_PREFIX_PATH=/opt/ros/humble /usr/bin/cmake --build /root/ros2_ws/build/projection -- -j8 -l8
[5.587s] [35m[1mConsolidate compiler generated dependencies of target cone_detection_camera[0m
[5.663s] [ 10%] [32m[1mLinking CXX executable cone_detection_camera[0m
[6.987s] [100%] Built target cone_detection_camera
[7.027s] Invoked command in '/root/ros2_ws/build/projection' returned '0': CMAKE_PREFIX_PATH=/opt/ros/humble /usr/bin/cmake --build /root/ros2_ws/build/projection -- -j8 -l8
[7.190s] Invoking command in '/root/ros2_ws/build/projection': CMAKE_PREFIX_PATH=/opt/ros/humble /usr/bin/cmake --install /root/ros2_ws/build/projection
[7.214s] -- Install configuration: ""
[7.214s] -- Execute custom install script
[7.215s] -- Symlinking: /root/ros2_ws/install/projection/lib/projection/cone_detection_camera
[7.240s] -- Symlinking: /root/ros2_ws/install/projection/share/ament_index/resource_index/package_run_dependencies/projection
[7.265s] -- Symlinking: /root/ros2_ws/install/projection/share/ament_index/resource_index/parent_prefix_path/projection
[7.286s] -- Symlinking: /root/ros2_ws/install/projection/share/projection/environment/ament_prefix_path.sh
[7.308s] -- Symlinking: /root/ros2_ws/install/projection/share/projection/environment/ament_prefix_path.dsv
[7.331s] -- Symlinking: /root/ros2_ws/install/projection/share/projection/environment/path.sh
[7.349s] -- Symlinking: /root/ros2_ws/install/projection/share/projection/environment/path.dsv
[7.369s] -- Symlinking: /root/ros2_ws/install/projection/share/projection/local_setup.bash
[7.390s] -- Symlinking: /root/ros2_ws/install/projection/share/projection/local_setup.sh
[7.409s] -- Symlinking: /root/ros2_ws/install/projection/share/projection/local_setup.zsh
[7.424s] -- Symlinking: /root/ros2_ws/install/projection/share/projection/local_setup.dsv
[7.440s] -- Symlinking: /root/ros2_ws/install/projection/share/projection/package.dsv
[7.459s] -- Symlinking: /root/ros2_ws/install/projection/share/ament_index/resource_index/packages/projection
[7.475s] -- Symlinking: /root/ros2_ws/install/projection/share/projection/cmake/projectionConfig.cmake
[7.494s] -- Symlinking: /root/ros2_ws/install/projection/share/projection/cmake/projectionConfig-version.cmake
[7.511s] -- Symlinking: /root/ros2_ws/install/projection/share/projection/package.xml
[7.533s] Invoked command in '/root/ros2_ws/build/projection' returned '0': CMAKE_PREFIX_PATH=/opt/ros/humble /usr/bin/cmake --install /root/ros2_ws/build/projection
