-- Found ament_cmake: 1.3.9 (/opt/ros/humble/share/ament_cmake/cmake)
-- Override CMake install command with custom implementation using symlinks instead of copying resources
-- Found rclcpp: 16.0.9 (/opt/ros/humble/share/rclcpp/cmake)
-- Found rosidl_generator_c: 3.1.5 (/opt/ros/humble/share/rosidl_generator_c/cmake)
-- Found rosidl_adapter: 3.1.5 (/opt/ros/humble/share/rosidl_adapter/cmake)
-- Found rosidl_generator_cpp: 3.1.5 (/opt/ros/humble/share/rosidl_generator_cpp/cmake)
-- Using all available rosidl_typesupport_c: rosidl_typesupport_fastrtps_c;rosidl_typesupport_introspection_c
-- Using all available rosidl_typesupport_cpp: rosidl_typesupport_fastrtps_cpp;rosidl_typesupport_introspection_cpp
-- Found rmw_implementation_cmake: 6.1.2 (/opt/ros/humble/share/rmw_implementation_cmake/cmake)
-- Found rmw_fastrtps_cpp: 6.2.6 (/opt/ros/humble/share/rmw_fastrtps_cpp/cmake)
-- Using RMW implementation 'rmw_fastrtps_cpp' as default
-- Found sensor_msgs: 4.2.4 (/opt/ros/humble/share/sensor_msgs/cmake)
-- Found ament_lint_auto: 0.12.11 (/opt/ros/humble/share/ament_lint_auto/cmake)
-- Added test 'copyright' to check source files copyright and LICENSE
-- Added test 'cppcheck' to perform static code analysis on C / C++ code
-- Configured cppcheck include dirs: $<BUILD_INTERFACE:/root/ros2_ws/src/csv_to_pointcloud2_converter/include>
-- Configured cppcheck exclude dirs and/or files: 
-- Added test 'cpplint' to check C / C++ code against the Google style
-- Configured cpplint exclude dirs and/or files: 
-- Added test 'lint_cmake' to check CMake code style
-- Added test 'uncrustify' to check C / C++ code style
-- Configured uncrustify additional arguments: 
-- Added test 'xmllint' to check XML markup files
-- Configuring done
-- Generating done
-- Build files have been written to: /root/ros2_ws/build/csv_to_pointcloud2_converter
[35m[1mConsolidate compiler generated dependencies of target csv_to_pointcloud2_node[0m
[100%] Built target csv_to_pointcloud2_node
-- Install configuration: ""
-- Execute custom install script
-- Up-to-date symlink: /root/ros2_ws/install/csv_to_pointcloud2_converter/lib/csv_to_pointcloud2_converter/csv_to_pointcloud2_node
-- Up-to-date symlink: /root/ros2_ws/install/csv_to_pointcloud2_converter/share/ament_index/resource_index/package_run_dependencies/csv_to_pointcloud2_converter
-- Up-to-date symlink: /root/ros2_ws/install/csv_to_pointcloud2_converter/share/ament_index/resource_index/parent_prefix_path/csv_to_pointcloud2_converter
-- Up-to-date symlink: /root/ros2_ws/install/csv_to_pointcloud2_converter/share/csv_to_pointcloud2_converter/environment/ament_prefix_path.sh
-- Up-to-date symlink: /root/ros2_ws/install/csv_to_pointcloud2_converter/share/csv_to_pointcloud2_converter/environment/ament_prefix_path.dsv
-- Up-to-date symlink: /root/ros2_ws/install/csv_to_pointcloud2_converter/share/csv_to_pointcloud2_converter/environment/path.sh
-- Up-to-date symlink: /root/ros2_ws/install/csv_to_pointcloud2_converter/share/csv_to_pointcloud2_converter/environment/path.dsv
-- Up-to-date symlink: /root/ros2_ws/install/csv_to_pointcloud2_converter/share/csv_to_pointcloud2_converter/local_setup.bash
-- Up-to-date symlink: /root/ros2_ws/install/csv_to_pointcloud2_converter/share/csv_to_pointcloud2_converter/local_setup.sh
-- Up-to-date symlink: /root/ros2_ws/install/csv_to_pointcloud2_converter/share/csv_to_pointcloud2_converter/local_setup.zsh
-- Up-to-date symlink: /root/ros2_ws/install/csv_to_pointcloud2_converter/share/csv_to_pointcloud2_converter/local_setup.dsv
-- Symlinking: /root/ros2_ws/install/csv_to_pointcloud2_converter/share/csv_to_pointcloud2_converter/package.dsv
-- Up-to-date symlink: /root/ros2_ws/install/csv_to_pointcloud2_converter/share/ament_index/resource_index/packages/csv_to_pointcloud2_converter
-- Up-to-date symlink: /root/ros2_ws/install/csv_to_pointcloud2_converter/share/csv_to_pointcloud2_converter/cmake/csv_to_pointcloud2_converterConfig.cmake
-- Up-to-date symlink: /root/ros2_ws/install/csv_to_pointcloud2_converter/share/csv_to_pointcloud2_converter/cmake/csv_to_pointcloud2_converterConfig-version.cmake
-- Up-to-date symlink: /root/ros2_ws/install/csv_to_pointcloud2_converter/share/csv_to_pointcloud2_converter/package.xml
