[0.020s] Invoking command in '/root/ros2_ws/build/racetrack_simulator': CMAKE_PREFIX_PATH=/opt/ros/humble /usr/bin/cmake /root/ros2_ws/src/formula_student_packages/racetrack_simulator -DCMAKE_INSTALL_PREFIX=/root/ros2_ws/install/racetrack_simulator
[0.116s] -- Found ament_cmake: 1.3.9 (/opt/ros/humble/share/ament_cmake/cmake)
[0.394s] -- Override CMake install command with custom implementation using symlinks instead of copying resources
[0.411s] -- Found rclcpp: 16.0.9 (/opt/ros/humble/share/rclcpp/cmake)
[0.478s] -- Found rosidl_generator_c: 3.1.5 (/opt/ros/humble/share/rosidl_generator_c/cmake)
[0.484s] -- Found rosidl_adapter: 3.1.5 (/opt/ros/humble/share/rosidl_adapter/cmake)
[0.495s] -- Found rosidl_generator_cpp: 3.1.5 (/opt/ros/humble/share/rosidl_generator_cpp/cmake)
[0.514s] -- Using all available rosidl_typesupport_c: rosidl_typesupport_fastrtps_c;rosidl_typesupport_introspection_c
[0.547s] -- Using all available rosidl_typesupport_cpp: rosidl_typesupport_fastrtps_cpp;rosidl_typesupport_introspection_cpp
[0.707s] -- Found rmw_implementation_cmake: 6.1.2 (/opt/ros/humble/share/rmw_implementation_cmake/cmake)
[0.709s] -- Found rmw_fastrtps_cpp: 6.2.6 (/opt/ros/humble/share/rmw_fastrtps_cpp/cmake)
[0.977s] -- Using RMW implementation 'rmw_fastrtps_cpp' as default
[1.426s] -- Found sensor_msgs: 4.2.4 (/opt/ros/humble/share/sensor_msgs/cmake)
[1.693s] -- Found visualization_msgs: 4.2.4 (/opt/ros/humble/share/visualization_msgs/cmake)
[1.878s] -- Found pcl_ros: 2.4.0 (/opt/ros/humble/share/pcl_ros/cmake)
[2.271s] -- Found eigen3_cmake_module: 0.1.1 (/opt/ros/humble/share/eigen3_cmake_module/cmake)
[2.273s] -- Ensuring Eigen3 include directory is part of orocos-kdl CMake target
[2.844s] -- Eigen found (include: /usr/include/eigen3, version: 3.4.0)
[2.890s] -- FLANN found (include: /usr/include, lib: /usr/lib/x86_64-linux-gnu/libflann_cpp.so)
[3.303s] -- OpenNI found (version: 1.5.4.0, include: /usr/include/ni, lib: /usr/lib/libOpenNI.so;libusb::libusb)
[3.314s] -- OpenNI2 found (version: 2.2.0.33, include: /usr/include/openni2, lib: /usr/lib/x86_64-linux-gnu/libOpenNI2.so;libusb::libusb)
[3.524s] -- Eigen found (include: /usr/include/eigen3, version: 3.4.0)
[3.533s] -- OpenNI found (version: 1.5.4.0, include: /usr/include/ni, lib: /usr/lib/libOpenNI.so;libusb::libusb)
[3.543s] -- OpenNI2 found (version: 2.2.0.33, include: /usr/include/openni2, lib: /usr/lib/x86_64-linux-gnu/libOpenNI2.so;libusb::libusb)
[3.738s] -- Found Qhull version 8.0.2
[3.946s] -- OpenNI found (version: 1.5.4.0, include: /usr/include/ni, lib: /usr/lib/libOpenNI.so;libusb::libusb)
[4.393s] -- Found ament_lint_auto: 0.12.11 (/opt/ros/humble/share/ament_lint_auto/cmake)
[4.495s] -- Added test 'cppcheck' to perform static code analysis on C / C++ code
[4.499s] -- Configured cppcheck include dirs: /root/ros2_ws/src/formula_student_packages/racetrack_simulator/include
[4.499s] -- Configured cppcheck exclude dirs and/or files: 
[4.499s] -- Added test 'flake8' to check Python code syntax and style conventions
[4.500s] -- Added test 'lint_cmake' to check CMake code style
[4.501s] -- Added test 'pep257' to check Python code against some of the docstring style conventions in PEP 257
[4.502s] -- Added test 'uncrustify' to check C / C++ code style
[4.502s] -- Configured uncrustify additional arguments: 
[4.503s] -- Added test 'xmllint' to check XML markup files
[4.504s] -- Configuring done
[4.624s] -- Generating done
[4.629s] -- Build files have been written to: /root/ros2_ws/build/racetrack_simulator
[4.651s] Invoked command in '/root/ros2_ws/build/racetrack_simulator' returned '0': CMAKE_PREFIX_PATH=/opt/ros/humble /usr/bin/cmake /root/ros2_ws/src/formula_student_packages/racetrack_simulator -DCMAKE_INSTALL_PREFIX=/root/ros2_ws/install/racetrack_simulator
[4.654s] Invoking command in '/root/ros2_ws/build/racetrack_simulator': CMAKE_PREFIX_PATH=/opt/ros/humble /usr/bin/cmake --build /root/ros2_ws/build/racetrack_simulator -- -j8 -l8
[4.722s] [35m[1mConsolidate compiler generated dependencies of target accuracy_meter[0m
[4.722s] [35m[1mConsolidate compiler generated dependencies of target lidar_cone_sim[0m
[4.759s] [100%] Built target accuracy_meter
[4.759s] [100%] Built target lidar_cone_sim
[4.775s] Invoked command in '/root/ros2_ws/build/racetrack_simulator' returned '0': CMAKE_PREFIX_PATH=/opt/ros/humble /usr/bin/cmake --build /root/ros2_ws/build/racetrack_simulator -- -j8 -l8
[4.839s] Invoking command in '/root/ros2_ws/build/racetrack_simulator': CMAKE_PREFIX_PATH=/opt/ros/humble /usr/bin/cmake --install /root/ros2_ws/build/racetrack_simulator
[4.849s] -- Install configuration: ""
[4.849s] -- Execute custom install script
[4.850s] -- Up-to-date symlink: /root/ros2_ws/install/racetrack_simulator/share/racetrack_simulator/launch/accuracy_meter.launch.py
[4.850s] -- Up-to-date symlink: /root/ros2_ws/install/racetrack_simulator/share/racetrack_simulator/launch/lidar_cone_sim.launch.py
[4.851s] -- Up-to-date symlink: /root/ros2_ws/install/racetrack_simulator/lib/racetrack_simulator/lidar_cone_sim
[4.851s] -- Up-to-date symlink: /root/ros2_ws/install/racetrack_simulator/lib/racetrack_simulator/accuracy_meter
[4.851s] -- Up-to-date symlink: /root/ros2_ws/install/racetrack_simulator/share/ament_index/resource_index/package_run_dependencies/racetrack_simulator
[4.851s] -- Up-to-date symlink: /root/ros2_ws/install/racetrack_simulator/share/ament_index/resource_index/parent_prefix_path/racetrack_simulator
[4.852s] -- Up-to-date symlink: /root/ros2_ws/install/racetrack_simulator/share/racetrack_simulator/environment/ament_prefix_path.sh
[4.852s] -- Up-to-date symlink: /root/ros2_ws/install/racetrack_simulator/share/racetrack_simulator/environment/ament_prefix_path.dsv
[4.852s] -- Up-to-date symlink: /root/ros2_ws/install/racetrack_simulator/share/racetrack_simulator/environment/path.sh
[4.852s] -- Up-to-date symlink: /root/ros2_ws/install/racetrack_simulator/share/racetrack_simulator/environment/path.dsv
[4.853s] -- Up-to-date symlink: /root/ros2_ws/install/racetrack_simulator/share/racetrack_simulator/local_setup.bash
[4.853s] -- Up-to-date symlink: /root/ros2_ws/install/racetrack_simulator/share/racetrack_simulator/local_setup.sh
[4.853s] -- Up-to-date symlink: /root/ros2_ws/install/racetrack_simulator/share/racetrack_simulator/local_setup.zsh
[4.854s] -- Up-to-date symlink: /root/ros2_ws/install/racetrack_simulator/share/racetrack_simulator/local_setup.dsv
[4.854s] -- Symlinking: /root/ros2_ws/install/racetrack_simulator/share/racetrack_simulator/package.dsv
[4.866s] -- Up-to-date symlink: /root/ros2_ws/install/racetrack_simulator/share/ament_index/resource_index/packages/racetrack_simulator
[4.867s] -- Up-to-date symlink: /root/ros2_ws/install/racetrack_simulator/share/racetrack_simulator/cmake/racetrack_simulatorConfig.cmake
[4.867s] -- Up-to-date symlink: /root/ros2_ws/install/racetrack_simulator/share/racetrack_simulator/cmake/racetrack_simulatorConfig-version.cmake
[4.867s] -- Up-to-date symlink: /root/ros2_ws/install/racetrack_simulator/share/racetrack_simulator/package.xml
[4.871s] Invoked command in '/root/ros2_ws/build/racetrack_simulator' returned '0': CMAKE_PREFIX_PATH=/opt/ros/humble /usr/bin/cmake --install /root/ros2_ws/build/racetrack_simulator
