[0.162s] Invoking command in '/root/ros2_ws/build/publisher': CMAKE_PREFIX_PATH=${CMAKE_PREFIX_PATH}:/root/ros2_ws/install/yolov5_ros:/root/ros2_ws/install/pointcloud_publisher:/root/ros2_ws/install/detection:/opt/ros/humble /usr/bin/cmake /root/ros2_ws/src/dataset_publisher_ros2/src/publisher -DCMAKE_INSTALL_PREFIX=/root/ros2_ws/install/publisher
[0.379s] -- The C compiler identification is GNU 11.4.0
[0.610s] -- The CXX compiler identification is GNU 11.4.0
[0.623s] -- Detecting C compiler ABI info
[0.856s] -- Detecting C compiler ABI info - done
[0.891s] -- Check for working C compiler: /usr/bin/cc - skipped
[0.892s] -- Detecting C compile features
[0.893s] -- Detecting C compile features - done
[0.908s] -- Detecting CXX compiler ABI info
[1.124s] -- Detecting CXX compiler ABI info - done
[1.149s] -- Check for working CXX compiler: /usr/bin/c++ - skipped
[1.150s] -- Detecting CXX compile features
[1.152s] -- Detecting CXX compile features - done
[1.164s] -- Found ament_cmake: 1.3.9 (/opt/ros/humble/share/ament_cmake/cmake)
[1.543s] -- Found Python3: /usr/bin/python3 (found version "3.10.12") found components: Interpreter 
[1.888s] -- Found rclcpp: 16.0.9 (/opt/ros/humble/share/rclcpp/cmake)
[2.018s] -- Found rosidl_generator_c: 3.1.5 (/opt/ros/humble/share/rosidl_generator_c/cmake)
[2.034s] -- Found rosidl_adapter: 3.1.5 (/opt/ros/humble/share/rosidl_adapter/cmake)
[2.067s] -- Found rosidl_generator_cpp: 3.1.5 (/opt/ros/humble/share/rosidl_generator_cpp/cmake)
[2.113s] -- Using all available rosidl_typesupport_c: rosidl_typesupport_fastrtps_c;rosidl_typesupport_introspection_c
[2.172s] -- Using all available rosidl_typesupport_cpp: rosidl_typesupport_fastrtps_cpp;rosidl_typesupport_introspection_cpp
[2.362s] -- Found rmw_implementation_cmake: 6.1.2 (/opt/ros/humble/share/rmw_implementation_cmake/cmake)
[2.371s] -- Found rmw_fastrtps_cpp: 6.2.6 (/opt/ros/humble/share/rmw_fastrtps_cpp/cmake)
[2.584s] -- Found OpenSSL: /usr/lib/x86_64-linux-gnu/libcrypto.so (found version "3.0.2")  
[2.636s] -- Found FastRTPS: /opt/ros/humble/include  
[2.730s] -- Using RMW implementation 'rmw_fastrtps_cpp' as default
[2.755s] -- Looking for pthread.h
[2.892s] -- Looking for pthread.h - found
[2.893s] -- Performing Test CMAKE_HAVE_LIBC_PTHREAD
[3.022s] -- Performing Test CMAKE_HAVE_LIBC_PTHREAD - Success
[3.023s] -- Found Threads: TRUE  
[3.261s] -- Found cv_bridge: 3.2.1 (/opt/ros/humble/share/cv_bridge/cmake)
[3.472s] -- Found image_transport: 3.1.9 (/opt/ros/humble/share/image_transport/cmake)
[3.579s] -- Found OpenCV: /usr (found suitable version "4.5.4", minimum required is "4.0") 
[3.579s] -- Use OpenCV 4.5.4
[3.597s] -- Found ament_lint_auto: 0.12.11 (/opt/ros/humble/share/ament_lint_auto/cmake)
[3.746s] -- Added test 'copyright' to check source files copyright and LICENSE
[3.750s] -- Added test 'cppcheck' to perform static code analysis on C / C++ code
[3.751s] -- Configured cppcheck include dirs: /root/ros2_ws/src/dataset_publisher_ros2/src/publisher/../../3rd/popl/include;/root/ros2_ws/src/dataset_publisher_ros2/src/publisher/include/publisher;$<BUILD_INTERFACE:/root/ros2_ws/src/dataset_publisher_ros2/src/publisher/include>;/root/ros2_ws/src/dataset_publisher_ros2/src/publisher/rclcpp_INCLUDE_DIRS}
[3.751s] -- Configured cppcheck exclude dirs and/or files: 
[3.753s] -- Added test 'cpplint' to check C / C++ code against the Google style
[3.753s] -- Configured cpplint exclude dirs and/or files: 
[3.754s] -- Added test 'lint_cmake' to check CMake code style
[3.756s] -- Added test 'uncrustify' to check C / C++ code style
[3.757s] -- Configured uncrustify additional arguments: 
[3.758s] -- Added test 'xmllint' to check XML markup files
[3.760s] -- Configuring done
[4.109s] -- Generating done
[4.113s] -- Build files have been written to: /root/ros2_ws/build/publisher
