[0.899s] Invoking command in '/root/ros2_ws/build/lidar_cluster': CMAKE_PREFIX_PATH=/opt/ros/humble /usr/bin/cmake /root/ros2_ws/src/lidar_cluster_ros2 -DAMENT_CMAKE_SYMLINK_INSTALL=1 -DCMAKE_INSTALL_PREFIX=/root/ros2_ws/install/lidar_cluster
[0.954s] -- Found ament_cmake: 1.3.9 (/opt/ros/humble/share/ament_cmake/cmake)
[1.322s] -- Override CMake install command with custom implementation using symlinks instead of copying resources
[1.342s] -- Found rclcpp: 16.0.9 (/opt/ros/humble/share/rclcpp/cmake)
[1.423s] -- Found rosidl_generator_c: 3.1.5 (/opt/ros/humble/share/rosidl_generator_c/cmake)
[1.429s] -- Found rosidl_adapter: 3.1.5 (/opt/ros/humble/share/rosidl_adapter/cmake)
[1.444s] -- Found rosidl_generator_cpp: 3.1.5 (/opt/ros/humble/share/rosidl_generator_cpp/cmake)
[1.475s] -- Using all available rosidl_typesupport_c: rosidl_typesupport_fastrtps_c;rosidl_typesupport_introspection_c
[1.517s] -- Using all available rosidl_typesupport_cpp: rosidl_typesupport_fastrtps_cpp;rosidl_typesupport_introspection_cpp
[1.692s] -- Found rmw_implementation_cmake: 6.1.2 (/opt/ros/humble/share/rmw_implementation_cmake/cmake)
[1.695s] -- Found rmw_fastrtps_cpp: 6.2.6 (/opt/ros/humble/share/rmw_fastrtps_cpp/cmake)
[2.150s] -- Using RMW implementation 'rmw_fastrtps_cpp' as default
[2.678s] -- Found sensor_msgs: 4.2.4 (/opt/ros/humble/share/sensor_msgs/cmake)
[3.069s] -- Found visualization_msgs: 4.2.4 (/opt/ros/humble/share/visualization_msgs/cmake)
[3.445s] -- Found tf2: 0.25.7 (/opt/ros/humble/share/tf2/cmake)
[3.469s] -- Found tf2_msgs: 0.25.7 (/opt/ros/humble/share/tf2_msgs/cmake)
[3.899s] -- Found tf2_ros: 0.25.7 (/opt/ros/humble/share/tf2_ros/cmake)
[4.292s] -- Found tf2_geometry_msgs: 0.25.7 (/opt/ros/humble/share/tf2_geometry_msgs/cmake)
[4.304s] -- Found eigen3_cmake_module: 0.1.1 (/opt/ros/humble/share/eigen3_cmake_module/cmake)
[4.307s] -- Ensuring Eigen3 include directory is part of orocos-kdl CMake target
[4.332s] -- Found pcl_ros: 2.4.0 (/opt/ros/humble/share/pcl_ros/cmake)
[4.995s] -- Eigen found (include: /usr/include/eigen3, version: 3.4.0)
[5.077s] -- FLANN found (include: /usr/include, lib: /usr/lib/x86_64-linux-gnu/libflann_cpp.so)
[5.975s] -- OpenNI found (version: 1.5.4.0, include: /usr/include/ni, lib: /usr/lib/libOpenNI.so;libusb::libusb)
[5.991s] -- OpenNI2 found (version: 2.2.0.33, include: /usr/include/openni2, lib: /usr/lib/x86_64-linux-gnu/libOpenNI2.so;libusb::libusb)
[6.311s] -- Eigen found (include: /usr/include/eigen3, version: 3.4.0)
[6.327s] -- OpenNI found (version: 1.5.4.0, include: /usr/include/ni, lib: /usr/lib/libOpenNI.so;libusb::libusb)
[6.346s] -- OpenNI2 found (version: 2.2.0.33, include: /usr/include/openni2, lib: /usr/lib/x86_64-linux-gnu/libOpenNI2.so;libusb::libusb)
[6.630s] -- Found Qhull version 8.0.2
[6.930s] -- OpenNI found (version: 1.5.4.0, include: /usr/include/ni, lib: /usr/lib/libOpenNI.so;libusb::libusb)
[8.004s] -- Found ament_lint_auto: 0.12.11 (/opt/ros/humble/share/ament_lint_auto/cmake)
[8.147s] -- Added test 'cppcheck' to perform static code analysis on C / C++ code
[8.153s] -- Configured cppcheck include dirs: /root/ros2_ws/src/lidar_cluster_ros2/include
[8.153s] -- Configured cppcheck exclude dirs and/or files: 
[8.155s] -- Added test 'flake8' to check Python code syntax and style conventions
[8.157s] -- Added test 'lint_cmake' to check CMake code style
[8.158s] -- Added test 'pep257' to check Python code against some of the docstring style conventions in PEP 257
[8.165s] -- Added test 'uncrustify' to check C / C++ code style
[8.165s] -- Configured uncrustify additional arguments: 
[8.166s] -- Added test 'xmllint' to check XML markup files
[8.170s] -- Configuring done
[8.466s] -- Generating done
[8.473s] -- Build files have been written to: /root/ros2_ws/build/lidar_cluster
