[0.058s] Invoking command in '/root/ros2_ws/build/v4l2_camera': CMAKE_PREFIX_PATH=${CMAKE_PREFIX_PATH}:/root/ros2_ws/install/yolov5_ros:/root/ros2_ws/install/pointcloud_publisher:/root/ros2_ws/install/detection:/opt/ros/humble /usr/bin/cmake /root/ros2_ws/src/ros2_v4l2_camera -DCMAKE_INSTALL_PREFIX=/root/ros2_ws/install/v4l2_camera
[0.109s] -- Found ament_cmake_auto: 1.3.9 (/opt/ros/humble/share/ament_cmake_auto/cmake)
[0.846s] -- Found rosidl_generator_c: 3.1.5 (/opt/ros/humble/share/rosidl_generator_c/cmake)
[0.851s] -- Found rosidl_adapter: 3.1.5 (/opt/ros/humble/share/rosidl_adapter/cmake)
[0.867s] -- Found rosidl_generator_cpp: 3.1.5 (/opt/ros/humble/share/rosidl_generator_cpp/cmake)
[0.898s] -- Using all available rosidl_typesupport_c: rosidl_typesupport_fastrtps_c;rosidl_typesupport_introspection_c
[0.927s] -- Using all available rosidl_typesupport_cpp: rosidl_typesupport_fastrtps_cpp;rosidl_typesupport_introspection_cpp
[1.064s] -- Found rmw_implementation_cmake: 6.1.2 (/opt/ros/humble/share/rmw_implementation_cmake/cmake)
[1.066s] -- Found rmw_fastrtps_cpp: 6.2.6 (/opt/ros/humble/share/rmw_fastrtps_cpp/cmake)
[1.458s] -- Using RMW implementation 'rmw_fastrtps_cpp' as default
[2.315s] [0mCUDA_TOOLKIT_ROOT_DIR not found or specified[0m
[2.325s] -- Could NOT find CUDA (missing: CUDA_TOOLKIT_ROOT_DIR CUDA_NVCC_EXECUTABLE CUDA_INCLUDE_DIRS CUDA_CUDART_LIBRARY) 
[2.328s] [31mCMake Error at /opt/ros/humble/share/ament_cmake_target_dependencies/cmake/ament_target_dependencies.cmake:77 (message):
[2.329s]   ament_target_dependencies() the passed package name 'camera_info_manager'
[2.329s]   was not found before
[2.329s] Call Stack (most recent call first):
[2.329s]   CMakeLists.txt:50 (ament_target_dependencies)
[2.329s] 
[2.329s] [0m
[2.330s] -- Configuring incomplete, errors occurred!
[2.330s] See also "/root/ros2_ws/build/v4l2_camera/CMakeFiles/CMakeOutput.log".
[2.339s] Invoked command in '/root/ros2_ws/build/v4l2_camera' returned '1': CMAKE_PREFIX_PATH=${CMAKE_PREFIX_PATH}:/root/ros2_ws/install/yolov5_ros:/root/ros2_ws/install/pointcloud_publisher:/root/ros2_ws/install/detection:/opt/ros/humble /usr/bin/cmake /root/ros2_ws/src/ros2_v4l2_camera -DCMAKE_INSTALL_PREFIX=/root/ros2_ws/install/v4l2_camera
