[0.136s] Invoking command in '/root/ros2_ws/build/bboxes_ex_msgs': CMAKE_PREFIX_PATH=${CMAKE_PREFIX_PATH}:/root/ros2_ws/install/yolov5_ros:/root/ros2_ws/install/pointcloud_publisher:/root/ros2_ws/install/detection:/opt/ros/humble /usr/bin/cmake --build /root/ros2_ws/build/bboxes_ex_msgs -- -j8 -l8
[0.669s] [  2%] Built target bboxes_ex_msgs__cpp
[0.671s] [ 12%] Built target bboxes_ex_msgs__rosidl_generator_c
[0.672s] [ 12%] Built target ament_cmake_python_symlink_bboxes_ex_msgs
[0.672s] [ 23%] Built target bboxes_ex_msgs__rosidl_typesupport_introspection_cpp
[0.672s] [ 33%] Built target bboxes_ex_msgs__rosidl_typesupport_cpp
[0.673s] [ 43%] Built target bboxes_ex_msgs__rosidl_typesupport_fastrtps_cpp
[0.673s] [ 53%] Built target bboxes_ex_msgs__rosidl_typesupport_introspection_c
[0.673s] [ 64%] Built target bboxes_ex_msgs__rosidl_typesupport_c
[0.673s] [ 74%] Built target bboxes_ex_msgs__rosidl_typesupport_fastrtps_c
[0.673s] [ 74%] Built target bboxes_ex_msgs
[0.673s] [ 76%] Built target bboxes_ex_msgs__py
[0.673s] [ 84%] Built target bboxes_ex_msgs__rosidl_generator_py
[0.673s] [ 89%] Built target bboxes_ex_msgs__rosidl_typesupport_fastrtps_c__pyext
[0.674s] [100%] Built target bboxes_ex_msgs__rosidl_typesupport_c__pyext
[0.674s] [100%] Built target bboxes_ex_msgs__rosidl_typesupport_introspection_c__pyext
[0.704s] running egg_info
[0.707s] writing bboxes_ex_msgs.egg-info/PKG-INFO
[0.711s] writing dependency_links to bboxes_ex_msgs.egg-info/dependency_links.txt
[0.713s] writing top-level names to bboxes_ex_msgs.egg-info/top_level.txt
[0.715s] reading manifest file 'bboxes_ex_msgs.egg-info/SOURCES.txt'
[0.718s] writing manifest file 'bboxes_ex_msgs.egg-info/SOURCES.txt'
[0.818s] [100%] Built target ament_cmake_python_build_bboxes_ex_msgs_egg
[0.889s] Invoked command in '/root/ros2_ws/build/bboxes_ex_msgs' returned '0': CMAKE_PREFIX_PATH=${CMAKE_PREFIX_PATH}:/root/ros2_ws/install/yolov5_ros:/root/ros2_ws/install/pointcloud_publisher:/root/ros2_ws/install/detection:/opt/ros/humble /usr/bin/cmake --build /root/ros2_ws/build/bboxes_ex_msgs -- -j8 -l8
[1.617s] Invoking command in '/root/ros2_ws/build/bboxes_ex_msgs': CMAKE_PREFIX_PATH=${CMAKE_PREFIX_PATH}:/root/ros2_ws/install/yolov5_ros:/root/ros2_ws/install/pointcloud_publisher:/root/ros2_ws/install/detection:/opt/ros/humble /usr/bin/cmake --install /root/ros2_ws/build/bboxes_ex_msgs
[1.689s] -- Install configuration: ""
[1.690s] -- Execute custom install script
[1.690s] -- Up-to-date symlink: /root/ros2_ws/install/bboxes_ex_msgs/share/ament_index/resource_index/rosidl_interfaces/bboxes_ex_msgs
[1.691s] -- Up-to-date symlink: /root/ros2_ws/install/bboxes_ex_msgs/include/bboxes_ex_msgs/bboxes_ex_msgs/msg/bounding_box.h
[1.692s] -- Up-to-date symlink: /root/ros2_ws/install/bboxes_ex_msgs/include/bboxes_ex_msgs/bboxes_ex_msgs/msg/bounding_boxes.h
[1.693s] -- Up-to-date symlink: /root/ros2_ws/install/bboxes_ex_msgs/include/bboxes_ex_msgs/bboxes_ex_msgs/msg/detail/bounding_box__functions.h
[1.694s] -- Up-to-date symlink: /root/ros2_ws/install/bboxes_ex_msgs/include/bboxes_ex_msgs/bboxes_ex_msgs/msg/detail/bounding_box__struct.h
[1.694s] -- Up-to-date symlink: /root/ros2_ws/install/bboxes_ex_msgs/include/bboxes_ex_msgs/bboxes_ex_msgs/msg/detail/bounding_box__type_support.h
[1.695s] -- Up-to-date symlink: /root/ros2_ws/install/bboxes_ex_msgs/include/bboxes_ex_msgs/bboxes_ex_msgs/msg/detail/bounding_boxes__functions.h
[1.697s] -- Up-to-date symlink: /root/ros2_ws/install/bboxes_ex_msgs/include/bboxes_ex_msgs/bboxes_ex_msgs/msg/detail/bounding_boxes__struct.h
[1.697s] -- Up-to-date symlink: /root/ros2_ws/install/bboxes_ex_msgs/include/bboxes_ex_msgs/bboxes_ex_msgs/msg/detail/bounding_boxes__type_support.h
[1.697s] -- Up-to-date symlink: /root/ros2_ws/install/bboxes_ex_msgs/include/bboxes_ex_msgs/bboxes_ex_msgs/msg/rosidl_generator_c__visibility_control.h
[1.698s] -- Up-to-date symlink: /root/ros2_ws/install/bboxes_ex_msgs/share/bboxes_ex_msgs/environment/library_path.sh
[1.698s] -- Up-to-date symlink: /root/ros2_ws/install/bboxes_ex_msgs/share/bboxes_ex_msgs/environment/library_path.dsv
[1.699s] -- Up-to-date symlink: /root/ros2_ws/install/bboxes_ex_msgs/include/bboxes_ex_msgs/bboxes_ex_msgs/msg/detail/bounding_box__rosidl_typesupport_fastrtps_c.h
[1.699s] -- Up-to-date symlink: /root/ros2_ws/install/bboxes_ex_msgs/include/bboxes_ex_msgs/bboxes_ex_msgs/msg/detail/bounding_boxes__rosidl_typesupport_fastrtps_c.h
[1.700s] -- Up-to-date symlink: /root/ros2_ws/install/bboxes_ex_msgs/include/bboxes_ex_msgs/bboxes_ex_msgs/msg/rosidl_typesupport_fastrtps_c__visibility_control.h
[1.700s] -- Up-to-date symlink: /root/ros2_ws/install/bboxes_ex_msgs/include/bboxes_ex_msgs/bboxes_ex_msgs/msg/bounding_box.hpp
[1.701s] -- Up-to-date symlink: /root/ros2_ws/install/bboxes_ex_msgs/include/bboxes_ex_msgs/bboxes_ex_msgs/msg/bounding_boxes.hpp
[1.701s] -- Up-to-date symlink: /root/ros2_ws/install/bboxes_ex_msgs/include/bboxes_ex_msgs/bboxes_ex_msgs/msg/detail/bounding_box__builder.hpp
[1.701s] -- Up-to-date symlink: /root/ros2_ws/install/bboxes_ex_msgs/include/bboxes_ex_msgs/bboxes_ex_msgs/msg/detail/bounding_box__struct.hpp
[1.702s] -- Up-to-date symlink: /root/ros2_ws/install/bboxes_ex_msgs/include/bboxes_ex_msgs/bboxes_ex_msgs/msg/detail/bounding_box__traits.hpp
[1.702s] -- Up-to-date symlink: /root/ros2_ws/install/bboxes_ex_msgs/include/bboxes_ex_msgs/bboxes_ex_msgs/msg/detail/bounding_boxes__builder.hpp
[1.704s] -- Up-to-date symlink: /root/ros2_ws/install/bboxes_ex_msgs/include/bboxes_ex_msgs/bboxes_ex_msgs/msg/detail/bounding_boxes__struct.hpp
[1.704s] -- Up-to-date symlink: /root/ros2_ws/install/bboxes_ex_msgs/include/bboxes_ex_msgs/bboxes_ex_msgs/msg/detail/bounding_boxes__traits.hpp
[1.705s] -- Up-to-date symlink: /root/ros2_ws/install/bboxes_ex_msgs/include/bboxes_ex_msgs/bboxes_ex_msgs/msg/detail/bounding_box__rosidl_typesupport_fastrtps_cpp.hpp
[1.705s] -- Up-to-date symlink: /root/ros2_ws/install/bboxes_ex_msgs/include/bboxes_ex_msgs/bboxes_ex_msgs/msg/detail/bounding_boxes__rosidl_typesupport_fastrtps_cpp.hpp
[1.706s] -- Up-to-date symlink: /root/ros2_ws/install/bboxes_ex_msgs/include/bboxes_ex_msgs/bboxes_ex_msgs/msg/rosidl_typesupport_fastrtps_cpp__visibility_control.h
[1.707s] -- Up-to-date symlink: /root/ros2_ws/install/bboxes_ex_msgs/include/bboxes_ex_msgs/bboxes_ex_msgs/msg/detail/bounding_box__rosidl_typesupport_introspection_c.h
[1.707s] -- Up-to-date symlink: /root/ros2_ws/install/bboxes_ex_msgs/include/bboxes_ex_msgs/bboxes_ex_msgs/msg/detail/bounding_boxes__rosidl_typesupport_introspection_c.h
[1.707s] -- Up-to-date symlink: /root/ros2_ws/install/bboxes_ex_msgs/include/bboxes_ex_msgs/bboxes_ex_msgs/msg/rosidl_typesupport_introspection_c__visibility_control.h
[1.708s] -- Up-to-date symlink: /root/ros2_ws/install/bboxes_ex_msgs/include/bboxes_ex_msgs/bboxes_ex_msgs/msg/detail/bounding_box__rosidl_typesupport_introspection_cpp.hpp
[1.708s] -- Up-to-date symlink: /root/ros2_ws/install/bboxes_ex_msgs/include/bboxes_ex_msgs/bboxes_ex_msgs/msg/detail/bounding_boxes__rosidl_typesupport_introspection_cpp.hpp
[1.709s] -- Up-to-date symlink: /root/ros2_ws/install/bboxes_ex_msgs/share/bboxes_ex_msgs/environment/pythonpath.sh
[1.709s] -- Up-to-date symlink: /root/ros2_ws/install/bboxes_ex_msgs/share/bboxes_ex_msgs/environment/pythonpath.dsv
[1.710s] -- Up-to-date symlink: /root/ros2_ws/install/bboxes_ex_msgs/local/lib/python3.10/dist-packages/bboxes_ex_msgs-0.0.0-py3.10.egg-info/PKG-INFO
[1.711s] -- Up-to-date symlink: /root/ros2_ws/install/bboxes_ex_msgs/local/lib/python3.10/dist-packages/bboxes_ex_msgs-0.0.0-py3.10.egg-info/SOURCES.txt
[1.711s] -- Up-to-date symlink: /root/ros2_ws/install/bboxes_ex_msgs/local/lib/python3.10/dist-packages/bboxes_ex_msgs-0.0.0-py3.10.egg-info/dependency_links.txt
[1.712s] -- Up-to-date symlink: /root/ros2_ws/install/bboxes_ex_msgs/local/lib/python3.10/dist-packages/bboxes_ex_msgs-0.0.0-py3.10.egg-info/top_level.txt
[1.713s] -- Up-to-date symlink: /root/ros2_ws/install/bboxes_ex_msgs/local/lib/python3.10/dist-packages/bboxes_ex_msgs/__init__.py
[1.713s] -- Up-to-date symlink: /root/ros2_ws/install/bboxes_ex_msgs/local/lib/python3.10/dist-packages/bboxes_ex_msgs/_bboxes_ex_msgs_s.ep.rosidl_typesupport_c.c
[1.713s] -- Up-to-date symlink: /root/ros2_ws/install/bboxes_ex_msgs/local/lib/python3.10/dist-packages/bboxes_ex_msgs/_bboxes_ex_msgs_s.ep.rosidl_typesupport_fastrtps_c.c
[1.714s] -- Up-to-date symlink: /root/ros2_ws/install/bboxes_ex_msgs/local/lib/python3.10/dist-packages/bboxes_ex_msgs/_bboxes_ex_msgs_s.ep.rosidl_typesupport_introspection_c.c
[1.714s] -- Up-to-date symlink: /root/ros2_ws/install/bboxes_ex_msgs/local/lib/python3.10/dist-packages/bboxes_ex_msgs/bboxes_ex_msgs_s__rosidl_typesupport_c.cpython-310-x86_64-linux-gnu.so
[1.714s] -- Up-to-date symlink: /root/ros2_ws/install/bboxes_ex_msgs/local/lib/python3.10/dist-packages/bboxes_ex_msgs/bboxes_ex_msgs_s__rosidl_typesupport_fastrtps_c.cpython-310-x86_64-linux-gnu.so
[1.715s] -- Up-to-date symlink: /root/ros2_ws/install/bboxes_ex_msgs/local/lib/python3.10/dist-packages/bboxes_ex_msgs/bboxes_ex_msgs_s__rosidl_typesupport_introspection_c.cpython-310-x86_64-linux-gnu.so
[1.715s] -- Up-to-date symlink: /root/ros2_ws/install/bboxes_ex_msgs/local/lib/python3.10/dist-packages/bboxes_ex_msgs/libbboxes_ex_msgs__rosidl_generator_py.so
[1.716s] -- Up-to-date symlink: /root/ros2_ws/install/bboxes_ex_msgs/local/lib/python3.10/dist-packages/bboxes_ex_msgs/msg/__init__.py
[1.717s] -- Up-to-date symlink: /root/ros2_ws/install/bboxes_ex_msgs/local/lib/python3.10/dist-packages/bboxes_ex_msgs/msg/_bounding_box.py
[1.717s] -- Up-to-date symlink: /root/ros2_ws/install/bboxes_ex_msgs/local/lib/python3.10/dist-packages/bboxes_ex_msgs/msg/_bounding_box_s.c
[1.717s] -- Up-to-date symlink: /root/ros2_ws/install/bboxes_ex_msgs/local/lib/python3.10/dist-packages/bboxes_ex_msgs/msg/_bounding_boxes.py
[1.717s] -- Up-to-date symlink: /root/ros2_ws/install/bboxes_ex_msgs/local/lib/python3.10/dist-packages/bboxes_ex_msgs/msg/_bounding_boxes_s.c
[1.717s] -- Up-to-date symlink: /root/ros2_ws/install/bboxes_ex_msgs/local/lib/python3.10/dist-packages/bboxes_ex_msgs/bboxes_ex_msgs_s__rosidl_typesupport_fastrtps_c.cpython-310-x86_64-linux-gnu.so
[1.717s] -- Up-to-date symlink: /root/ros2_ws/install/bboxes_ex_msgs/local/lib/python3.10/dist-packages/bboxes_ex_msgs/bboxes_ex_msgs_s__rosidl_typesupport_introspection_c.cpython-310-x86_64-linux-gnu.so
[1.717s] -- Up-to-date symlink: /root/ros2_ws/install/bboxes_ex_msgs/local/lib/python3.10/dist-packages/bboxes_ex_msgs/bboxes_ex_msgs_s__rosidl_typesupport_c.cpython-310-x86_64-linux-gnu.so
[1.718s] -- Up-to-date symlink: /root/ros2_ws/install/bboxes_ex_msgs/share/bboxes_ex_msgs/msg/BoundingBox.idl
[1.718s] -- Up-to-date symlink: /root/ros2_ws/install/bboxes_ex_msgs/share/bboxes_ex_msgs/msg/BoundingBoxes.idl
[1.718s] -- Up-to-date symlink: /root/ros2_ws/install/bboxes_ex_msgs/share/bboxes_ex_msgs/msg/BoundingBox.msg
[1.718s] -- Up-to-date symlink: /root/ros2_ws/install/bboxes_ex_msgs/share/bboxes_ex_msgs/msg/BoundingBoxes.msg
[1.718s] -- Up-to-date symlink: /root/ros2_ws/install/bboxes_ex_msgs/share/ament_index/resource_index/package_run_dependencies/bboxes_ex_msgs
[1.718s] -- Up-to-date symlink: /root/ros2_ws/install/bboxes_ex_msgs/share/ament_index/resource_index/parent_prefix_path/bboxes_ex_msgs
[1.718s] -- Up-to-date symlink: /root/ros2_ws/install/bboxes_ex_msgs/share/bboxes_ex_msgs/environment/ament_prefix_path.sh
[1.718s] -- Up-to-date symlink: /root/ros2_ws/install/bboxes_ex_msgs/share/bboxes_ex_msgs/environment/ament_prefix_path.dsv
[1.718s] -- Up-to-date symlink: /root/ros2_ws/install/bboxes_ex_msgs/share/bboxes_ex_msgs/environment/path.sh
[1.718s] -- Up-to-date symlink: /root/ros2_ws/install/bboxes_ex_msgs/share/bboxes_ex_msgs/environment/path.dsv
[1.718s] -- Up-to-date symlink: /root/ros2_ws/install/bboxes_ex_msgs/share/bboxes_ex_msgs/local_setup.bash
[1.719s] -- Up-to-date symlink: /root/ros2_ws/install/bboxes_ex_msgs/share/bboxes_ex_msgs/local_setup.sh
[1.720s] -- Up-to-date symlink: /root/ros2_ws/install/bboxes_ex_msgs/share/bboxes_ex_msgs/local_setup.zsh
[1.720s] -- Up-to-date symlink: /root/ros2_ws/install/bboxes_ex_msgs/share/bboxes_ex_msgs/local_setup.dsv
[1.720s] -- Symlinking: /root/ros2_ws/install/bboxes_ex_msgs/share/bboxes_ex_msgs/package.dsv
[1.721s] -- Up-to-date symlink: /root/ros2_ws/install/bboxes_ex_msgs/share/ament_index/resource_index/packages/bboxes_ex_msgs
[1.721s] -- Up-to-date symlink: /root/ros2_ws/install/bboxes_ex_msgs/share/bboxes_ex_msgs/cmake/rosidl_cmake-extras.cmake
[1.721s] -- Up-to-date symlink: /root/ros2_ws/install/bboxes_ex_msgs/share/bboxes_ex_msgs/cmake/ament_cmake_export_dependencies-extras.cmake
[1.723s] -- Up-to-date symlink: /root/ros2_ws/install/bboxes_ex_msgs/share/bboxes_ex_msgs/cmake/ament_cmake_export_include_directories-extras.cmake
[1.723s] -- Up-to-date symlink: /root/ros2_ws/install/bboxes_ex_msgs/share/bboxes_ex_msgs/cmake/ament_cmake_export_libraries-extras.cmake
[1.723s] -- Up-to-date symlink: /root/ros2_ws/install/bboxes_ex_msgs/share/bboxes_ex_msgs/cmake/ament_cmake_export_targets-extras.cmake
[1.724s] -- Up-to-date symlink: /root/ros2_ws/install/bboxes_ex_msgs/share/bboxes_ex_msgs/cmake/rosidl_cmake_export_typesupport_targets-extras.cmake
[1.724s] -- Up-to-date symlink: /root/ros2_ws/install/bboxes_ex_msgs/share/bboxes_ex_msgs/cmake/rosidl_cmake_export_typesupport_libraries-extras.cmake
[1.725s] -- Up-to-date symlink: /root/ros2_ws/install/bboxes_ex_msgs/share/bboxes_ex_msgs/cmake/bboxes_ex_msgsConfig.cmake
[1.725s] -- Up-to-date symlink: /root/ros2_ws/install/bboxes_ex_msgs/share/bboxes_ex_msgs/cmake/bboxes_ex_msgsConfig-version.cmake
[1.725s] -- Up-to-date symlink: /root/ros2_ws/install/bboxes_ex_msgs/share/bboxes_ex_msgs/package.xml
[1.726s] -- Up-to-date: /root/ros2_ws/install/bboxes_ex_msgs/lib/libbboxes_ex_msgs__rosidl_generator_c.so
[1.726s] -- Up-to-date: /root/ros2_ws/install/bboxes_ex_msgs/lib/libbboxes_ex_msgs__rosidl_typesupport_fastrtps_c.so
[1.727s] -- Up-to-date: /root/ros2_ws/install/bboxes_ex_msgs/lib/libbboxes_ex_msgs__rosidl_typesupport_fastrtps_cpp.so
[1.728s] -- Up-to-date: /root/ros2_ws/install/bboxes_ex_msgs/lib/libbboxes_ex_msgs__rosidl_typesupport_introspection_c.so
[1.728s] -- Up-to-date: /root/ros2_ws/install/bboxes_ex_msgs/lib/libbboxes_ex_msgs__rosidl_typesupport_c.so
[1.729s] -- Up-to-date: /root/ros2_ws/install/bboxes_ex_msgs/lib/libbboxes_ex_msgs__rosidl_typesupport_introspection_cpp.so
[1.729s] -- Up-to-date: /root/ros2_ws/install/bboxes_ex_msgs/lib/libbboxes_ex_msgs__rosidl_typesupport_cpp.so
[1.783s] Listing '/root/ros2_ws/install/bboxes_ex_msgs/local/lib/python3.10/dist-packages/bboxes_ex_msgs'...
[1.784s] Listing '/root/ros2_ws/install/bboxes_ex_msgs/local/lib/python3.10/dist-packages/bboxes_ex_msgs/msg'...
[1.795s] -- Up-to-date: /root/ros2_ws/install/bboxes_ex_msgs/lib/libbboxes_ex_msgs__rosidl_generator_py.so
[1.796s] -- Up-to-date: /root/ros2_ws/install/bboxes_ex_msgs/share/bboxes_ex_msgs/cmake/export_bboxes_ex_msgs__rosidl_generator_cExport.cmake
[1.803s] -- Up-to-date: /root/ros2_ws/install/bboxes_ex_msgs/share/bboxes_ex_msgs/cmake/export_bboxes_ex_msgs__rosidl_generator_cExport-noconfig.cmake
[1.804s] -- Up-to-date: /root/ros2_ws/install/bboxes_ex_msgs/share/bboxes_ex_msgs/cmake/export_bboxes_ex_msgs__rosidl_typesupport_fastrtps_cExport.cmake
[1.805s] -- Up-to-date: /root/ros2_ws/install/bboxes_ex_msgs/share/bboxes_ex_msgs/cmake/export_bboxes_ex_msgs__rosidl_typesupport_fastrtps_cExport-noconfig.cmake
[1.805s] -- Up-to-date: /root/ros2_ws/install/bboxes_ex_msgs/share/bboxes_ex_msgs/cmake/export_bboxes_ex_msgs__rosidl_generator_cppExport.cmake
[1.805s] -- Up-to-date: /root/ros2_ws/install/bboxes_ex_msgs/share/bboxes_ex_msgs/cmake/export_bboxes_ex_msgs__rosidl_typesupport_fastrtps_cppExport.cmake
[1.806s] -- Up-to-date: /root/ros2_ws/install/bboxes_ex_msgs/share/bboxes_ex_msgs/cmake/export_bboxes_ex_msgs__rosidl_typesupport_fastrtps_cppExport-noconfig.cmake
[1.806s] -- Up-to-date: /root/ros2_ws/install/bboxes_ex_msgs/share/bboxes_ex_msgs/cmake/bboxes_ex_msgs__rosidl_typesupport_introspection_cExport.cmake
[1.808s] -- Up-to-date: /root/ros2_ws/install/bboxes_ex_msgs/share/bboxes_ex_msgs/cmake/bboxes_ex_msgs__rosidl_typesupport_introspection_cExport-noconfig.cmake
[1.809s] -- Up-to-date: /root/ros2_ws/install/bboxes_ex_msgs/share/bboxes_ex_msgs/cmake/bboxes_ex_msgs__rosidl_typesupport_cExport.cmake
[1.811s] -- Up-to-date: /root/ros2_ws/install/bboxes_ex_msgs/share/bboxes_ex_msgs/cmake/bboxes_ex_msgs__rosidl_typesupport_cExport-noconfig.cmake
[1.811s] -- Up-to-date: /root/ros2_ws/install/bboxes_ex_msgs/share/bboxes_ex_msgs/cmake/bboxes_ex_msgs__rosidl_typesupport_introspection_cppExport.cmake
[1.812s] -- Up-to-date: /root/ros2_ws/install/bboxes_ex_msgs/share/bboxes_ex_msgs/cmake/bboxes_ex_msgs__rosidl_typesupport_introspection_cppExport-noconfig.cmake
[1.812s] -- Up-to-date: /root/ros2_ws/install/bboxes_ex_msgs/share/bboxes_ex_msgs/cmake/bboxes_ex_msgs__rosidl_typesupport_cppExport.cmake
[1.812s] -- Up-to-date: /root/ros2_ws/install/bboxes_ex_msgs/share/bboxes_ex_msgs/cmake/bboxes_ex_msgs__rosidl_typesupport_cppExport-noconfig.cmake
[1.813s] -- Up-to-date: /root/ros2_ws/install/bboxes_ex_msgs/share/bboxes_ex_msgs/cmake/export_bboxes_ex_msgs__rosidl_generator_pyExport.cmake
[1.813s] -- Up-to-date: /root/ros2_ws/install/bboxes_ex_msgs/share/bboxes_ex_msgs/cmake/export_bboxes_ex_msgs__rosidl_generator_pyExport-noconfig.cmake
[1.847s] Invoked command in '/root/ros2_ws/build/bboxes_ex_msgs' returned '0': CMAKE_PREFIX_PATH=${CMAKE_PREFIX_PATH}:/root/ros2_ws/install/yolov5_ros:/root/ros2_ws/install/pointcloud_publisher:/root/ros2_ws/install/detection:/opt/ros/humble /usr/bin/cmake --install /root/ros2_ws/build/bboxes_ex_msgs
