[0.507s] Invoking command in '/root/ros2_ws/build/prcp_object_fusion': CMAKE_PREFIX_PATH=${CMAKE_PREFIX_PATH}:/root/ros2_ws/install/yolov5_ros:/root/ros2_ws/install/pointcloud_publisher:/root/ros2_ws/install/detection:/opt/ros/humble /usr/bin/cmake --build /root/ros2_ws/build/prcp_object_fusion -- -j8 -l8
[0.614s] [100%] Built target prcp_object_fusion
[0.671s] Invoked command in '/root/ros2_ws/build/prcp_object_fusion' returned '0': CMAKE_PREFIX_PATH=${CMAKE_PREFIX_PATH}:/root/ros2_ws/install/yolov5_ros:/root/ros2_ws/install/pointcloud_publisher:/root/ros2_ws/install/detection:/opt/ros/humble /usr/bin/cmake --build /root/ros2_ws/build/prcp_object_fusion -- -j8 -l8
[0.763s] Invoking command in '/root/ros2_ws/build/prcp_object_fusion': CMAKE_PREFIX_PATH=${CMAKE_PREFIX_PATH}:/root/ros2_ws/install/yolov5_ros:/root/ros2_ws/install/pointcloud_publisher:/root/ros2_ws/install/detection:/opt/ros/humble /usr/bin/cmake --install /root/ros2_ws/build/prcp_object_fusion
[0.801s] -- Install configuration: ""
[0.801s] -- Execute custom install script
[0.801s] -- Up-to-date symlink: /root/ros2_ws/install/prcp_object_fusion/share/prcp_object_fusion/launch/run_all.launch.py
[0.801s] -- Up-to-date symlink: /root/ros2_ws/install/prcp_object_fusion/lib/prcp_object_fusion/prcp_object_fusion
[0.801s] -- Up-to-date symlink: /root/ros2_ws/install/prcp_object_fusion/share/ament_index/resource_index/package_run_dependencies/prcp_object_fusion
[0.802s] -- Up-to-date symlink: /root/ros2_ws/install/prcp_object_fusion/share/ament_index/resource_index/parent_prefix_path/prcp_object_fusion
[0.802s] -- Up-to-date symlink: /root/ros2_ws/install/prcp_object_fusion/share/prcp_object_fusion/environment/ament_prefix_path.sh
[0.802s] -- Up-to-date symlink: /root/ros2_ws/install/prcp_object_fusion/share/prcp_object_fusion/environment/ament_prefix_path.dsv
[0.806s] -- Up-to-date symlink: /root/ros2_ws/install/prcp_object_fusion/share/prcp_object_fusion/environment/path.sh
[0.806s] -- Up-to-date symlink: /root/ros2_ws/install/prcp_object_fusion/share/prcp_object_fusion/environment/path.dsv
[0.807s] -- Up-to-date symlink: /root/ros2_ws/install/prcp_object_fusion/share/prcp_object_fusion/local_setup.bash
[0.807s] -- Up-to-date symlink: /root/ros2_ws/install/prcp_object_fusion/share/prcp_object_fusion/local_setup.sh
[0.807s] -- Up-to-date symlink: /root/ros2_ws/install/prcp_object_fusion/share/prcp_object_fusion/local_setup.zsh
[0.807s] -- Up-to-date symlink: /root/ros2_ws/install/prcp_object_fusion/share/prcp_object_fusion/local_setup.dsv
[0.807s] -- Symlinking: /root/ros2_ws/install/prcp_object_fusion/share/prcp_object_fusion/package.dsv
[0.839s] -- Up-to-date symlink: /root/ros2_ws/install/prcp_object_fusion/share/ament_index/resource_index/packages/prcp_object_fusion
[0.840s] -- Up-to-date symlink: /root/ros2_ws/install/prcp_object_fusion/share/prcp_object_fusion/cmake/prcp_object_fusionConfig.cmake
[0.840s] -- Up-to-date symlink: /root/ros2_ws/install/prcp_object_fusion/share/prcp_object_fusion/cmake/prcp_object_fusionConfig-version.cmake
[0.840s] -- Up-to-date symlink: /root/ros2_ws/install/prcp_object_fusion/share/prcp_object_fusion/package.xml
[0.852s] Invoked command in '/root/ros2_ws/build/prcp_object_fusion' returned '0': CMAKE_PREFIX_PATH=${CMAKE_PREFIX_PATH}:/root/ros2_ws/install/yolov5_ros:/root/ros2_ws/install/pointcloud_publisher:/root/ros2_ws/install/detection:/opt/ros/humble /usr/bin/cmake --install /root/ros2_ws/build/prcp_object_fusion
