[0.574s] Invoking command in '/root/ros2_ws/build/patchworkpp': CMAKE_PREFIX_PATH=${CMAKE_PREFIX_PATH}:/root/ros2_ws/install/yolov5_ros:/root/ros2_ws/install/pointcloud_publisher:/root/ros2_ws/install/detection:/opt/ros/humble /usr/bin/cmake --build /root/ros2_ws/build/patchworkpp -- -j8 -l8
[0.852s] [ 50%] Built target demo
[0.853s] [100%] Built target patchworkpp
[0.937s] Invoked command in '/root/ros2_ws/build/patchworkpp' returned '0': CMAKE_PREFIX_PATH=${CMAKE_PREFIX_PATH}:/root/ros2_ws/install/yolov5_ros:/root/ros2_ws/install/pointcloud_publisher:/root/ros2_ws/install/detection:/opt/ros/humble /usr/bin/cmake --build /root/ros2_ws/build/patchworkpp -- -j8 -l8
[1.483s] Invoking command in '/root/ros2_ws/build/patchworkpp': CMAKE_PREFIX_PATH=${CMAKE_PREFIX_PATH}:/root/ros2_ws/install/yolov5_ros:/root/ros2_ws/install/pointcloud_publisher:/root/ros2_ws/install/detection:/opt/ros/humble /usr/bin/cmake --install /root/ros2_ws/build/patchworkpp
[1.551s] -- Install configuration: "Release"
[1.552s] -- Execute custom install script
[1.555s] -- Up-to-date symlink: /root/ros2_ws/install/patchworkpp/lib/libpatchworkpp.so
[1.555s] -- Up-to-date symlink: /root/ros2_ws/install/patchworkpp/lib/patchworkpp/demo
[1.556s] -- Up-to-date symlink: /root/ros2_ws/install/patchworkpp/include/patchworkpp/patchworkpp.hpp
[1.556s] -- Up-to-date symlink: /root/ros2_ws/install/patchworkpp/include/patchworkpp/utils.hpp
[1.557s] -- Up-to-date symlink: /root/ros2_ws/install/patchworkpp/share/patchworkpp/launch/demo.launch.py
[1.558s] -- Up-to-date symlink: /root/ros2_ws/install/patchworkpp/share/patchworkpp/launch/rviz1.launch.py
[1.558s] -- Up-to-date symlink: /root/ros2_ws/install/patchworkpp/share/patchworkpp/config/params_ros2.yaml
[1.560s] -- Up-to-date symlink: /root/ros2_ws/install/patchworkpp/share/patchworkpp/rviz/demo.rviz
[1.560s] -- Up-to-date symlink: /root/ros2_ws/install/patchworkpp/share/patchworkpp/rviz/patchworkpp_viz.rviz
[1.561s] -- Up-to-date symlink: /root/ros2_ws/install/patchworkpp/share/patchworkpp/rviz/rviz1.rviz
[1.561s] -- Up-to-date symlink: /root/ros2_ws/install/patchworkpp/share/ament_index/resource_index/package_run_dependencies/patchworkpp
[1.564s] -- Up-to-date symlink: /root/ros2_ws/install/patchworkpp/share/ament_index/resource_index/parent_prefix_path/patchworkpp
[1.565s] -- Up-to-date symlink: /root/ros2_ws/install/patchworkpp/share/patchworkpp/environment/ament_prefix_path.sh
[1.566s] -- Up-to-date symlink: /root/ros2_ws/install/patchworkpp/share/patchworkpp/environment/ament_prefix_path.dsv
[1.568s] -- Up-to-date symlink: /root/ros2_ws/install/patchworkpp/share/patchworkpp/environment/path.sh
[1.569s] -- Up-to-date symlink: /root/ros2_ws/install/patchworkpp/share/patchworkpp/environment/path.dsv
[1.569s] -- Up-to-date symlink: /root/ros2_ws/install/patchworkpp/share/patchworkpp/local_setup.bash
[1.570s] -- Up-to-date symlink: /root/ros2_ws/install/patchworkpp/share/patchworkpp/local_setup.sh
[1.570s] -- Up-to-date symlink: /root/ros2_ws/install/patchworkpp/share/patchworkpp/local_setup.zsh
[1.571s] -- Up-to-date symlink: /root/ros2_ws/install/patchworkpp/share/patchworkpp/local_setup.dsv
[1.572s] -- Symlinking: /root/ros2_ws/install/patchworkpp/share/patchworkpp/package.dsv
[1.574s] -- Up-to-date symlink: /root/ros2_ws/install/patchworkpp/share/ament_index/resource_index/packages/patchworkpp
[1.582s] -- Up-to-date symlink: /root/ros2_ws/install/patchworkpp/share/patchworkpp/cmake/ament_cmake_export_dependencies-extras.cmake
[1.587s] -- Up-to-date symlink: /root/ros2_ws/install/patchworkpp/share/patchworkpp/cmake/ament_cmake_export_include_directories-extras.cmake
[1.588s] -- Up-to-date symlink: /root/ros2_ws/install/patchworkpp/share/patchworkpp/cmake/patchworkppConfig.cmake
[1.589s] -- Up-to-date symlink: /root/ros2_ws/install/patchworkpp/share/patchworkpp/cmake/patchworkppConfig-version.cmake
[1.589s] -- Up-to-date symlink: /root/ros2_ws/install/patchworkpp/share/patchworkpp/package.xml
[1.629s] Invoked command in '/root/ros2_ws/build/patchworkpp' returned '0': CMAKE_PREFIX_PATH=${CMAKE_PREFIX_PATH}:/root/ros2_ws/install/yolov5_ros:/root/ros2_ws/install/pointcloud_publisher:/root/ros2_ws/install/detection:/opt/ros/humble /usr/bin/cmake --install /root/ros2_ws/build/patchworkpp
