[0.097s] Invoking command in '/root/ros2_ws/build/csv_to_pointcloud2_converter': CMAKE_PREFIX_PATH=${CMAKE_PREFIX_PATH}:/root/ros2_ws/install/eufs_tracks:/root/ros2_ws/install/detection:/root/ros2_ws/install/eufs_rqt:/root/ros2_ws/install/eufs_launcher:/root/ros2_ws/src/install/eufs_rqt:/root/ros2_ws/src/install/pointcloud_publisher:/root/ros2_ws/src/install/eufs_tracks:/root/ros2_ws/src/install/eufs_racecar:/root/ros2_ws/src/install/detection:/root/ros2_ws/install/eufs_racecar:/root/ros2_ws/install/pointcloud_publisher:/opt/ros/humble /usr/bin/cmake --build /root/ros2_ws/build/csv_to_pointcloud2_converter -- -j8 -l8
[0.524s] [100%] Built target csv_to_pointcloud2_node
[0.977s] Invoked command in '/root/ros2_ws/build/csv_to_pointcloud2_converter' returned '0': CMAKE_PREFIX_PATH=${CMAKE_PREFIX_PATH}:/root/ros2_ws/install/eufs_tracks:/root/ros2_ws/install/detection:/root/ros2_ws/install/eufs_rqt:/root/ros2_ws/install/eufs_launcher:/root/ros2_ws/src/install/eufs_rqt:/root/ros2_ws/src/install/pointcloud_publisher:/root/ros2_ws/src/install/eufs_tracks:/root/ros2_ws/src/install/eufs_racecar:/root/ros2_ws/src/install/detection:/root/ros2_ws/install/eufs_racecar:/root/ros2_ws/install/pointcloud_publisher:/opt/ros/humble /usr/bin/cmake --build /root/ros2_ws/build/csv_to_pointcloud2_converter -- -j8 -l8
[1.084s] Invoking command in '/root/ros2_ws/build/csv_to_pointcloud2_converter': CMAKE_PREFIX_PATH=${CMAKE_PREFIX_PATH}:/root/ros2_ws/install/eufs_tracks:/root/ros2_ws/install/detection:/root/ros2_ws/install/eufs_rqt:/root/ros2_ws/install/eufs_launcher:/root/ros2_ws/src/install/eufs_rqt:/root/ros2_ws/src/install/pointcloud_publisher:/root/ros2_ws/src/install/eufs_tracks:/root/ros2_ws/src/install/eufs_racecar:/root/ros2_ws/src/install/detection:/root/ros2_ws/install/eufs_racecar:/root/ros2_ws/install/pointcloud_publisher:/opt/ros/humble /usr/bin/cmake --install /root/ros2_ws/build/csv_to_pointcloud2_converter
[1.107s] -- Install configuration: ""
[1.111s] -- Up-to-date: /root/ros2_ws/install/csv_to_pointcloud2_converter/lib/csv_to_pointcloud2_converter/csv_to_pointcloud2_node
[1.111s] -- Up-to-date: /root/ros2_ws/install/csv_to_pointcloud2_converter/share/ament_index/resource_index/package_run_dependencies/csv_to_pointcloud2_converter
[1.111s] -- Up-to-date: /root/ros2_ws/install/csv_to_pointcloud2_converter/share/ament_index/resource_index/parent_prefix_path/csv_to_pointcloud2_converter
[1.111s] -- Up-to-date: /root/ros2_ws/install/csv_to_pointcloud2_converter/share/csv_to_pointcloud2_converter/environment/ament_prefix_path.sh
[1.111s] -- Up-to-date: /root/ros2_ws/install/csv_to_pointcloud2_converter/share/csv_to_pointcloud2_converter/environment/ament_prefix_path.dsv
[1.112s] -- Up-to-date: /root/ros2_ws/install/csv_to_pointcloud2_converter/share/csv_to_pointcloud2_converter/environment/path.sh
[1.112s] -- Up-to-date: /root/ros2_ws/install/csv_to_pointcloud2_converter/share/csv_to_pointcloud2_converter/environment/path.dsv
[1.112s] -- Up-to-date: /root/ros2_ws/install/csv_to_pointcloud2_converter/share/csv_to_pointcloud2_converter/local_setup.bash
[1.112s] -- Up-to-date: /root/ros2_ws/install/csv_to_pointcloud2_converter/share/csv_to_pointcloud2_converter/local_setup.sh
[1.112s] -- Up-to-date: /root/ros2_ws/install/csv_to_pointcloud2_converter/share/csv_to_pointcloud2_converter/local_setup.zsh
[1.113s] -- Up-to-date: /root/ros2_ws/install/csv_to_pointcloud2_converter/share/csv_to_pointcloud2_converter/local_setup.dsv
[1.113s] -- Installing: /root/ros2_ws/install/csv_to_pointcloud2_converter/share/csv_to_pointcloud2_converter/package.dsv
[1.114s] -- Up-to-date: /root/ros2_ws/install/csv_to_pointcloud2_converter/share/ament_index/resource_index/packages/csv_to_pointcloud2_converter
[1.114s] -- Up-to-date: /root/ros2_ws/install/csv_to_pointcloud2_converter/share/csv_to_pointcloud2_converter/cmake/csv_to_pointcloud2_converterConfig.cmake
[1.120s] -- Up-to-date: /root/ros2_ws/install/csv_to_pointcloud2_converter/share/csv_to_pointcloud2_converter/cmake/csv_to_pointcloud2_converterConfig-version.cmake
[1.121s] -- Up-to-date: /root/ros2_ws/install/csv_to_pointcloud2_converter/share/csv_to_pointcloud2_converter/package.xml
[1.165s] Invoked command in '/root/ros2_ws/build/csv_to_pointcloud2_converter' returned '0': CMAKE_PREFIX_PATH=${CMAKE_PREFIX_PATH}:/root/ros2_ws/install/eufs_tracks:/root/ros2_ws/install/detection:/root/ros2_ws/install/eufs_rqt:/root/ros2_ws/install/eufs_launcher:/root/ros2_ws/src/install/eufs_rqt:/root/ros2_ws/src/install/pointcloud_publisher:/root/ros2_ws/src/install/eufs_tracks:/root/ros2_ws/src/install/eufs_racecar:/root/ros2_ws/src/install/detection:/root/ros2_ws/install/eufs_racecar:/root/ros2_ws/install/pointcloud_publisher:/opt/ros/humble /usr/bin/cmake --install /root/ros2_ws/build/csv_to_pointcloud2_converter
