[0.099s] Invoking command in '/root/ros2_ws/build/racetrack_simulator': CMAKE_PREFIX_PATH=${CMAKE_PREFIX_PATH}:/root/ros2_ws/install/yolov5_ros:/root/ros2_ws/install/pointcloud_publisher:/root/ros2_ws/install/detection:/opt/ros/humble /usr/bin/cmake --build /root/ros2_ws/build/racetrack_simulator -- -j8 -l8
[0.290s] [ 50%] Built target lidar_cone_sim
[0.292s] [100%] Built target accuracy_meter
[0.366s] Invoked command in '/root/ros2_ws/build/racetrack_simulator' returned '0': CMAKE_PREFIX_PATH=${CMAKE_PREFIX_PATH}:/root/ros2_ws/install/yolov5_ros:/root/ros2_ws/install/pointcloud_publisher:/root/ros2_ws/install/detection:/opt/ros/humble /usr/bin/cmake --build /root/ros2_ws/build/racetrack_simulator -- -j8 -l8
[0.883s] Invoking command in '/root/ros2_ws/build/racetrack_simulator': CMAKE_PREFIX_PATH=${CMAKE_PREFIX_PATH}:/root/ros2_ws/install/yolov5_ros:/root/ros2_ws/install/pointcloud_publisher:/root/ros2_ws/install/detection:/opt/ros/humble /usr/bin/cmake --install /root/ros2_ws/build/racetrack_simulator
[0.929s] -- Install configuration: ""
[0.930s] -- Execute custom install script
[0.930s] -- Up-to-date symlink: /root/ros2_ws/install/racetrack_simulator/share/racetrack_simulator/launch/accuracy_meter.launch.py
[0.930s] -- Up-to-date symlink: /root/ros2_ws/install/racetrack_simulator/share/racetrack_simulator/launch/lidar_cone_sim.launch.py
[0.930s] -- Up-to-date symlink: /root/ros2_ws/install/racetrack_simulator/lib/racetrack_simulator/lidar_cone_sim
[0.932s] -- Up-to-date symlink: /root/ros2_ws/install/racetrack_simulator/lib/racetrack_simulator/accuracy_meter
[0.932s] -- Up-to-date symlink: /root/ros2_ws/install/racetrack_simulator/share/ament_index/resource_index/package_run_dependencies/racetrack_simulator
[0.932s] -- Up-to-date symlink: /root/ros2_ws/install/racetrack_simulator/share/ament_index/resource_index/parent_prefix_path/racetrack_simulator
[0.932s] -- Up-to-date symlink: /root/ros2_ws/install/racetrack_simulator/share/racetrack_simulator/environment/ament_prefix_path.sh
[0.933s] -- Up-to-date symlink: /root/ros2_ws/install/racetrack_simulator/share/racetrack_simulator/environment/ament_prefix_path.dsv
[0.933s] -- Up-to-date symlink: /root/ros2_ws/install/racetrack_simulator/share/racetrack_simulator/environment/path.sh
[0.933s] -- Up-to-date symlink: /root/ros2_ws/install/racetrack_simulator/share/racetrack_simulator/environment/path.dsv
[0.933s] -- Up-to-date symlink: /root/ros2_ws/install/racetrack_simulator/share/racetrack_simulator/local_setup.bash
[0.933s] -- Up-to-date symlink: /root/ros2_ws/install/racetrack_simulator/share/racetrack_simulator/local_setup.sh
[0.936s] -- Up-to-date symlink: /root/ros2_ws/install/racetrack_simulator/share/racetrack_simulator/local_setup.zsh
[0.937s] -- Up-to-date symlink: /root/ros2_ws/install/racetrack_simulator/share/racetrack_simulator/local_setup.dsv
[0.938s] -- Symlinking: /root/ros2_ws/install/racetrack_simulator/share/racetrack_simulator/package.dsv
[0.938s] -- Up-to-date symlink: /root/ros2_ws/install/racetrack_simulator/share/ament_index/resource_index/packages/racetrack_simulator
[0.940s] -- Up-to-date symlink: /root/ros2_ws/install/racetrack_simulator/share/racetrack_simulator/cmake/racetrack_simulatorConfig.cmake
[0.941s] -- Up-to-date symlink: /root/ros2_ws/install/racetrack_simulator/share/racetrack_simulator/cmake/racetrack_simulatorConfig-version.cmake
[0.941s] -- Up-to-date symlink: /root/ros2_ws/install/racetrack_simulator/share/racetrack_simulator/package.xml
[0.945s] Invoked command in '/root/ros2_ws/build/racetrack_simulator' returned '0': CMAKE_PREFIX_PATH=${CMAKE_PREFIX_PATH}:/root/ros2_ws/install/yolov5_ros:/root/ros2_ws/install/pointcloud_publisher:/root/ros2_ws/install/detection:/opt/ros/humble /usr/bin/cmake --install /root/ros2_ws/build/racetrack_simulator
