[2.519s] Invoking command in '/root/ros2_ws/src/pointcloud_publisher': PYTHONPATH=/root/ros2_ws/build/pointcloud_publisher/prefix_override:/usr/lib/python3/dist-packages/colcon_core/task/python/colcon_distutils_commands:/root/ros2_ws/install/pointcloud_publisher/lib/python3.10/site-packages:${PYTHONPATH} /usr/bin/python3 -W ignore:setup.py install is deprecated setup.py egg_info --egg-base ../../build/pointcloud_publisher build --build-base /root/ros2_ws/build/pointcloud_publisher/build install --record /root/ros2_ws/build/pointcloud_publisher/install.log --single-version-externally-managed install_data
[3.461s] running egg_info
[3.463s] writing ../../build/pointcloud_publisher/pointcloud_publisher.egg-info/PKG-INFO
[3.464s] writing dependency_links to ../../build/pointcloud_publisher/pointcloud_publisher.egg-info/dependency_links.txt
[3.465s] writing entry points to ../../build/pointcloud_publisher/pointcloud_publisher.egg-info/entry_points.txt
[3.466s] writing requirements to ../../build/pointcloud_publisher/pointcloud_publisher.egg-info/requires.txt
[3.466s] writing top-level names to ../../build/pointcloud_publisher/pointcloud_publisher.egg-info/top_level.txt
[3.480s] reading manifest file '../../build/pointcloud_publisher/pointcloud_publisher.egg-info/SOURCES.txt'
[3.480s] writing manifest file '../../build/pointcloud_publisher/pointcloud_publisher.egg-info/SOURCES.txt'
[3.481s] running build
[3.482s] running build_py
[3.482s] running install
[3.482s] running install_lib
[3.482s] running install_data
[3.482s] running install_egg_info
[3.491s] removing '/root/ros2_ws/install/pointcloud_publisher/lib/python3.10/site-packages/pointcloud_publisher-0.0.0-py3.10.egg-info' (and everything under it)
[3.491s] Copying ../../build/pointcloud_publisher/pointcloud_publisher.egg-info to /root/ros2_ws/install/pointcloud_publisher/lib/python3.10/site-packages/pointcloud_publisher-0.0.0-py3.10.egg-info
[3.491s] running install_scripts
[3.552s] Installing pointcloud_publisher script to /root/ros2_ws/install/pointcloud_publisher/lib/pointcloud_publisher
[3.554s] writing list of installed files to '/root/ros2_ws/build/pointcloud_publisher/install.log'
[3.622s] Invoked command in '/root/ros2_ws/src/pointcloud_publisher' returned '0': PYTHONPATH=/root/ros2_ws/build/pointcloud_publisher/prefix_override:/usr/lib/python3/dist-packages/colcon_core/task/python/colcon_distutils_commands:/root/ros2_ws/install/pointcloud_publisher/lib/python3.10/site-packages:${PYTHONPATH} /usr/bin/python3 -W ignore:setup.py install is deprecated setup.py egg_info --egg-base ../../build/pointcloud_publisher build --build-base /root/ros2_ws/build/pointcloud_publisher/build install --record /root/ros2_ws/build/pointcloud_publisher/install.log --single-version-externally-managed install_data
