[2.304s] Invoking command in '/root/ros2_ws/src/pointcloud_publisher': PYTHONPATH=/root/ros2_ws/build/pointcloud_publisher/prefix_override:/usr/lib/python3/dist-packages/colcon_core/task/python/colcon_distutils_commands:/root/ros2_ws/install/pointcloud_publisher/lib/python3.10/site-packages:${PYTHONPATH} /usr/bin/python3 -W ignore:setup.py install is deprecated setup.py egg_info --egg-base ../../build/pointcloud_publisher build --build-base /root/ros2_ws/build/pointcloud_publisher/build install --record /root/ros2_ws/build/pointcloud_publisher/install.log --single-version-externally-managed install_data
[2.992s] running egg_info
[2.995s] writing ../../build/pointcloud_publisher/pointcloud_publisher.egg-info/PKG-INFO
[2.995s] writing dependency_links to ../../build/pointcloud_publisher/pointcloud_publisher.egg-info/dependency_links.txt
[2.996s] writing entry points to ../../build/pointcloud_publisher/pointcloud_publisher.egg-info/entry_points.txt
[2.996s] writing requirements to ../../build/pointcloud_publisher/pointcloud_publisher.egg-info/requires.txt
[2.997s] writing top-level names to ../../build/pointcloud_publisher/pointcloud_publisher.egg-info/top_level.txt
[3.002s] reading manifest file '../../build/pointcloud_publisher/pointcloud_publisher.egg-info/SOURCES.txt'
[3.004s] writing manifest file '../../build/pointcloud_publisher/pointcloud_publisher.egg-info/SOURCES.txt'
[3.005s] running build
[3.006s] running build_py
[3.006s] running install
[3.006s] running install_lib
[3.010s] running install_data
[3.010s] running install_egg_info
[3.014s] removing '/root/ros2_ws/install/pointcloud_publisher/lib/python3.10/site-packages/pointcloud_publisher-0.0.0-py3.10.egg-info' (and everything under it)
[3.014s] Copying ../../build/pointcloud_publisher/pointcloud_publisher.egg-info to /root/ros2_ws/install/pointcloud_publisher/lib/python3.10/site-packages/pointcloud_publisher-0.0.0-py3.10.egg-info
[3.017s] running install_scripts
[3.067s] Installing pointcloud_publisher script to /root/ros2_ws/install/pointcloud_publisher/lib/pointcloud_publisher
[3.068s] writing list of installed files to '/root/ros2_ws/build/pointcloud_publisher/install.log'
[3.116s] Invoked command in '/root/ros2_ws/src/pointcloud_publisher' returned '0': PYTHONPATH=/root/ros2_ws/build/pointcloud_publisher/prefix_override:/usr/lib/python3/dist-packages/colcon_core/task/python/colcon_distutils_commands:/root/ros2_ws/install/pointcloud_publisher/lib/python3.10/site-packages:${PYTHONPATH} /usr/bin/python3 -W ignore:setup.py install is deprecated setup.py egg_info --egg-base ../../build/pointcloud_publisher build --build-base /root/ros2_ws/build/pointcloud_publisher/build install --record /root/ros2_ws/build/pointcloud_publisher/install.log --single-version-externally-managed install_data
