-- Found ament_cmake: 1.3.9 (/opt/ros/humble/share/ament_cmake/cmake)
-- Override CMake install command with custom implementation using symlinks instead of copying resources
-- Found rclcpp: 16.0.9 (/opt/ros/humble/share/rclcpp/cmake)
-- Found rosidl_generator_c: 3.1.5 (/opt/ros/humble/share/rosidl_generator_c/cmake)
-- Found rosidl_adapter: 3.1.5 (/opt/ros/humble/share/rosidl_adapter/cmake)
-- Found rosidl_generator_cpp: 3.1.5 (/opt/ros/humble/share/rosidl_generator_cpp/cmake)
-- Using all available rosidl_typesupport_c: rosidl_typesupport_fastrtps_c;rosidl_typesupport_introspection_c
-- Using all available rosidl_typesupport_cpp: rosidl_typesupport_fastrtps_cpp;rosidl_typesupport_introspection_cpp
-- Found rmw_implementation_cmake: 6.1.2 (/opt/ros/humble/share/rmw_implementation_cmake/cmake)
-- Found rmw_fastrtps_cpp: 6.2.6 (/opt/ros/humble/share/rmw_fastrtps_cpp/cmake)
-- Using RMW implementation 'rmw_fastrtps_cpp' as default
-- Found geometry_msgs: 4.2.4 (/opt/ros/humble/share/geometry_msgs/cmake)
-- Found visualization_msgs: 4.2.4 (/opt/ros/humble/share/visualization_msgs/cmake)
-- Found tf2_geometry_msgs: 0.25.7 (/opt/ros/humble/share/tf2_geometry_msgs/cmake)
-- Found eigen3_cmake_module: 0.1.1 (/opt/ros/humble/share/eigen3_cmake_module/cmake)
-- Ensuring Eigen3 include directory is part of orocos-kdl CMake target
-- Configuring done
-- Generating done
-- Build files have been written to: /root/ros2_ws/build/prcp_object_fusion
[35m[1mConsolidate compiler generated dependencies of target prcp_object_fusion[0m
[ 50%] [32m[1mLinking CXX executable prcp_object_fusion[0m
[100%] Built target prcp_object_fusion
-- Install configuration: ""
-- Execute custom install script
-- Symlinking: /root/ros2_ws/install/prcp_object_fusion/share/prcp_object_fusion/launch/run_all.launch.py
-- Symlinking: /root/ros2_ws/install/prcp_object_fusion/lib/prcp_object_fusion/prcp_object_fusion
-- Symlinking: /root/ros2_ws/install/prcp_object_fusion/share/ament_index/resource_index/package_run_dependencies/prcp_object_fusion
-- Symlinking: /root/ros2_ws/install/prcp_object_fusion/share/ament_index/resource_index/parent_prefix_path/prcp_object_fusion
-- Symlinking: /root/ros2_ws/install/prcp_object_fusion/share/prcp_object_fusion/environment/ament_prefix_path.sh
-- Symlinking: /root/ros2_ws/install/prcp_object_fusion/share/prcp_object_fusion/environment/ament_prefix_path.dsv
-- Symlinking: /root/ros2_ws/install/prcp_object_fusion/share/prcp_object_fusion/environment/path.sh
-- Symlinking: /root/ros2_ws/install/prcp_object_fusion/share/prcp_object_fusion/environment/path.dsv
-- Symlinking: /root/ros2_ws/install/prcp_object_fusion/share/prcp_object_fusion/local_setup.bash
-- Symlinking: /root/ros2_ws/install/prcp_object_fusion/share/prcp_object_fusion/local_setup.sh
-- Symlinking: /root/ros2_ws/install/prcp_object_fusion/share/prcp_object_fusion/local_setup.zsh
-- Symlinking: /root/ros2_ws/install/prcp_object_fusion/share/prcp_object_fusion/local_setup.dsv
-- Symlinking: /root/ros2_ws/install/prcp_object_fusion/share/prcp_object_fusion/package.dsv
-- Symlinking: /root/ros2_ws/install/prcp_object_fusion/share/ament_index/resource_index/packages/prcp_object_fusion
-- Symlinking: /root/ros2_ws/install/prcp_object_fusion/share/prcp_object_fusion/cmake/prcp_object_fusionConfig.cmake
-- Symlinking: /root/ros2_ws/install/prcp_object_fusion/share/prcp_object_fusion/cmake/prcp_object_fusionConfig-version.cmake
-- Symlinking: /root/ros2_ws/install/prcp_object_fusion/share/prcp_object_fusion/package.xml
