[35m[1mConsolidate compiler generated dependencies of target dbscan_grid[0m
[35m[1mConsolidate compiler generated dependencies of target dblane_spatial[0m
[35m[1mConsolidate compiler generated dependencies of target dblane_f1s[0m
[35m[1mConsolidate compiler generated dependencies of target dbscan_spatial[0m
[35m[1mConsolidate compiler generated dependencies of target euclidean_spatial[0m
[  6%] [32m[1mLinking CXX executable dbscan_grid[0m
[ 13%] [32m[1mLinking CXX executable dblane_spatial[0m
[ 20%] [32m[1mLinking CXX executable dblane_f1s[0m
[ 26%] [32m[1mLinking CXX executable euclidean_spatial[0m
[ 33%] [32m[1mLinking CXX executable dbscan_spatial[0m
[ 46%] Built target dbscan_spatial
[35m[1mConsolidate compiler generated dependencies of target euclidean_grid[0m
[ 53%] [32m[1mLinking CXX executable euclidean_grid[0m
[ 60%] Built target dblane_f1s
[ 66%] Built target euclidean_spatial
[ 86%] Built target euclidean_grid
[ 93%] Built target dblane_spatial
[100%] Built target dbscan_grid
-- Install configuration: ""
-- Execute custom install script
-- Symlinking: /root/ros2_ws/install/lidar_cluster/share/lidar_cluster/launch/dblane_f1s.launch.py
-- Symlinking: /root/ros2_ws/install/lidar_cluster/share/lidar_cluster/launch/dblane_spatial.launch.py
-- Symlinking: /root/ros2_ws/install/lidar_cluster/share/lidar_cluster/launch/dbscan_spatial.launch.py
-- Symlinking: /root/ros2_ws/install/lidar_cluster/share/lidar_cluster/launch/euclidean_grid.launch.py
-- Symlinking: /root/ros2_ws/install/lidar_cluster/share/lidar_cluster/launch/euclidean_spatial.launch.py
-- Symlinking: /root/ros2_ws/install/lidar_cluster/share/lidar_cluster/launch/rviz01.launch.py
-- Symlinking: /root/ros2_ws/install/lidar_cluster/share/lidar_cluster/launch/rviz02.launch.py
-- Symlinking: /root/ros2_ws/install/lidar_cluster/share/lidar_cluster/config/.gitkeep
-- Symlinking: /root/ros2_ws/install/lidar_cluster/share/lidar_cluster/config/rviz01.rviz
-- Symlinking: /root/ros2_ws/install/lidar_cluster/share/lidar_cluster/config/rviz02.rviz
-- Symlinking: /root/ros2_ws/install/lidar_cluster/lib/lidar_cluster/dbscan_spatial
-- Symlinking: /root/ros2_ws/install/lidar_cluster/lib/lidar_cluster/dbscan_grid
-- Symlinking: /root/ros2_ws/install/lidar_cluster/lib/lidar_cluster/dblane_spatial
-- Symlinking: /root/ros2_ws/install/lidar_cluster/lib/lidar_cluster/euclidean_spatial
-- Symlinking: /root/ros2_ws/install/lidar_cluster/lib/lidar_cluster/dblane_f1s
-- Symlinking: /root/ros2_ws/install/lidar_cluster/lib/lidar_cluster/euclidean_grid
-- Symlinking: /root/ros2_ws/install/lidar_cluster/share/ament_index/resource_index/package_run_dependencies/lidar_cluster
-- Symlinking: /root/ros2_ws/install/lidar_cluster/share/ament_index/resource_index/parent_prefix_path/lidar_cluster
-- Symlinking: /root/ros2_ws/install/lidar_cluster/share/lidar_cluster/environment/ament_prefix_path.sh
-- Symlinking: /root/ros2_ws/install/lidar_cluster/share/lidar_cluster/environment/ament_prefix_path.dsv
-- Symlinking: /root/ros2_ws/install/lidar_cluster/share/lidar_cluster/environment/path.sh
-- Symlinking: /root/ros2_ws/install/lidar_cluster/share/lidar_cluster/environment/path.dsv
-- Symlinking: /root/ros2_ws/install/lidar_cluster/share/lidar_cluster/local_setup.bash
-- Symlinking: /root/ros2_ws/install/lidar_cluster/share/lidar_cluster/local_setup.sh
-- Symlinking: /root/ros2_ws/install/lidar_cluster/share/lidar_cluster/local_setup.zsh
-- Symlinking: /root/ros2_ws/install/lidar_cluster/share/lidar_cluster/local_setup.dsv
-- Symlinking: /root/ros2_ws/install/lidar_cluster/share/lidar_cluster/package.dsv
-- Symlinking: /root/ros2_ws/install/lidar_cluster/share/ament_index/resource_index/packages/lidar_cluster
-- Symlinking: /root/ros2_ws/install/lidar_cluster/share/lidar_cluster/cmake/lidar_clusterConfig.cmake
-- Symlinking: /root/ros2_ws/install/lidar_cluster/share/lidar_cluster/cmake/lidar_clusterConfig-version.cmake
-- Symlinking: /root/ros2_ws/install/lidar_cluster/share/lidar_cluster/package.xml
