[0.591s] Invoking command in '/root/ros2_ws/build/patchworkpp': CMAKE_PREFIX_PATH=${CMAKE_PREFIX_PATH}:/root/ros2_ws/install/yolov5_ros:/root/ros2_ws/install/pointcloud_publisher:/root/ros2_ws/install/detection:/opt/ros/humble /usr/bin/cmake --build /root/ros2_ws/build/patchworkpp -- -j8 -l8
[0.873s] [ 50%] Built target demo
[0.874s] [100%] Built target patchworkpp
[0.949s] Invoked command in '/root/ros2_ws/build/patchworkpp' returned '0': CMAKE_PREFIX_PATH=${CMAKE_PREFIX_PATH}:/root/ros2_ws/install/yolov5_ros:/root/ros2_ws/install/pointcloud_publisher:/root/ros2_ws/install/detection:/opt/ros/humble /usr/bin/cmake --build /root/ros2_ws/build/patchworkpp -- -j8 -l8
[1.169s] Invoking command in '/root/ros2_ws/build/patchworkpp': CMAKE_PREFIX_PATH=${CMAKE_PREFIX_PATH}:/root/ros2_ws/install/yolov5_ros:/root/ros2_ws/install/pointcloud_publisher:/root/ros2_ws/install/detection:/opt/ros/humble /usr/bin/cmake --install /root/ros2_ws/build/patchworkpp
[1.569s] -- Install configuration: "Release"
[1.570s] -- Execute custom install script
[1.570s] -- Up-to-date symlink: /root/ros2_ws/install/patchworkpp/lib/libpatchworkpp.so
[1.570s] -- Up-to-date symlink: /root/ros2_ws/install/patchworkpp/lib/patchworkpp/demo
[1.570s] -- Up-to-date symlink: /root/ros2_ws/install/patchworkpp/include/patchworkpp/patchworkpp.hpp
[1.570s] -- Up-to-date symlink: /root/ros2_ws/install/patchworkpp/include/patchworkpp/utils.hpp
[1.572s] -- Up-to-date symlink: /root/ros2_ws/install/patchworkpp/share/patchworkpp/launch/demo.launch.py
[1.572s] -- Up-to-date symlink: /root/ros2_ws/install/patchworkpp/share/patchworkpp/launch/rviz1.launch.py
[1.572s] -- Up-to-date symlink: /root/ros2_ws/install/patchworkpp/share/patchworkpp/config/params_ros2.yaml
[1.572s] -- Up-to-date symlink: /root/ros2_ws/install/patchworkpp/share/patchworkpp/rviz/demo.rviz
[1.573s] -- Up-to-date symlink: /root/ros2_ws/install/patchworkpp/share/patchworkpp/rviz/patchworkpp_viz.rviz
[1.573s] -- Up-to-date symlink: /root/ros2_ws/install/patchworkpp/share/patchworkpp/rviz/rviz1.rviz
[1.573s] -- Up-to-date symlink: /root/ros2_ws/install/patchworkpp/share/ament_index/resource_index/package_run_dependencies/patchworkpp
[1.574s] -- Up-to-date symlink: /root/ros2_ws/install/patchworkpp/share/ament_index/resource_index/parent_prefix_path/patchworkpp
[1.574s] -- Up-to-date symlink: /root/ros2_ws/install/patchworkpp/share/patchworkpp/environment/ament_prefix_path.sh
[1.574s] -- Up-to-date symlink: /root/ros2_ws/install/patchworkpp/share/patchworkpp/environment/ament_prefix_path.dsv
[1.574s] -- Up-to-date symlink: /root/ros2_ws/install/patchworkpp/share/patchworkpp/environment/path.sh
[1.574s] -- Up-to-date symlink: /root/ros2_ws/install/patchworkpp/share/patchworkpp/environment/path.dsv
[1.575s] -- Up-to-date symlink: /root/ros2_ws/install/patchworkpp/share/patchworkpp/local_setup.bash
[1.576s] -- Up-to-date symlink: /root/ros2_ws/install/patchworkpp/share/patchworkpp/local_setup.sh
[1.576s] -- Up-to-date symlink: /root/ros2_ws/install/patchworkpp/share/patchworkpp/local_setup.zsh
[1.576s] -- Up-to-date symlink: /root/ros2_ws/install/patchworkpp/share/patchworkpp/local_setup.dsv
[1.576s] -- Symlinking: /root/ros2_ws/install/patchworkpp/share/patchworkpp/package.dsv
[1.576s] -- Up-to-date symlink: /root/ros2_ws/install/patchworkpp/share/ament_index/resource_index/packages/patchworkpp
[1.577s] -- Up-to-date symlink: /root/ros2_ws/install/patchworkpp/share/patchworkpp/cmake/ament_cmake_export_dependencies-extras.cmake
[1.577s] -- Up-to-date symlink: /root/ros2_ws/install/patchworkpp/share/patchworkpp/cmake/ament_cmake_export_include_directories-extras.cmake
[1.578s] -- Up-to-date symlink: /root/ros2_ws/install/patchworkpp/share/patchworkpp/cmake/patchworkppConfig.cmake
[1.578s] -- Up-to-date symlink: /root/ros2_ws/install/patchworkpp/share/patchworkpp/cmake/patchworkppConfig-version.cmake
[1.578s] -- Up-to-date symlink: /root/ros2_ws/install/patchworkpp/share/patchworkpp/package.xml
[1.721s] Invoked command in '/root/ros2_ws/build/patchworkpp' returned '0': CMAKE_PREFIX_PATH=${CMAKE_PREFIX_PATH}:/root/ros2_ws/install/yolov5_ros:/root/ros2_ws/install/pointcloud_publisher:/root/ros2_ws/install/detection:/opt/ros/humble /usr/bin/cmake --install /root/ros2_ws/build/patchworkpp
