[0.511s] Invoking command in '/root/ros2_ws/build/lidar_cluster': CMAKE_PREFIX_PATH=/opt/ros/humble /usr/bin/cmake /root/ros2_ws/src/lidar_cluster_ros2 -DCMAKE_INSTALL_PREFIX=/root/ros2_ws/install/lidar_cluster
[0.549s] -- Found ament_cmake: 1.3.9 (/opt/ros/humble/share/ament_cmake/cmake)
[0.884s] -- Override CMake install command with custom implementation using symlinks instead of copying resources
[0.905s] -- Found rclcpp: 16.0.9 (/opt/ros/humble/share/rclcpp/cmake)
[0.994s] -- Found rosidl_generator_c: 3.1.5 (/opt/ros/humble/share/rosidl_generator_c/cmake)
[1.002s] -- Found rosidl_adapter: 3.1.5 (/opt/ros/humble/share/rosidl_adapter/cmake)
[1.023s] -- Found rosidl_generator_cpp: 3.1.5 (/opt/ros/humble/share/rosidl_generator_cpp/cmake)
[1.057s] -- Using all available rosidl_typesupport_c: rosidl_typesupport_fastrtps_c;rosidl_typesupport_introspection_c
[1.107s] -- Using all available rosidl_typesupport_cpp: rosidl_typesupport_fastrtps_cpp;rosidl_typesupport_introspection_cpp
[1.266s] -- Found rmw_implementation_cmake: 6.1.2 (/opt/ros/humble/share/rmw_implementation_cmake/cmake)
[1.270s] -- Found rmw_fastrtps_cpp: 6.2.6 (/opt/ros/humble/share/rmw_fastrtps_cpp/cmake)
[1.593s] -- Using RMW implementation 'rmw_fastrtps_cpp' as default
[2.078s] -- Found sensor_msgs: 4.2.4 (/opt/ros/humble/share/sensor_msgs/cmake)
[2.404s] -- Found visualization_msgs: 4.2.4 (/opt/ros/humble/share/visualization_msgs/cmake)
[2.712s] -- Found tf2: 0.25.7 (/opt/ros/humble/share/tf2/cmake)
[2.731s] -- Found tf2_msgs: 0.25.7 (/opt/ros/humble/share/tf2_msgs/cmake)
[3.119s] -- Found tf2_ros: 0.25.7 (/opt/ros/humble/share/tf2_ros/cmake)
[3.500s] -- Found tf2_geometry_msgs: 0.25.7 (/opt/ros/humble/share/tf2_geometry_msgs/cmake)
[3.516s] -- Found eigen3_cmake_module: 0.1.1 (/opt/ros/humble/share/eigen3_cmake_module/cmake)
[3.517s] -- Ensuring Eigen3 include directory is part of orocos-kdl CMake target
[3.555s] -- Found pcl_ros: 2.4.0 (/opt/ros/humble/share/pcl_ros/cmake)
[4.355s] -- Eigen found (include: /usr/include/eigen3, version: 3.4.0)
[4.443s] -- FLANN found (include: /usr/include, lib: /usr/lib/x86_64-linux-gnu/libflann_cpp.so)
[5.183s] -- OpenNI found (version: 1.5.4.0, include: /usr/include/ni, lib: /usr/lib/libOpenNI.so;libusb::libusb)
[5.200s] -- OpenNI2 found (version: 2.2.0.33, include: /usr/include/openni2, lib: /usr/lib/x86_64-linux-gnu/libOpenNI2.so;libusb::libusb)
[5.568s] -- Eigen found (include: /usr/include/eigen3, version: 3.4.0)
[5.587s] -- OpenNI found (version: 1.5.4.0, include: /usr/include/ni, lib: /usr/lib/libOpenNI.so;libusb::libusb)
[5.601s] -- OpenNI2 found (version: 2.2.0.33, include: /usr/include/openni2, lib: /usr/lib/x86_64-linux-gnu/libOpenNI2.so;libusb::libusb)
[5.933s] -- Found Qhull version 8.0.2
[6.260s] -- OpenNI found (version: 1.5.4.0, include: /usr/include/ni, lib: /usr/lib/libOpenNI.so;libusb::libusb)
[7.699s] -- Found ament_lint_auto: 0.12.11 (/opt/ros/humble/share/ament_lint_auto/cmake)
[7.895s] -- Added test 'cppcheck' to perform static code analysis on C / C++ code
[7.902s] -- Configured cppcheck include dirs: /root/ros2_ws/src/lidar_cluster_ros2/include
[7.902s] -- Configured cppcheck exclude dirs and/or files: 
[7.903s] -- Added test 'flake8' to check Python code syntax and style conventions
[7.906s] -- Added test 'lint_cmake' to check CMake code style
[7.908s] -- Added test 'pep257' to check Python code against some of the docstring style conventions in PEP 257
[7.915s] -- Added test 'uncrustify' to check C / C++ code style
[7.915s] -- Configured uncrustify additional arguments: 
[7.917s] -- Added test 'xmllint' to check XML markup files
[7.922s] -- Configuring done
[8.312s] -- Generating done
[8.320s] -- Build files have been written to: /root/ros2_ws/build/lidar_cluster
[8.369s] Invoked command in '/root/ros2_ws/build/lidar_cluster' returned '0': CMAKE_PREFIX_PATH=/opt/ros/humble /usr/bin/cmake /root/ros2_ws/src/lidar_cluster_ros2 -DCMAKE_INSTALL_PREFIX=/root/ros2_ws/install/lidar_cluster
[8.370s] Invoking command in '/root/ros2_ws/build/lidar_cluster': CMAKE_PREFIX_PATH=/opt/ros/humble /usr/bin/cmake --build /root/ros2_ws/build/lidar_cluster -- -j8 -l8
[8.472s] [35m[1mConsolidate compiler generated dependencies of target dbscan_spatial[0m
[8.484s] [35m[1mConsolidate compiler generated dependencies of target dblane_spatial[0m
[8.485s] [35m[1mConsolidate compiler generated dependencies of target euclidean_spatial[0m
[8.485s] [35m[1mConsolidate compiler generated dependencies of target dbscan_grid[0m
[8.495s] [35m[1mConsolidate compiler generated dependencies of target dblane_f1s[0m
[8.516s] [35m[1mConsolidate compiler generated dependencies of target euclidean_grid[0m
[8.539s] [ 13%] Built target dblane_spatial
[8.552s] [ 26%] Built target dbscan_grid
[8.574s] [ 46%] Built target dbscan_spatial
[8.586s] [ 60%] Built target euclidean_spatial
[8.594s] [ 73%] Built target dblane_f1s
[8.617s] [100%] Built target euclidean_grid
[8.677s] Invoked command in '/root/ros2_ws/build/lidar_cluster' returned '0': CMAKE_PREFIX_PATH=/opt/ros/humble /usr/bin/cmake --build /root/ros2_ws/build/lidar_cluster -- -j8 -l8
[8.831s] Invoking command in '/root/ros2_ws/build/lidar_cluster': CMAKE_PREFIX_PATH=/opt/ros/humble /usr/bin/cmake --install /root/ros2_ws/build/lidar_cluster
[8.843s] -- Install configuration: ""
[8.843s] -- Execute custom install script
[8.844s] -- Up-to-date symlink: /root/ros2_ws/install/lidar_cluster/share/lidar_cluster/launch/dblane_f1s.launch.py
[8.845s] -- Up-to-date symlink: /root/ros2_ws/install/lidar_cluster/share/lidar_cluster/launch/dblane_spatial.launch.py
[8.846s] -- Up-to-date symlink: /root/ros2_ws/install/lidar_cluster/share/lidar_cluster/launch/dbscan_spatial.launch.py
[8.846s] -- Up-to-date symlink: /root/ros2_ws/install/lidar_cluster/share/lidar_cluster/launch/euclidean_grid.launch.py
[8.846s] -- Up-to-date symlink: /root/ros2_ws/install/lidar_cluster/share/lidar_cluster/launch/euclidean_spatial.launch.py
[8.846s] -- Up-to-date symlink: /root/ros2_ws/install/lidar_cluster/share/lidar_cluster/launch/rviz01.launch.py
[8.846s] -- Up-to-date symlink: /root/ros2_ws/install/lidar_cluster/share/lidar_cluster/launch/rviz02.launch.py
[8.847s] -- Up-to-date symlink: /root/ros2_ws/install/lidar_cluster/share/lidar_cluster/config/.gitkeep
[8.848s] -- Up-to-date symlink: /root/ros2_ws/install/lidar_cluster/share/lidar_cluster/config/rviz01.rviz
[8.848s] -- Up-to-date symlink: /root/ros2_ws/install/lidar_cluster/share/lidar_cluster/config/rviz02.rviz
[8.849s] -- Up-to-date symlink: /root/ros2_ws/install/lidar_cluster/lib/lidar_cluster/dbscan_spatial
[8.850s] -- Up-to-date symlink: /root/ros2_ws/install/lidar_cluster/lib/lidar_cluster/dbscan_grid
[8.850s] -- Up-to-date symlink: /root/ros2_ws/install/lidar_cluster/lib/lidar_cluster/dblane_spatial
[8.850s] -- Up-to-date symlink: /root/ros2_ws/install/lidar_cluster/lib/lidar_cluster/euclidean_spatial
[8.851s] -- Up-to-date symlink: /root/ros2_ws/install/lidar_cluster/lib/lidar_cluster/dblane_f1s
[8.852s] -- Up-to-date symlink: /root/ros2_ws/install/lidar_cluster/lib/lidar_cluster/euclidean_grid
[8.852s] -- Up-to-date symlink: /root/ros2_ws/install/lidar_cluster/share/ament_index/resource_index/package_run_dependencies/lidar_cluster
[8.853s] -- Up-to-date symlink: /root/ros2_ws/install/lidar_cluster/share/ament_index/resource_index/parent_prefix_path/lidar_cluster
[8.854s] -- Up-to-date symlink: /root/ros2_ws/install/lidar_cluster/share/lidar_cluster/environment/ament_prefix_path.sh
[8.855s] -- Up-to-date symlink: /root/ros2_ws/install/lidar_cluster/share/lidar_cluster/environment/ament_prefix_path.dsv
[8.855s] -- Up-to-date symlink: /root/ros2_ws/install/lidar_cluster/share/lidar_cluster/environment/path.sh
[8.856s] -- Up-to-date symlink: /root/ros2_ws/install/lidar_cluster/share/lidar_cluster/environment/path.dsv
[8.857s] -- Up-to-date symlink: /root/ros2_ws/install/lidar_cluster/share/lidar_cluster/local_setup.bash
[8.857s] -- Up-to-date symlink: /root/ros2_ws/install/lidar_cluster/share/lidar_cluster/local_setup.sh
[8.858s] -- Up-to-date symlink: /root/ros2_ws/install/lidar_cluster/share/lidar_cluster/local_setup.zsh
[8.859s] -- Up-to-date symlink: /root/ros2_ws/install/lidar_cluster/share/lidar_cluster/local_setup.dsv
[8.859s] -- Symlinking: /root/ros2_ws/install/lidar_cluster/share/lidar_cluster/package.dsv
[8.874s] -- Up-to-date symlink: /root/ros2_ws/install/lidar_cluster/share/ament_index/resource_index/packages/lidar_cluster
[8.874s] -- Up-to-date symlink: /root/ros2_ws/install/lidar_cluster/share/lidar_cluster/cmake/lidar_clusterConfig.cmake
[8.874s] -- Up-to-date symlink: /root/ros2_ws/install/lidar_cluster/share/lidar_cluster/cmake/lidar_clusterConfig-version.cmake
[8.875s] -- Up-to-date symlink: /root/ros2_ws/install/lidar_cluster/share/lidar_cluster/package.xml
[8.883s] Invoked command in '/root/ros2_ws/build/lidar_cluster' returned '0': CMAKE_PREFIX_PATH=/opt/ros/humble /usr/bin/cmake --install /root/ros2_ws/build/lidar_cluster
