[35m[1mConsolidate compiler generated dependencies of target accuracy_meter[0m
[35m[1mConsolidate compiler generated dependencies of target lidar_cone_sim[0m
[ 50%] Built target lidar_cone_sim
[100%] Built target accuracy_meter
-- Install configuration: ""
-- Installing: /root/ros2_ws/install/racetrack_simulator/share/racetrack_simulator/launch
-- Installing: /root/ros2_ws/install/racetrack_simulator/share/racetrack_simulator/launch/accuracy_meter.launch.py
-- Installing: /root/ros2_ws/install/racetrack_simulator/share/racetrack_simulator/launch/lidar_cone_sim.launch.py
-- Installing: /root/ros2_ws/install/racetrack_simulator/lib/racetrack_simulator/lidar_cone_sim
-- Set runtime path of "/root/ros2_ws/install/racetrack_simulator/lib/racetrack_simulator/lidar_cone_sim" to ""
-- Installing: /root/ros2_ws/install/racetrack_simulator/lib/racetrack_simulator/accuracy_meter
-- Set runtime path of "/root/ros2_ws/install/racetrack_simulator/lib/racetrack_simulator/accuracy_meter" to ""
-- Installing: /root/ros2_ws/install/racetrack_simulator/share/ament_index/resource_index/package_run_dependencies/racetrack_simulator
-- Installing: /root/ros2_ws/install/racetrack_simulator/share/ament_index/resource_index/parent_prefix_path/racetrack_simulator
-- Installing: /root/ros2_ws/install/racetrack_simulator/share/racetrack_simulator/environment/ament_prefix_path.sh
-- Installing: /root/ros2_ws/install/racetrack_simulator/share/racetrack_simulator/environment/ament_prefix_path.dsv
-- Installing: /root/ros2_ws/install/racetrack_simulator/share/racetrack_simulator/environment/path.sh
-- Installing: /root/ros2_ws/install/racetrack_simulator/share/racetrack_simulator/environment/path.dsv
-- Installing: /root/ros2_ws/install/racetrack_simulator/share/racetrack_simulator/local_setup.bash
-- Installing: /root/ros2_ws/install/racetrack_simulator/share/racetrack_simulator/local_setup.sh
-- Installing: /root/ros2_ws/install/racetrack_simulator/share/racetrack_simulator/local_setup.zsh
-- Installing: /root/ros2_ws/install/racetrack_simulator/share/racetrack_simulator/local_setup.dsv
-- Installing: /root/ros2_ws/install/racetrack_simulator/share/racetrack_simulator/package.dsv
-- Installing: /root/ros2_ws/install/racetrack_simulator/share/ament_index/resource_index/packages/racetrack_simulator
-- Installing: /root/ros2_ws/install/racetrack_simulator/share/racetrack_simulator/cmake/racetrack_simulatorConfig.cmake
-- Installing: /root/ros2_ws/install/racetrack_simulator/share/racetrack_simulator/cmake/racetrack_simulatorConfig-version.cmake
-- Installing: /root/ros2_ws/install/racetrack_simulator/share/racetrack_simulator/package.xml
