running develop
/usr/lib/python3/dist-packages/setuptools/command/easy_install.py:158: EasyInstallDeprecationWarning: easy_install command is deprecated. Use build and pip and other standards-based tools.
  warnings.warn(
running egg_info
creating yolov5_ros.egg-info
writing yolov5_ros.egg-info/PKG-INFO
writing dependency_links to yolov5_ros.egg-info/dependency_links.txt
writing entry points to yolov5_ros.egg-info/entry_points.txt
writing requirements to yolov5_ros.egg-info/requires.txt
writing top-level names to yolov5_ros.egg-info/top_level.txt
writing manifest file 'yolov5_ros.egg-info/SOURCES.txt'
reading manifest file 'yolov5_ros.egg-info/SOURCES.txt'
writing manifest file 'yolov5_ros.egg-info/SOURCES.txt'
running build_ext
Creating /root/ros2_ws/install/yolov5_ros/lib/python3.10/site-packages/yolov5-ros.egg-link (link to .)
Installing yolov5_ros script to /root/ros2_ws/install/yolov5_ros/lib/yolov5_ros

Installed /root/ros2_ws/build/yolov5_ros
running symlink_data
creating /root/ros2_ws/install/yolov5_ros/share/ament_index
creating /root/ros2_ws/install/yolov5_ros/share/ament_index/resource_index
creating /root/ros2_ws/install/yolov5_ros/share/ament_index/resource_index/packages
symbolically linking /root/ros2_ws/build/yolov5_ros/resource/yolov5_ros -> /root/ros2_ws/install/yolov5_ros/share/ament_index/resource_index/packages
symbolically linking /root/ros2_ws/build/yolov5_ros/package.xml -> /root/ros2_ws/install/yolov5_ros/share/yolov5_ros
symbolically linking /root/ros2_ws/build/yolov5_ros/launch/yolov5s_simple.launch.py -> /root/ros2_ws/install/yolov5_ros/share/yolov5_ros
