[0.180s] DEBUG:colcon:Command line arguments: ['/usr/bin/colcon', 'build', '--packages-select', 'planner']
[0.180s] DEBUG:colcon:Parsed command line arguments: Namespace(log_base=None, log_level=None, verb_name='build', build_base='build', install_base='install', merge_install=False, symlink_install=False, test_result_base=None, continue_on_error=False, executor='parallel', parallel_workers=8, event_handlers=None, ignore_user_meta=False, metas=['./colcon.meta'], base_paths=['.'], packages_ignore=None, packages_ignore_regex=None, paths=None, packages_up_to=None, packages_up_to_regex=None, packages_above=None, packages_above_and_dependencies=None, packages_above_depth=None, packages_select_by_dep=None, packages_skip_by_dep=None, packages_skip_up_to=None, packages_select_build_failed=False, packages_skip_build_finished=False, packages_select_test_failures=False, packages_skip_test_passed=False, packages_select=['planner'], packages_skip=None, packages_select_regex=None, packages_skip_regex=None, packages_start=None, packages_end=None, cmake_args=None, cmake_target=None, cmake_target_skip_unavailable=False, cmake_clean_cache=False, cmake_clean_first=False, cmake_force_configure=False, ament_cmake_args=None, catkin_cmake_args=None, catkin_skip_building_tests=False, mixin_files=None, mixin=None, verb_parser=<colcon_mixin.mixin.mixin_argument.MixinArgumentDecorator object at 0x7ffbae7602b0>, verb_extension=<colcon_core.verb.build.BuildVerb object at 0x7ffbae87c970>, main=<bound method BuildVerb.main of <colcon_core.verb.build.BuildVerb object at 0x7ffbae87c970>>, mixin_verb=('build',))
[0.378s] Level 1:colcon.colcon_core.package_discovery:discover_packages(colcon_meta) check parameters
[0.379s] INFO:colcon.colcon_metadata.package_discovery.colcon_meta:Using configuration from '/root/.colcon/metadata/default/Gazebo.meta'
[0.380s] INFO:colcon.colcon_metadata.package_discovery.colcon_meta:Using configuration from '/root/.colcon/metadata/default/fastrtps.meta'
[0.380s] Level 1:colcon.colcon_core.package_discovery:discover_packages(recursive) check parameters
[0.380s] Level 1:colcon.colcon_core.package_discovery:discover_packages(ignore) check parameters
[0.380s] Level 1:colcon.colcon_core.package_discovery:discover_packages(path) check parameters
[0.380s] Level 1:colcon.colcon_core.package_discovery:discover_packages(colcon_meta) discover
[0.380s] Level 1:colcon.colcon_core.package_discovery:discover_packages(recursive) discover
[0.380s] INFO:colcon.colcon_core.package_discovery:Crawling recursively for packages in '/root/ros2_ws'
[0.380s] Level 1:colcon.colcon_core.package_identification:_identify(.) by extensions ['ignore', 'ignore_ament_install']
[0.381s] Level 1:colcon.colcon_core.package_identification:_identify(.) by extension 'ignore'
[0.381s] Level 1:colcon.colcon_core.package_identification:_identify(.) by extension 'ignore_ament_install'
[0.381s] Level 1:colcon.colcon_core.package_identification:_identify(.) by extensions ['colcon_pkg']
[0.381s] Level 1:colcon.colcon_core.package_identification:_identify(.) by extension 'colcon_pkg'
[0.381s] Level 1:colcon.colcon_core.package_identification:_identify(.) by extensions ['colcon_meta']
[0.381s] Level 1:colcon.colcon_core.package_identification:_identify(.) by extension 'colcon_meta'
[0.381s] Level 1:colcon.colcon_core.package_identification:_identify(.) by extensions ['ros']
[0.381s] Level 1:colcon.colcon_core.package_identification:_identify(.) by extension 'ros'
[0.401s] Level 1:colcon.colcon_core.package_identification:_identify(.) by extensions ['cmake', 'python']
[0.401s] Level 1:colcon.colcon_core.package_identification:_identify(.) by extension 'cmake'
[0.401s] Level 1:colcon.colcon_core.package_identification:_identify(.) by extension 'python'
[0.401s] Level 1:colcon.colcon_core.package_identification:_identify(.) by extensions ['python_setup_py']
[0.401s] Level 1:colcon.colcon_core.package_identification:_identify(.) by extension 'python_setup_py'
[0.402s] Level 1:colcon.colcon_core.package_identification:_identify(build) by extensions ['ignore', 'ignore_ament_install']
[0.402s] Level 1:colcon.colcon_core.package_identification:_identify(build) by extension 'ignore'
[0.402s] Level 1:colcon.colcon_core.package_identification:_identify(build) ignored
[0.402s] Level 1:colcon.colcon_core.package_identification:_identify(install) by extensions ['ignore', 'ignore_ament_install']
[0.402s] Level 1:colcon.colcon_core.package_identification:_identify(install) by extension 'ignore'
[0.402s] Level 1:colcon.colcon_core.package_identification:_identify(install) ignored
[0.402s] Level 1:colcon.colcon_core.package_identification:_identify(log) by extensions ['ignore', 'ignore_ament_install']
[0.402s] Level 1:colcon.colcon_core.package_identification:_identify(log) by extension 'ignore'
[0.403s] Level 1:colcon.colcon_core.package_identification:_identify(log) ignored
[0.403s] Level 1:colcon.colcon_core.package_identification:_identify(src) by extensions ['ignore', 'ignore_ament_install']
[0.403s] Level 1:colcon.colcon_core.package_identification:_identify(src) by extension 'ignore'
[0.403s] Level 1:colcon.colcon_core.package_identification:_identify(src) by extension 'ignore_ament_install'
[0.403s] Level 1:colcon.colcon_core.package_identification:_identify(src) by extensions ['colcon_pkg']
[0.403s] Level 1:colcon.colcon_core.package_identification:_identify(src) by extension 'colcon_pkg'
[0.403s] Level 1:colcon.colcon_core.package_identification:_identify(src) by extensions ['colcon_meta']
[0.403s] Level 1:colcon.colcon_core.package_identification:_identify(src) by extension 'colcon_meta'
[0.403s] Level 1:colcon.colcon_core.package_identification:_identify(src) by extensions ['ros']
[0.403s] Level 1:colcon.colcon_core.package_identification:_identify(src) by extension 'ros'
[0.403s] Level 1:colcon.colcon_core.package_identification:_identify(src) by extensions ['cmake', 'python']
[0.403s] Level 1:colcon.colcon_core.package_identification:_identify(src) by extension 'cmake'
[0.403s] Level 1:colcon.colcon_core.package_identification:_identify(src) by extension 'python'
[0.403s] Level 1:colcon.colcon_core.package_identification:_identify(src) by extensions ['python_setup_py']
[0.403s] Level 1:colcon.colcon_core.package_identification:_identify(src) by extension 'python_setup_py'
[0.404s] Level 1:colcon.colcon_core.package_identification:_identify(src/csv_to_pointcloud2_converter) by extensions ['ignore', 'ignore_ament_install']
[0.404s] Level 1:colcon.colcon_core.package_identification:_identify(src/csv_to_pointcloud2_converter) by extension 'ignore'
[0.404s] Level 1:colcon.colcon_core.package_identification:_identify(src/csv_to_pointcloud2_converter) by extension 'ignore_ament_install'
[0.404s] Level 1:colcon.colcon_core.package_identification:_identify(src/csv_to_pointcloud2_converter) by extensions ['colcon_pkg']
[0.404s] Level 1:colcon.colcon_core.package_identification:_identify(src/csv_to_pointcloud2_converter) by extension 'colcon_pkg'
[0.404s] Level 1:colcon.colcon_core.package_identification:_identify(src/csv_to_pointcloud2_converter) by extensions ['colcon_meta']
[0.404s] Level 1:colcon.colcon_core.package_identification:_identify(src/csv_to_pointcloud2_converter) by extension 'colcon_meta'
[0.404s] Level 1:colcon.colcon_core.package_identification:_identify(src/csv_to_pointcloud2_converter) by extensions ['ros']
[0.404s] Level 1:colcon.colcon_core.package_identification:_identify(src/csv_to_pointcloud2_converter) by extension 'ros'
[0.407s] DEBUG:colcon.colcon_core.package_identification:Package 'src/csv_to_pointcloud2_converter' with type 'ros.ament_cmake' and name 'csv_to_pointcloud2_converter'
[0.408s] Level 1:colcon.colcon_core.package_identification:_identify(src/formula_student_packages) by extensions ['ignore', 'ignore_ament_install']
[0.408s] Level 1:colcon.colcon_core.package_identification:_identify(src/formula_student_packages) by extension 'ignore'
[0.408s] Level 1:colcon.colcon_core.package_identification:_identify(src/formula_student_packages) by extension 'ignore_ament_install'
[0.408s] Level 1:colcon.colcon_core.package_identification:_identify(src/formula_student_packages) by extensions ['colcon_pkg']
[0.408s] Level 1:colcon.colcon_core.package_identification:_identify(src/formula_student_packages) by extension 'colcon_pkg'
[0.408s] Level 1:colcon.colcon_core.package_identification:_identify(src/formula_student_packages) by extensions ['colcon_meta']
[0.408s] Level 1:colcon.colcon_core.package_identification:_identify(src/formula_student_packages) by extension 'colcon_meta'
[0.408s] Level 1:colcon.colcon_core.package_identification:_identify(src/formula_student_packages) by extensions ['ros']
[0.408s] Level 1:colcon.colcon_core.package_identification:_identify(src/formula_student_packages) by extension 'ros'
[0.408s] Level 1:colcon.colcon_core.package_identification:_identify(src/formula_student_packages) by extensions ['cmake', 'python']
[0.408s] Level 1:colcon.colcon_core.package_identification:_identify(src/formula_student_packages) by extension 'cmake'
[0.408s] Level 1:colcon.colcon_core.package_identification:_identify(src/formula_student_packages) by extension 'python'
[0.408s] Level 1:colcon.colcon_core.package_identification:_identify(src/formula_student_packages) by extensions ['python_setup_py']
[0.409s] Level 1:colcon.colcon_core.package_identification:_identify(src/formula_student_packages) by extension 'python_setup_py'
[0.409s] Level 1:colcon.colcon_core.package_identification:_identify(src/formula_student_packages/cone_detection_camera) by extensions ['ignore', 'ignore_ament_install']
[0.409s] Level 1:colcon.colcon_core.package_identification:_identify(src/formula_student_packages/cone_detection_camera) by extension 'ignore'
[0.409s] Level 1:colcon.colcon_core.package_identification:_identify(src/formula_student_packages/cone_detection_camera) by extension 'ignore_ament_install'
[0.409s] Level 1:colcon.colcon_core.package_identification:_identify(src/formula_student_packages/cone_detection_camera) by extensions ['colcon_pkg']
[0.409s] Level 1:colcon.colcon_core.package_identification:_identify(src/formula_student_packages/cone_detection_camera) by extension 'colcon_pkg'
[0.409s] Level 1:colcon.colcon_core.package_identification:_identify(src/formula_student_packages/cone_detection_camera) by extensions ['colcon_meta']
[0.409s] Level 1:colcon.colcon_core.package_identification:_identify(src/formula_student_packages/cone_detection_camera) by extension 'colcon_meta'
[0.409s] Level 1:colcon.colcon_core.package_identification:_identify(src/formula_student_packages/cone_detection_camera) by extensions ['ros']
[0.409s] Level 1:colcon.colcon_core.package_identification:_identify(src/formula_student_packages/cone_detection_camera) by extension 'ros'
[0.409s] Level 1:colcon.colcon_core.package_identification:_identify(src/formula_student_packages/cone_detection_camera) by extensions ['cmake', 'python']
[0.409s] Level 1:colcon.colcon_core.package_identification:_identify(src/formula_student_packages/cone_detection_camera) by extension 'cmake'
[0.409s] Level 1:colcon.colcon_core.package_identification:_identify(src/formula_student_packages/cone_detection_camera) by extension 'python'
[0.409s] Level 1:colcon.colcon_core.package_identification:_identify(src/formula_student_packages/cone_detection_camera) by extensions ['python_setup_py']
[0.409s] Level 1:colcon.colcon_core.package_identification:_identify(src/formula_student_packages/cone_detection_camera) by extension 'python_setup_py'
[0.410s] Level 1:colcon.colcon_core.package_identification:_identify(src/formula_student_packages/cone_detection_camera/detection) by extensions ['ignore', 'ignore_ament_install']
[0.410s] Level 1:colcon.colcon_core.package_identification:_identify(src/formula_student_packages/cone_detection_camera/detection) by extension 'ignore'
[0.410s] Level 1:colcon.colcon_core.package_identification:_identify(src/formula_student_packages/cone_detection_camera/detection) by extension 'ignore_ament_install'
[0.410s] Level 1:colcon.colcon_core.package_identification:_identify(src/formula_student_packages/cone_detection_camera/detection) by extensions ['colcon_pkg']
[0.410s] Level 1:colcon.colcon_core.package_identification:_identify(src/formula_student_packages/cone_detection_camera/detection) by extension 'colcon_pkg'
[0.410s] Level 1:colcon.colcon_core.package_identification:_identify(src/formula_student_packages/cone_detection_camera/detection) by extensions ['colcon_meta']
[0.410s] Level 1:colcon.colcon_core.package_identification:_identify(src/formula_student_packages/cone_detection_camera/detection) by extension 'colcon_meta'
[0.410s] Level 1:colcon.colcon_core.package_identification:_identify(src/formula_student_packages/cone_detection_camera/detection) by extensions ['ros']
[0.410s] Level 1:colcon.colcon_core.package_identification:_identify(src/formula_student_packages/cone_detection_camera/detection) by extension 'ros'
[0.411s] DEBUG:colcon.colcon_core.package_identification:Package 'src/formula_student_packages/cone_detection_camera/detection' with type 'ros.ament_python' and name 'detection'
[0.411s] Level 1:colcon.colcon_core.package_identification:_identify(src/formula_student_packages/cone_detection_camera/projection) by extensions ['ignore', 'ignore_ament_install']
[0.411s] Level 1:colcon.colcon_core.package_identification:_identify(src/formula_student_packages/cone_detection_camera/projection) by extension 'ignore'
[0.411s] Level 1:colcon.colcon_core.package_identification:_identify(src/formula_student_packages/cone_detection_camera/projection) by extension 'ignore_ament_install'
[0.411s] Level 1:colcon.colcon_core.package_identification:_identify(src/formula_student_packages/cone_detection_camera/projection) by extensions ['colcon_pkg']
[0.411s] Level 1:colcon.colcon_core.package_identification:_identify(src/formula_student_packages/cone_detection_camera/projection) by extension 'colcon_pkg'
[0.411s] Level 1:colcon.colcon_core.package_identification:_identify(src/formula_student_packages/cone_detection_camera/projection) by extensions ['colcon_meta']
[0.411s] Level 1:colcon.colcon_core.package_identification:_identify(src/formula_student_packages/cone_detection_camera/projection) by extension 'colcon_meta'
[0.411s] Level 1:colcon.colcon_core.package_identification:_identify(src/formula_student_packages/cone_detection_camera/projection) by extensions ['ros']
[0.411s] Level 1:colcon.colcon_core.package_identification:_identify(src/formula_student_packages/cone_detection_camera/projection) by extension 'ros'
[0.412s] DEBUG:colcon.colcon_core.package_identification:Package 'src/formula_student_packages/cone_detection_camera/projection' with type 'ros.ament_cmake' and name 'projection'
[0.412s] Level 1:colcon.colcon_core.package_identification:_identify(src/formula_student_packages/cone_detection_lidar) by extensions ['ignore', 'ignore_ament_install']
[0.412s] Level 1:colcon.colcon_core.package_identification:_identify(src/formula_student_packages/cone_detection_lidar) by extension 'ignore'
[0.412s] Level 1:colcon.colcon_core.package_identification:_identify(src/formula_student_packages/cone_detection_lidar) by extension 'ignore_ament_install'
[0.412s] Level 1:colcon.colcon_core.package_identification:_identify(src/formula_student_packages/cone_detection_lidar) by extensions ['colcon_pkg']
[0.412s] Level 1:colcon.colcon_core.package_identification:_identify(src/formula_student_packages/cone_detection_lidar) by extension 'colcon_pkg'
[0.412s] Level 1:colcon.colcon_core.package_identification:_identify(src/formula_student_packages/cone_detection_lidar) by extensions ['colcon_meta']
[0.412s] Level 1:colcon.colcon_core.package_identification:_identify(src/formula_student_packages/cone_detection_lidar) by extension 'colcon_meta'
[0.412s] Level 1:colcon.colcon_core.package_identification:_identify(src/formula_student_packages/cone_detection_lidar) by extensions ['ros']
[0.413s] Level 1:colcon.colcon_core.package_identification:_identify(src/formula_student_packages/cone_detection_lidar) by extension 'ros'
[0.414s] DEBUG:colcon.colcon_core.package_identification:Package 'src/formula_student_packages/cone_detection_lidar' with type 'ros.ament_cmake' and name 'cone_detection_lidar'
[0.414s] Level 1:colcon.colcon_core.package_identification:_identify(src/formula_student_packages/formula_student_bringup) by extensions ['ignore', 'ignore_ament_install']
[0.415s] Level 1:colcon.colcon_core.package_identification:_identify(src/formula_student_packages/formula_student_bringup) by extension 'ignore'
[0.415s] Level 1:colcon.colcon_core.package_identification:_identify(src/formula_student_packages/formula_student_bringup) by extension 'ignore_ament_install'
[0.415s] Level 1:colcon.colcon_core.package_identification:_identify(src/formula_student_packages/formula_student_bringup) by extensions ['colcon_pkg']
[0.415s] Level 1:colcon.colcon_core.package_identification:_identify(src/formula_student_packages/formula_student_bringup) by extension 'colcon_pkg'
[0.415s] Level 1:colcon.colcon_core.package_identification:_identify(src/formula_student_packages/formula_student_bringup) by extensions ['colcon_meta']
[0.415s] Level 1:colcon.colcon_core.package_identification:_identify(src/formula_student_packages/formula_student_bringup) by extension 'colcon_meta'
[0.415s] Level 1:colcon.colcon_core.package_identification:_identify(src/formula_student_packages/formula_student_bringup) by extensions ['ros']
[0.415s] Level 1:colcon.colcon_core.package_identification:_identify(src/formula_student_packages/formula_student_bringup) by extension 'ros'
[0.416s] DEBUG:colcon.colcon_core.package_identification:Package 'src/formula_student_packages/formula_student_bringup' with type 'ros.ament_cmake' and name 'formula_student_bringup'
[0.416s] Level 1:colcon.colcon_core.package_identification:_identify(src/formula_student_packages/img) by extensions ['ignore', 'ignore_ament_install']
[0.416s] Level 1:colcon.colcon_core.package_identification:_identify(src/formula_student_packages/img) by extension 'ignore'
[0.416s] Level 1:colcon.colcon_core.package_identification:_identify(src/formula_student_packages/img) by extension 'ignore_ament_install'
[0.416s] Level 1:colcon.colcon_core.package_identification:_identify(src/formula_student_packages/img) by extensions ['colcon_pkg']
[0.416s] Level 1:colcon.colcon_core.package_identification:_identify(src/formula_student_packages/img) by extension 'colcon_pkg'
[0.416s] Level 1:colcon.colcon_core.package_identification:_identify(src/formula_student_packages/img) by extensions ['colcon_meta']
[0.416s] Level 1:colcon.colcon_core.package_identification:_identify(src/formula_student_packages/img) by extension 'colcon_meta'
[0.417s] Level 1:colcon.colcon_core.package_identification:_identify(src/formula_student_packages/img) by extensions ['ros']
[0.417s] Level 1:colcon.colcon_core.package_identification:_identify(src/formula_student_packages/img) by extension 'ros'
[0.417s] Level 1:colcon.colcon_core.package_identification:_identify(src/formula_student_packages/img) by extensions ['cmake', 'python']
[0.417s] Level 1:colcon.colcon_core.package_identification:_identify(src/formula_student_packages/img) by extension 'cmake'
[0.417s] Level 1:colcon.colcon_core.package_identification:_identify(src/formula_student_packages/img) by extension 'python'
[0.417s] Level 1:colcon.colcon_core.package_identification:_identify(src/formula_student_packages/img) by extensions ['python_setup_py']
[0.417s] Level 1:colcon.colcon_core.package_identification:_identify(src/formula_student_packages/img) by extension 'python_setup_py'
[0.417s] Level 1:colcon.colcon_core.package_identification:_identify(src/formula_student_packages/lidar_pre_filter) by extensions ['ignore', 'ignore_ament_install']
[0.417s] Level 1:colcon.colcon_core.package_identification:_identify(src/formula_student_packages/lidar_pre_filter) by extension 'ignore'
[0.417s] Level 1:colcon.colcon_core.package_identification:_identify(src/formula_student_packages/lidar_pre_filter) by extension 'ignore_ament_install'
[0.417s] Level 1:colcon.colcon_core.package_identification:_identify(src/formula_student_packages/lidar_pre_filter) by extensions ['colcon_pkg']
[0.417s] Level 1:colcon.colcon_core.package_identification:_identify(src/formula_student_packages/lidar_pre_filter) by extension 'colcon_pkg'
[0.417s] Level 1:colcon.colcon_core.package_identification:_identify(src/formula_student_packages/lidar_pre_filter) by extensions ['colcon_meta']
[0.417s] Level 1:colcon.colcon_core.package_identification:_identify(src/formula_student_packages/lidar_pre_filter) by extension 'colcon_meta'
[0.417s] Level 1:colcon.colcon_core.package_identification:_identify(src/formula_student_packages/lidar_pre_filter) by extensions ['ros']
[0.418s] Level 1:colcon.colcon_core.package_identification:_identify(src/formula_student_packages/lidar_pre_filter) by extension 'ros'
[0.420s] DEBUG:colcon.colcon_core.package_identification:Package 'src/formula_student_packages/lidar_pre_filter' with type 'ros.ament_cmake' and name 'lidar_pre_filter'
[0.421s] Level 1:colcon.colcon_core.package_identification:_identify(src/formula_student_packages/object_fusion) by extensions ['ignore', 'ignore_ament_install']
[0.421s] Level 1:colcon.colcon_core.package_identification:_identify(src/formula_student_packages/object_fusion) by extension 'ignore'
[0.421s] Level 1:colcon.colcon_core.package_identification:_identify(src/formula_student_packages/object_fusion) by extension 'ignore_ament_install'
[0.421s] Level 1:colcon.colcon_core.package_identification:_identify(src/formula_student_packages/object_fusion) by extensions ['colcon_pkg']
[0.421s] Level 1:colcon.colcon_core.package_identification:_identify(src/formula_student_packages/object_fusion) by extension 'colcon_pkg'
[0.421s] Level 1:colcon.colcon_core.package_identification:_identify(src/formula_student_packages/object_fusion) by extensions ['colcon_meta']
[0.421s] Level 1:colcon.colcon_core.package_identification:_identify(src/formula_student_packages/object_fusion) by extension 'colcon_meta'
[0.421s] Level 1:colcon.colcon_core.package_identification:_identify(src/formula_student_packages/object_fusion) by extensions ['ros']
[0.421s] Level 1:colcon.colcon_core.package_identification:_identify(src/formula_student_packages/object_fusion) by extension 'ros'
[0.422s] DEBUG:colcon.colcon_core.package_identification:Package 'src/formula_student_packages/object_fusion' with type 'ros.ament_cmake' and name 'prcp_object_fusion'
[0.422s] Level 1:colcon.colcon_core.package_identification:_identify(src/formula_student_packages/planner) by extensions ['ignore', 'ignore_ament_install']
[0.422s] Level 1:colcon.colcon_core.package_identification:_identify(src/formula_student_packages/planner) by extension 'ignore'
[0.422s] Level 1:colcon.colcon_core.package_identification:_identify(src/formula_student_packages/planner) by extension 'ignore_ament_install'
[0.422s] Level 1:colcon.colcon_core.package_identification:_identify(src/formula_student_packages/planner) by extensions ['colcon_pkg']
[0.423s] Level 1:colcon.colcon_core.package_identification:_identify(src/formula_student_packages/planner) by extension 'colcon_pkg'
[0.423s] Level 1:colcon.colcon_core.package_identification:_identify(src/formula_student_packages/planner) by extensions ['colcon_meta']
[0.423s] Level 1:colcon.colcon_core.package_identification:_identify(src/formula_student_packages/planner) by extension 'colcon_meta'
[0.423s] Level 1:colcon.colcon_core.package_identification:_identify(src/formula_student_packages/planner) by extensions ['ros']
[0.423s] Level 1:colcon.colcon_core.package_identification:_identify(src/formula_student_packages/planner) by extension 'ros'
[0.424s] DEBUG:colcon.colcon_core.package_identification:Package 'src/formula_student_packages/planner' with type 'ros.ament_cmake' and name 'planner'
[0.424s] Level 1:colcon.colcon_core.package_identification:_identify(src/formula_student_packages/racetrack_simulator) by extensions ['ignore', 'ignore_ament_install']
[0.424s] Level 1:colcon.colcon_core.package_identification:_identify(src/formula_student_packages/racetrack_simulator) by extension 'ignore'
[0.424s] Level 1:colcon.colcon_core.package_identification:_identify(src/formula_student_packages/racetrack_simulator) by extension 'ignore_ament_install'
[0.424s] Level 1:colcon.colcon_core.package_identification:_identify(src/formula_student_packages/racetrack_simulator) by extensions ['colcon_pkg']
[0.424s] Level 1:colcon.colcon_core.package_identification:_identify(src/formula_student_packages/racetrack_simulator) by extension 'colcon_pkg'
[0.424s] Level 1:colcon.colcon_core.package_identification:_identify(src/formula_student_packages/racetrack_simulator) by extensions ['colcon_meta']
[0.424s] Level 1:colcon.colcon_core.package_identification:_identify(src/formula_student_packages/racetrack_simulator) by extension 'colcon_meta'
[0.424s] Level 1:colcon.colcon_core.package_identification:_identify(src/formula_student_packages/racetrack_simulator) by extensions ['ros']
[0.424s] Level 1:colcon.colcon_core.package_identification:_identify(src/formula_student_packages/racetrack_simulator) by extension 'ros'
[0.425s] DEBUG:colcon.colcon_core.package_identification:Package 'src/formula_student_packages/racetrack_simulator' with type 'ros.ament_cmake' and name 'racetrack_simulator'
[0.426s] Level 1:colcon.colcon_core.package_identification:_identify(src/lidar_cluster_ros2) by extensions ['ignore', 'ignore_ament_install']
[0.426s] Level 1:colcon.colcon_core.package_identification:_identify(src/lidar_cluster_ros2) by extension 'ignore'
[0.426s] Level 1:colcon.colcon_core.package_identification:_identify(src/lidar_cluster_ros2) by extension 'ignore_ament_install'
[0.426s] Level 1:colcon.colcon_core.package_identification:_identify(src/lidar_cluster_ros2) by extensions ['colcon_pkg']
[0.426s] Level 1:colcon.colcon_core.package_identification:_identify(src/lidar_cluster_ros2) by extension 'colcon_pkg'
[0.426s] Level 1:colcon.colcon_core.package_identification:_identify(src/lidar_cluster_ros2) by extensions ['colcon_meta']
[0.426s] Level 1:colcon.colcon_core.package_identification:_identify(src/lidar_cluster_ros2) by extension 'colcon_meta'
[0.426s] Level 1:colcon.colcon_core.package_identification:_identify(src/lidar_cluster_ros2) by extensions ['ros']
[0.426s] Level 1:colcon.colcon_core.package_identification:_identify(src/lidar_cluster_ros2) by extension 'ros'
[0.428s] DEBUG:colcon.colcon_core.package_identification:Package 'src/lidar_cluster_ros2' with type 'ros.ament_cmake' and name 'lidar_cluster'
[0.428s] Level 1:colcon.colcon_core.package_identification:_identify(src/patchwork-plusplus-ros) by extensions ['ignore', 'ignore_ament_install']
[0.428s] Level 1:colcon.colcon_core.package_identification:_identify(src/patchwork-plusplus-ros) by extension 'ignore'
[0.428s] Level 1:colcon.colcon_core.package_identification:_identify(src/patchwork-plusplus-ros) by extension 'ignore_ament_install'
[0.428s] Level 1:colcon.colcon_core.package_identification:_identify(src/patchwork-plusplus-ros) by extensions ['colcon_pkg']
[0.428s] Level 1:colcon.colcon_core.package_identification:_identify(src/patchwork-plusplus-ros) by extension 'colcon_pkg'
[0.428s] Level 1:colcon.colcon_core.package_identification:_identify(src/patchwork-plusplus-ros) by extensions ['colcon_meta']
[0.428s] Level 1:colcon.colcon_core.package_identification:_identify(src/patchwork-plusplus-ros) by extension 'colcon_meta'
[0.428s] Level 1:colcon.colcon_core.package_identification:_identify(src/patchwork-plusplus-ros) by extensions ['ros']
[0.428s] Level 1:colcon.colcon_core.package_identification:_identify(src/patchwork-plusplus-ros) by extension 'ros'
[0.430s] DEBUG:colcon.colcon_core.package_identification:Package 'src/patchwork-plusplus-ros' with type 'ros.ament_cmake' and name 'patchworkpp'
[0.430s] Level 1:colcon.colcon_core.package_identification:_identify(src/pointcloud_publisher) by extensions ['ignore', 'ignore_ament_install']
[0.430s] Level 1:colcon.colcon_core.package_identification:_identify(src/pointcloud_publisher) by extension 'ignore'
[0.430s] Level 1:colcon.colcon_core.package_identification:_identify(src/pointcloud_publisher) by extension 'ignore_ament_install'
[0.430s] Level 1:colcon.colcon_core.package_identification:_identify(src/pointcloud_publisher) by extensions ['colcon_pkg']
[0.430s] Level 1:colcon.colcon_core.package_identification:_identify(src/pointcloud_publisher) by extension 'colcon_pkg'
[0.430s] Level 1:colcon.colcon_core.package_identification:_identify(src/pointcloud_publisher) by extensions ['colcon_meta']
[0.431s] Level 1:colcon.colcon_core.package_identification:_identify(src/pointcloud_publisher) by extension 'colcon_meta'
[0.431s] Level 1:colcon.colcon_core.package_identification:_identify(src/pointcloud_publisher) by extensions ['ros']
[0.431s] Level 1:colcon.colcon_core.package_identification:_identify(src/pointcloud_publisher) by extension 'ros'
[0.432s] DEBUG:colcon.colcon_core.package_identification:Package 'src/pointcloud_publisher' with type 'ros.ament_python' and name 'pointcloud_publisher'
[0.432s] Level 1:colcon.colcon_core.package_discovery:discover_packages(recursive) using defaults
[0.432s] Level 1:colcon.colcon_core.package_discovery:discover_packages(ignore) discover
[0.432s] Level 1:colcon.colcon_core.package_discovery:discover_packages(ignore) using defaults
[0.432s] Level 1:colcon.colcon_core.package_discovery:discover_packages(path) discover
[0.432s] Level 1:colcon.colcon_core.package_discovery:discover_packages(path) using defaults
[0.462s] INFO:colcon.colcon_core.package_selection:Skipping not selected package 'cone_detection_lidar' in 'src/formula_student_packages/cone_detection_lidar'
[0.462s] INFO:colcon.colcon_core.package_selection:Skipping not selected package 'csv_to_pointcloud2_converter' in 'src/csv_to_pointcloud2_converter'
[0.462s] INFO:colcon.colcon_core.package_selection:Skipping not selected package 'detection' in 'src/formula_student_packages/cone_detection_camera/detection'
[0.462s] INFO:colcon.colcon_core.package_selection:Skipping not selected package 'formula_student_bringup' in 'src/formula_student_packages/formula_student_bringup'
[0.462s] INFO:colcon.colcon_core.package_selection:Skipping not selected package 'lidar_cluster' in 'src/lidar_cluster_ros2'
[0.462s] INFO:colcon.colcon_core.package_selection:Skipping not selected package 'lidar_pre_filter' in 'src/formula_student_packages/lidar_pre_filter'
[0.462s] INFO:colcon.colcon_core.package_selection:Skipping not selected package 'patchworkpp' in 'src/patchwork-plusplus-ros'
[0.462s] INFO:colcon.colcon_core.package_selection:Skipping not selected package 'pointcloud_publisher' in 'src/pointcloud_publisher'
[0.462s] INFO:colcon.colcon_core.package_selection:Skipping not selected package 'prcp_object_fusion' in 'src/formula_student_packages/object_fusion'
[0.463s] INFO:colcon.colcon_core.package_selection:Skipping not selected package 'projection' in 'src/formula_student_packages/cone_detection_camera/projection'
[0.463s] INFO:colcon.colcon_core.package_selection:Skipping not selected package 'racetrack_simulator' in 'src/formula_student_packages/racetrack_simulator'
[0.463s] Level 5:colcon.colcon_core.verb:set package 'planner' build argument 'cmake_args' from command line to 'None'
[0.463s] Level 5:colcon.colcon_core.verb:set package 'planner' build argument 'cmake_target' from command line to 'None'
[0.463s] Level 5:colcon.colcon_core.verb:set package 'planner' build argument 'cmake_target_skip_unavailable' from command line to 'False'
[0.463s] Level 5:colcon.colcon_core.verb:set package 'planner' build argument 'cmake_clean_cache' from command line to 'False'
[0.463s] Level 5:colcon.colcon_core.verb:set package 'planner' build argument 'cmake_clean_first' from command line to 'False'
[0.463s] Level 5:colcon.colcon_core.verb:set package 'planner' build argument 'cmake_force_configure' from command line to 'False'
[0.463s] Level 5:colcon.colcon_core.verb:set package 'planner' build argument 'ament_cmake_args' from command line to 'None'
[0.463s] Level 5:colcon.colcon_core.verb:set package 'planner' build argument 'catkin_cmake_args' from command line to 'None'
[0.463s] Level 5:colcon.colcon_core.verb:set package 'planner' build argument 'catkin_skip_building_tests' from command line to 'False'
[0.463s] DEBUG:colcon.colcon_core.verb:Building package 'planner' with the following arguments: {'ament_cmake_args': None, 'build_base': '/root/ros2_ws/build/planner', 'catkin_cmake_args': None, 'catkin_skip_building_tests': False, 'cmake_args': None, 'cmake_clean_cache': False, 'cmake_clean_first': False, 'cmake_force_configure': False, 'cmake_target': None, 'cmake_target_skip_unavailable': False, 'install_base': '/root/ros2_ws/install/planner', 'merge_install': False, 'path': '/root/ros2_ws/src/formula_student_packages/planner', 'symlink_install': False, 'test_result_base': None}
[0.464s] INFO:colcon.colcon_core.executor:Executing jobs using 'parallel' executor
[0.465s] DEBUG:colcon.colcon_parallel_executor.executor.parallel:run_until_complete
[0.466s] INFO:colcon.colcon_ros.task.ament_cmake.build:Building ROS package in '/root/ros2_ws/src/formula_student_packages/planner' with build type 'ament_cmake'
[0.466s] INFO:colcon.colcon_cmake.task.cmake.build:Building CMake package in '/root/ros2_ws/src/formula_student_packages/planner'
[0.472s] INFO:colcon.colcon_core.plugin_system:Skipping extension 'colcon_core.shell.bat': Not used on non-Windows systems
[0.472s] INFO:colcon.colcon_core.shell:Skip shell extension 'powershell' for command environment: Not usable outside of PowerShell
[0.472s] DEBUG:colcon.colcon_core.shell:Skip shell extension 'dsv' for command environment
[0.489s] DEBUG:colcon.colcon_core.event_handler.log_command:Invoking command in '/root/ros2_ws/build/planner': CMAKE_PREFIX_PATH=${CMAKE_PREFIX_PATH}:/root/ros2_ws/install/pointcloud_publisher:/opt/ros/humble /usr/bin/cmake /root/ros2_ws/src/formula_student_packages/planner -DCMAKE_INSTALL_PREFIX=/root/ros2_ws/install/planner
[3.203s] DEBUG:colcon.colcon_core.event_handler.log_command:Invoked command in '/root/ros2_ws/build/planner' returned '0': CMAKE_PREFIX_PATH=${CMAKE_PREFIX_PATH}:/root/ros2_ws/install/pointcloud_publisher:/opt/ros/humble /usr/bin/cmake /root/ros2_ws/src/formula_student_packages/planner -DCMAKE_INSTALL_PREFIX=/root/ros2_ws/install/planner
[3.210s] DEBUG:colcon.colcon_core.event_handler.log_command:Invoking command in '/root/ros2_ws/build/planner': CMAKE_PREFIX_PATH=${CMAKE_PREFIX_PATH}:/root/ros2_ws/install/pointcloud_publisher:/opt/ros/humble /usr/bin/cmake --build /root/ros2_ws/build/planner -- -j8 -l8
[12.245s] DEBUG:colcon.colcon_core.event_handler.log_command:Invoked command in '/root/ros2_ws/build/planner' returned '2': CMAKE_PREFIX_PATH=${CMAKE_PREFIX_PATH}:/root/ros2_ws/install/pointcloud_publisher:/opt/ros/humble /usr/bin/cmake --build /root/ros2_ws/build/planner -- -j8 -l8
[12.298s] Level 1:colcon.colcon_core.environment:create_environment_scripts_only(planner)
[12.301s] Level 1:colcon.colcon_core.environment:checking '/root/ros2_ws/install/planner' for CMake module files
[12.302s] Level 1:colcon.colcon_core.environment:checking '/root/ros2_ws/install/planner' for CMake config files
[12.302s] Level 1:colcon.colcon_core.environment:checking '/root/ros2_ws/install/planner/bin'
[12.302s] Level 1:colcon.colcon_core.environment:checking '/root/ros2_ws/install/planner/lib/pkgconfig/planner.pc'
[12.305s] Level 1:colcon.colcon_core.environment:checking '/root/ros2_ws/install/planner/lib/python3.10/site-packages'
[12.305s] Level 1:colcon.colcon_core.environment:checking '/root/ros2_ws/install/planner/bin'
[12.305s] INFO:colcon.colcon_core.shell:Creating package script '/root/ros2_ws/install/planner/share/planner/package.ps1'
[12.306s] INFO:colcon.colcon_core.shell:Creating package descriptor '/root/ros2_ws/install/planner/share/planner/package.dsv'
[12.307s] INFO:colcon.colcon_core.shell:Creating package script '/root/ros2_ws/install/planner/share/planner/package.sh'
[12.308s] INFO:colcon.colcon_core.shell:Creating package script '/root/ros2_ws/install/planner/share/planner/package.bash'
[12.309s] INFO:colcon.colcon_core.shell:Creating package script '/root/ros2_ws/install/planner/share/planner/package.zsh'
[12.310s] Level 1:colcon.colcon_core.environment:create_file_with_runtime_dependencies(/root/ros2_ws/install/planner/share/colcon-core/packages/planner)
[12.321s] DEBUG:colcon.colcon_parallel_executor.executor.parallel:closing loop
[12.321s] DEBUG:colcon.colcon_parallel_executor.executor.parallel:loop closed
[12.322s] DEBUG:colcon.colcon_parallel_executor.executor.parallel:run_until_complete finished with '2'
[12.322s] DEBUG:colcon.colcon_core.event_reactor:joining thread
[12.331s] INFO:colcon.colcon_core.plugin_system:Skipping extension 'colcon_notification.desktop_notification.notify_send': Could not find 'notify-send'
[12.331s] INFO:colcon.colcon_core.plugin_system:Skipping extension 'colcon_notification.desktop_notification.terminal_notifier': Not used on non-Darwin systems
[12.331s] INFO:colcon.colcon_core.plugin_system:Skipping extension 'colcon_notification.desktop_notification.win32': Not used on non-Windows systems
[12.331s] INFO:colcon.colcon_notification.desktop_notification:Sending desktop notification using 'notify2'
[12.331s] DEBUG:colcon.colcon_notification.desktop_notification.notify2:Failed to initialize notify2: org.freedesktop.DBus.Error.NotSupported: Unable to autolaunch a dbus-daemon without a $DISPLAY for X11
[12.332s] DEBUG:colcon.colcon_core.event_reactor:joined thread
[12.332s] INFO:colcon.colcon_core.shell:Creating prefix script '/root/ros2_ws/install/local_setup.ps1'
[12.338s] INFO:colcon.colcon_core.shell:Creating prefix util module '/root/ros2_ws/install/_local_setup_util_ps1.py'
[12.341s] INFO:colcon.colcon_core.shell:Creating prefix chain script '/root/ros2_ws/install/setup.ps1'
[12.344s] INFO:colcon.colcon_core.shell:Creating prefix script '/root/ros2_ws/install/local_setup.sh'
[12.344s] INFO:colcon.colcon_core.shell:Creating prefix util module '/root/ros2_ws/install/_local_setup_util_sh.py'
[12.345s] INFO:colcon.colcon_core.shell:Creating prefix chain script '/root/ros2_ws/install/setup.sh'
[12.347s] INFO:colcon.colcon_core.shell:Creating prefix script '/root/ros2_ws/install/local_setup.bash'
[12.348s] INFO:colcon.colcon_core.shell:Creating prefix chain script '/root/ros2_ws/install/setup.bash'
[12.350s] INFO:colcon.colcon_core.shell:Creating prefix script '/root/ros2_ws/install/local_setup.zsh'
[12.350s] INFO:colcon.colcon_core.shell:Creating prefix chain script '/root/ros2_ws/install/setup.zsh'
