[0.605s] Invoking command in '/root/ros2_ws/build/formula_student_bringup': CMAKE_PREFIX_PATH=${CMAKE_PREFIX_PATH}:/root/ros2_ws/install/yolov5_ros:/root/ros2_ws/install/pointcloud_publisher:/root/ros2_ws/install/detection:/opt/ros/humble /usr/bin/cmake --build /root/ros2_ws/build/formula_student_bringup -- -j8 -l8
[0.732s] Invoked command in '/root/ros2_ws/build/formula_student_bringup' returned '0': CMAKE_PREFIX_PATH=${CMAKE_PREFIX_PATH}:/root/ros2_ws/install/yolov5_ros:/root/ros2_ws/install/pointcloud_publisher:/root/ros2_ws/install/detection:/opt/ros/humble /usr/bin/cmake --build /root/ros2_ws/build/formula_student_bringup -- -j8 -l8
[0.856s] Invoking command in '/root/ros2_ws/build/formula_student_bringup': CMAKE_PREFIX_PATH=${CMAKE_PREFIX_PATH}:/root/ros2_ws/install/yolov5_ros:/root/ros2_ws/install/pointcloud_publisher:/root/ros2_ws/install/detection:/opt/ros/humble /usr/bin/cmake --install /root/ros2_ws/build/formula_student_bringup
[0.902s] -- Install configuration: ""
[0.902s] -- Execute custom install script
[0.904s] -- Up-to-date symlink: /root/ros2_ws/install/formula_student_bringup/share/formula_student_bringup/launch/tf_static.launch.py
[0.904s] -- Up-to-date symlink: /root/ros2_ws/install/formula_student_bringup/share/ament_index/resource_index/package_run_dependencies/formula_student_bringup
[0.904s] -- Up-to-date symlink: /root/ros2_ws/install/formula_student_bringup/share/ament_index/resource_index/parent_prefix_path/formula_student_bringup
[0.904s] -- Up-to-date symlink: /root/ros2_ws/install/formula_student_bringup/share/formula_student_bringup/environment/ament_prefix_path.sh
[0.904s] -- Up-to-date symlink: /root/ros2_ws/install/formula_student_bringup/share/formula_student_bringup/environment/ament_prefix_path.dsv
[0.904s] -- Up-to-date symlink: /root/ros2_ws/install/formula_student_bringup/share/formula_student_bringup/environment/path.sh
[0.905s] -- Up-to-date symlink: /root/ros2_ws/install/formula_student_bringup/share/formula_student_bringup/environment/path.dsv
[0.905s] -- Up-to-date symlink: /root/ros2_ws/install/formula_student_bringup/share/formula_student_bringup/local_setup.bash
[0.905s] -- Up-to-date symlink: /root/ros2_ws/install/formula_student_bringup/share/formula_student_bringup/local_setup.sh
[0.905s] -- Up-to-date symlink: /root/ros2_ws/install/formula_student_bringup/share/formula_student_bringup/local_setup.zsh
[0.906s] -- Up-to-date symlink: /root/ros2_ws/install/formula_student_bringup/share/formula_student_bringup/local_setup.dsv
[0.907s] -- Symlinking: /root/ros2_ws/install/formula_student_bringup/share/formula_student_bringup/package.dsv
[0.918s] -- Up-to-date symlink: /root/ros2_ws/install/formula_student_bringup/share/ament_index/resource_index/packages/formula_student_bringup
[0.923s] -- Up-to-date symlink: /root/ros2_ws/install/formula_student_bringup/share/formula_student_bringup/cmake/formula_student_bringupConfig.cmake
[0.924s] -- Up-to-date symlink: /root/ros2_ws/install/formula_student_bringup/share/formula_student_bringup/cmake/formula_student_bringupConfig-version.cmake
[0.924s] -- Up-to-date symlink: /root/ros2_ws/install/formula_student_bringup/share/formula_student_bringup/package.xml
[0.977s] Invoked command in '/root/ros2_ws/build/formula_student_bringup' returned '0': CMAKE_PREFIX_PATH=${CMAKE_PREFIX_PATH}:/root/ros2_ws/install/yolov5_ros:/root/ros2_ws/install/pointcloud_publisher:/root/ros2_ws/install/detection:/opt/ros/humble /usr/bin/cmake --install /root/ros2_ws/build/formula_student_bringup
