[0.127s] Invoking command in '/root/ros2_ws/build/cone_detection_lidar': CMAKE_PREFIX_PATH=${CMAKE_PREFIX_PATH}:/root/ros2_ws/install/yolov5_ros:/root/ros2_ws/install/pointcloud_publisher:/root/ros2_ws/install/detection:/opt/ros/humble /usr/bin/cmake --build /root/ros2_ws/build/cone_detection_lidar -- -j8 -l8
[0.658s] [ 50%] Built target detection_simple
[0.658s] [100%] Built target grid_trajectory
[0.673s] Invoked command in '/root/ros2_ws/build/cone_detection_lidar' returned '0': CMAKE_PREFIX_PATH=${CMAKE_PREFIX_PATH}:/root/ros2_ws/install/yolov5_ros:/root/ros2_ws/install/pointcloud_publisher:/root/ros2_ws/install/detection:/opt/ros/humble /usr/bin/cmake --build /root/ros2_ws/build/cone_detection_lidar -- -j8 -l8
[0.864s] Invoking command in '/root/ros2_ws/build/cone_detection_lidar': CMAKE_PREFIX_PATH=${CMAKE_PREFIX_PATH}:/root/ros2_ws/install/yolov5_ros:/root/ros2_ws/install/pointcloud_publisher:/root/ros2_ws/install/detection:/opt/ros/humble /usr/bin/cmake --install /root/ros2_ws/build/cone_detection_lidar
[0.901s] -- Install configuration: ""
[0.902s] -- Execute custom install script
[0.902s] -- Up-to-date symlink: /root/ros2_ws/install/cone_detection_lidar/share/cone_detection_lidar/launch/detection_simple.launch.py
[0.905s] -- Up-to-date symlink: /root/ros2_ws/install/cone_detection_lidar/share/cone_detection_lidar/launch/grid_detection.launch.py
[0.905s] -- Up-to-date symlink: /root/ros2_ws/install/cone_detection_lidar/share/cone_detection_lidar/launch/rviz01.launch.py
[0.906s] -- Up-to-date symlink: /root/ros2_ws/install/cone_detection_lidar/share/cone_detection_lidar/config/rviz01.rviz
[0.907s] -- Up-to-date symlink: /root/ros2_ws/install/cone_detection_lidar/lib/cone_detection_lidar/detection_simple
[0.908s] -- Up-to-date symlink: /root/ros2_ws/install/cone_detection_lidar/lib/cone_detection_lidar/grid_trajectory
[0.908s] -- Up-to-date symlink: /root/ros2_ws/install/cone_detection_lidar/share/ament_index/resource_index/package_run_dependencies/cone_detection_lidar
[0.911s] -- Up-to-date symlink: /root/ros2_ws/install/cone_detection_lidar/share/ament_index/resource_index/parent_prefix_path/cone_detection_lidar
[0.913s] -- Up-to-date symlink: /root/ros2_ws/install/cone_detection_lidar/share/cone_detection_lidar/environment/ament_prefix_path.sh
[0.915s] -- Up-to-date symlink: /root/ros2_ws/install/cone_detection_lidar/share/cone_detection_lidar/environment/ament_prefix_path.dsv
[0.915s] -- Up-to-date symlink: /root/ros2_ws/install/cone_detection_lidar/share/cone_detection_lidar/environment/path.sh
[0.916s] -- Up-to-date symlink: /root/ros2_ws/install/cone_detection_lidar/share/cone_detection_lidar/environment/path.dsv
[0.917s] -- Up-to-date symlink: /root/ros2_ws/install/cone_detection_lidar/share/cone_detection_lidar/local_setup.bash
[0.917s] -- Up-to-date symlink: /root/ros2_ws/install/cone_detection_lidar/share/cone_detection_lidar/local_setup.sh
[0.919s] -- Up-to-date symlink: /root/ros2_ws/install/cone_detection_lidar/share/cone_detection_lidar/local_setup.zsh
[0.921s] -- Up-to-date symlink: /root/ros2_ws/install/cone_detection_lidar/share/cone_detection_lidar/local_setup.dsv
[0.926s] -- Symlinking: /root/ros2_ws/install/cone_detection_lidar/share/cone_detection_lidar/package.dsv
[0.930s] -- Up-to-date symlink: /root/ros2_ws/install/cone_detection_lidar/share/ament_index/resource_index/packages/cone_detection_lidar
[0.932s] -- Up-to-date symlink: /root/ros2_ws/install/cone_detection_lidar/share/cone_detection_lidar/cmake/cone_detection_lidarConfig.cmake
[0.932s] -- Up-to-date symlink: /root/ros2_ws/install/cone_detection_lidar/share/cone_detection_lidar/cmake/cone_detection_lidarConfig-version.cmake
[0.932s] -- Up-to-date symlink: /root/ros2_ws/install/cone_detection_lidar/share/cone_detection_lidar/package.xml
[0.986s] Invoked command in '/root/ros2_ws/build/cone_detection_lidar' returned '0': CMAKE_PREFIX_PATH=${CMAKE_PREFIX_PATH}:/root/ros2_ws/install/yolov5_ros:/root/ros2_ws/install/pointcloud_publisher:/root/ros2_ws/install/detection:/opt/ros/humble /usr/bin/cmake --install /root/ros2_ws/build/cone_detection_lidar
