[0.600s] Invoking command in '/root/ros2_ws/build/lidar_cluster': CMAKE_PREFIX_PATH=${CMAKE_PREFIX_PATH}:/root/ros2_ws/install/yolov5_ros:/root/ros2_ws/install/pointcloud_publisher:/root/ros2_ws/install/detection:/opt/ros/humble /usr/bin/cmake --build /root/ros2_ws/build/lidar_cluster -- -j8 -l8
[0.780s] [ 13%] Built target dbscan_grid
[0.794s] [ 26%] Built target dblane_spatial
[0.829s] [ 60%] Built target dblane_f1s
[0.830s] [ 60%] Built target dbscan_spatial
[0.830s] [ 73%] Built target euclidean_spatial
[0.846s] [100%] Built target euclidean_grid
[0.894s] Invoked command in '/root/ros2_ws/build/lidar_cluster' returned '0': CMAKE_PREFIX_PATH=${CMAKE_PREFIX_PATH}:/root/ros2_ws/install/yolov5_ros:/root/ros2_ws/install/pointcloud_publisher:/root/ros2_ws/install/detection:/opt/ros/humble /usr/bin/cmake --build /root/ros2_ws/build/lidar_cluster -- -j8 -l8
[1.083s] Invoking command in '/root/ros2_ws/build/lidar_cluster': CMAKE_PREFIX_PATH=${CMAKE_PREFIX_PATH}:/root/ros2_ws/install/yolov5_ros:/root/ros2_ws/install/pointcloud_publisher:/root/ros2_ws/install/detection:/opt/ros/humble /usr/bin/cmake --install /root/ros2_ws/build/lidar_cluster
[1.102s] -- Install configuration: ""
[1.103s] -- Execute custom install script
[1.105s] -- Up-to-date symlink: /root/ros2_ws/install/lidar_cluster/share/lidar_cluster/launch/dblane_f1s.launch.py
[1.106s] -- Up-to-date symlink: /root/ros2_ws/install/lidar_cluster/share/lidar_cluster/launch/dblane_spatial.launch.py
[1.107s] -- Up-to-date symlink: /root/ros2_ws/install/lidar_cluster/share/lidar_cluster/launch/dbscan_spatial.launch.py
[1.108s] -- Up-to-date symlink: /root/ros2_ws/install/lidar_cluster/share/lidar_cluster/launch/euclidean_grid.launch.py
[1.110s] -- Up-to-date symlink: /root/ros2_ws/install/lidar_cluster/share/lidar_cluster/launch/euclidean_spatial.launch.py
[1.112s] -- Up-to-date symlink: /root/ros2_ws/install/lidar_cluster/share/lidar_cluster/launch/rviz01.launch.py
[1.113s] -- Up-to-date symlink: /root/ros2_ws/install/lidar_cluster/share/lidar_cluster/launch/rviz02.launch.py
[1.114s] -- Up-to-date symlink: /root/ros2_ws/install/lidar_cluster/share/lidar_cluster/config/.gitkeep
[1.115s] -- Up-to-date symlink: /root/ros2_ws/install/lidar_cluster/share/lidar_cluster/config/rviz01.rviz
[1.115s] -- Up-to-date symlink: /root/ros2_ws/install/lidar_cluster/share/lidar_cluster/config/rviz02.rviz
[1.117s] -- Up-to-date symlink: /root/ros2_ws/install/lidar_cluster/lib/lidar_cluster/dbscan_spatial
[1.117s] -- Up-to-date symlink: /root/ros2_ws/install/lidar_cluster/lib/lidar_cluster/dbscan_grid
[1.118s] -- Up-to-date symlink: /root/ros2_ws/install/lidar_cluster/lib/lidar_cluster/dblane_spatial
[1.118s] -- Up-to-date symlink: /root/ros2_ws/install/lidar_cluster/lib/lidar_cluster/euclidean_spatial
[1.118s] -- Up-to-date symlink: /root/ros2_ws/install/lidar_cluster/lib/lidar_cluster/dblane_f1s
[1.118s] -- Up-to-date symlink: /root/ros2_ws/install/lidar_cluster/lib/lidar_cluster/euclidean_grid
[1.118s] -- Up-to-date symlink: /root/ros2_ws/install/lidar_cluster/share/ament_index/resource_index/package_run_dependencies/lidar_cluster
[1.118s] -- Up-to-date symlink: /root/ros2_ws/install/lidar_cluster/share/ament_index/resource_index/parent_prefix_path/lidar_cluster
[1.118s] -- Up-to-date symlink: /root/ros2_ws/install/lidar_cluster/share/lidar_cluster/environment/ament_prefix_path.sh
[1.119s] -- Up-to-date symlink: /root/ros2_ws/install/lidar_cluster/share/lidar_cluster/environment/ament_prefix_path.dsv
[1.119s] -- Up-to-date symlink: /root/ros2_ws/install/lidar_cluster/share/lidar_cluster/environment/path.sh
[1.120s] -- Up-to-date symlink: /root/ros2_ws/install/lidar_cluster/share/lidar_cluster/environment/path.dsv
[1.120s] -- Up-to-date symlink: /root/ros2_ws/install/lidar_cluster/share/lidar_cluster/local_setup.bash
[1.120s] -- Up-to-date symlink: /root/ros2_ws/install/lidar_cluster/share/lidar_cluster/local_setup.sh
[1.121s] -- Up-to-date symlink: /root/ros2_ws/install/lidar_cluster/share/lidar_cluster/local_setup.zsh
[1.121s] -- Up-to-date symlink: /root/ros2_ws/install/lidar_cluster/share/lidar_cluster/local_setup.dsv
[1.122s] -- Symlinking: /root/ros2_ws/install/lidar_cluster/share/lidar_cluster/package.dsv
[1.137s] -- Up-to-date symlink: /root/ros2_ws/install/lidar_cluster/share/ament_index/resource_index/packages/lidar_cluster
[1.138s] -- Up-to-date symlink: /root/ros2_ws/install/lidar_cluster/share/lidar_cluster/cmake/lidar_clusterConfig.cmake
[1.138s] -- Up-to-date symlink: /root/ros2_ws/install/lidar_cluster/share/lidar_cluster/cmake/lidar_clusterConfig-version.cmake
[1.139s] -- Up-to-date symlink: /root/ros2_ws/install/lidar_cluster/share/lidar_cluster/package.xml
[1.588s] Invoked command in '/root/ros2_ws/build/lidar_cluster' returned '0': CMAKE_PREFIX_PATH=${CMAKE_PREFIX_PATH}:/root/ros2_ws/install/yolov5_ros:/root/ros2_ws/install/pointcloud_publisher:/root/ros2_ws/install/detection:/opt/ros/humble /usr/bin/cmake --install /root/ros2_ws/build/lidar_cluster
