-- The C compiler identification is GNU 11.4.0
-- The CXX compiler identification is GNU 11.4.0
-- Detecting C compiler ABI info
-- Detecting C compiler ABI info - done
-- Check for working C compiler: /usr/bin/cc - skipped
-- Detecting C compile features
-- Detecting C compile features - done
-- Detecting CXX compiler ABI info
-- Detecting CXX compiler ABI info - done
-- Check for working CXX compiler: /usr/bin/c++ - skipped
-- Detecting CXX compile features
-- Detecting CXX compile features - done
-- Found ament_cmake: 1.3.9 (/opt/ros/humble/share/ament_cmake/cmake)
-- Found Python3: /usr/bin/python3 (found version "3.10.12") found components: Interpreter 
-- Found rclcpp: 16.0.9 (/opt/ros/humble/share/rclcpp/cmake)
-- Found rosidl_generator_c: 3.1.5 (/opt/ros/humble/share/rosidl_generator_c/cmake)
-- Found rosidl_adapter: 3.1.5 (/opt/ros/humble/share/rosidl_adapter/cmake)
-- Found rosidl_generator_cpp: 3.1.5 (/opt/ros/humble/share/rosidl_generator_cpp/cmake)
-- Using all available rosidl_typesupport_c: rosidl_typesupport_fastrtps_c;rosidl_typesupport_introspection_c
-- Using all available rosidl_typesupport_cpp: rosidl_typesupport_fastrtps_cpp;rosidl_typesupport_introspection_cpp
-- Found rmw_implementation_cmake: 6.1.2 (/opt/ros/humble/share/rmw_implementation_cmake/cmake)
-- Found rmw_fastrtps_cpp: 6.2.6 (/opt/ros/humble/share/rmw_fastrtps_cpp/cmake)
-- Found OpenSSL: /usr/lib/x86_64-linux-gnu/libcrypto.so (found version "3.0.2")  
-- Found FastRTPS: /opt/ros/humble/include  
-- Using RMW implementation 'rmw_fastrtps_cpp' as default
-- Looking for pthread.h
-- Looking for pthread.h - found
-- Performing Test CMAKE_HAVE_LIBC_PTHREAD
-- Performing Test CMAKE_HAVE_LIBC_PTHREAD - Success
-- Found Threads: TRUE  
-- Found visualization_msgs: 4.2.4 (/opt/ros/humble/share/visualization_msgs/cmake)
-- Found tf2_geometry_msgs: 0.25.7 (/opt/ros/humble/share/tf2_geometry_msgs/cmake)
-- Found eigen3_cmake_module: 0.1.1 (/opt/ros/humble/share/eigen3_cmake_module/cmake)
-- Found Eigen3: TRUE (found version "3.4.0") 
-- Ensuring Eigen3 include directory is part of orocos-kdl CMake target
-- Found ament_lint_auto: 0.12.11 (/opt/ros/humble/share/ament_lint_auto/cmake)
-- Added test 'cppcheck' to perform static code analysis on C / C++ code
-- Configured cppcheck include dirs: /root/ros2_ws/src/formula_student_packages/cone_detection_camera/projection/include/projection;$<BUILD_INTERFACE:/root/ros2_ws/src/formula_student_packages/cone_detection_camera/projection/include>
-- Configured cppcheck exclude dirs and/or files: 
-- Added test 'lint_cmake' to check CMake code style
-- Added test 'uncrustify' to check C / C++ code style
-- Configured uncrustify additional arguments: 
-- Added test 'xmllint' to check XML markup files
-- Configuring done
-- Generating done
-- Build files have been written to: /root/ros2_ws/build/projection
[ 10%] [32mBuilding CXX object CMakeFiles/cone_detection_camera.dir/src/CheckingVariables.cpp.o[0m
[ 20%] [32mBuilding CXX object CMakeFiles/cone_detection_camera.dir/src/cone_detection_camera.cpp.o[0m
[ 30%] [32mBuilding CXX object CMakeFiles/cone_detection_camera.dir/src/ITransform.cpp.o[0m
[ 40%] [32mBuilding CXX object CMakeFiles/cone_detection_camera.dir/src/Cone.cpp.o[0m
[ 50%] [32mBuilding CXX object CMakeFiles/cone_detection_camera.dir/src/Particle.cpp.o[0m
[ 70%] [32mBuilding CXX object CMakeFiles/cone_detection_camera.dir/src/ProjectionHandler.cpp.o[0m
[ 70%] [32mBuilding CXX object CMakeFiles/cone_detection_camera.dir/src/Position.cpp.o[0m
[ 80%] [32mBuilding CXX object CMakeFiles/cone_detection_camera.dir/src/RosHandler.cpp.o[0m
[ 90%] [32mBuilding CXX object CMakeFiles/cone_detection_camera.dir/src/Validation.cpp.o[0m
In file included from [01m[K/root/ros2_ws/src/formula_student_packages/cone_detection_camera/projection/src/Particle.cpp:1[m[K:
[01m[K/root/ros2_ws/src/formula_student_packages/cone_detection_camera/projection/include/projection/Particle.h:[m[K In constructor ‘[01m[KParticle::Particle(int, float, float)[m[K’:
[01m[K/root/ros2_ws/src/formula_student_packages/cone_detection_camera/projection/include/projection/Particle.h:20:19:[m[K [01;35m[Kwarning: [m[K‘[01m[KParticle::m_id[m[K’ will be initialized after [[01;35m[K-Wreorder[m[K]
   20 |         const int [01;35m[Km_id[m[K;
      |                   [01;35m[K^~~~[m[K
[01m[K/root/ros2_ws/src/formula_student_packages/cone_detection_camera/projection/include/projection/Particle.h:17:19:[m[K [01;35m[Kwarning: [m[K  ‘[01m[KPosition* Particle::m_position[m[K’ [[01;35m[K-Wreorder[m[K]
   17 |         Position* [01;35m[Km_position[m[K;
      |                   [01;35m[K^~~~~~~~~~[m[K
[01m[K/root/ros2_ws/src/formula_student_packages/cone_detection_camera/projection/src/Particle.cpp:3:1:[m[K [01;35m[Kwarning: [m[K  when initialized here [[01;35m[K-Wreorder[m[K]
    3 | [01;35m[KParticle[m[K::Particle(const int _id, const float _x, const float _y)
      | [01;35m[K^~~~~~~~[m[K
[01m[K/root/ros2_ws/src/formula_student_packages/cone_detection_camera/projection/src/ProjectionHandler.cpp:[m[K In destructor ‘[01m[KProjectionHandler::~ProjectionHandler()[m[K’:
[01m[K/root/ros2_ws/src/formula_student_packages/cone_detection_camera/projection/src/ProjectionHandler.cpp:10:9:[m[K [01;35m[Kwarning: [m[Kdeleting object of polymorphic class type ‘[01m[KParticle[m[K’ which has non-virtual destructor might cause undefined behavior [[01;35m[K-Wdelete-non-virtual-dtor[m[K]
   10 |         [01;35m[Kdelete m_curParticle[m[K;
      |         [01;35m[K^~~~~~~~~~~~~~~~~~~~[m[K
[01m[K/root/ros2_ws/src/formula_student_packages/cone_detection_camera/projection/src/ProjectionHandler.cpp:11:9:[m[K [01;35m[Kwarning: [m[Kdeleting object of abstract class type ‘[01m[KITransform<Cone, float>[m[K’ which has non-virtual destructor will cause undefined behavior [[01;35m[K-Wdelete-non-virtual-dtor[m[K]
   11 |         [01;35m[Kdelete &m_getX[m[K;
      |         [01;35m[K^~~~~~~~~~~~~~[m[K
[01m[K/root/ros2_ws/src/formula_student_packages/cone_detection_camera/projection/src/ProjectionHandler.cpp:12:9:[m[K [01;35m[Kwarning: [m[Kdeleting object of abstract class type ‘[01m[KITransform<Cone, float>[m[K’ which has non-virtual destructor will cause undefined behavior [[01;35m[K-Wdelete-non-virtual-dtor[m[K]
   12 |         [01;35m[Kdelete &m_getY[m[K;
      |         [01;35m[K^~~~~~~~~~~~~~[m[K
[01m[K/root/ros2_ws/src/formula_student_packages/cone_detection_camera/projection/src/ProjectionHandler.cpp:[m[K In member function ‘[01m[Kvoid ProjectionHandler::doProjection(Cone*)[m[K’:
[01m[K/root/ros2_ws/src/formula_student_packages/cone_detection_camera/projection/src/ProjectionHandler.cpp:27:9:[m[K [01;35m[Kwarning: [m[Kdeleting object of polymorphic class type ‘[01m[KParticle[m[K’ which has non-virtual destructor might cause undefined behavior [[01;35m[K-Wdelete-non-virtual-dtor[m[K]
   27 |         [01;35m[Kdelete m_curParticle[m[K;
      |         [01;35m[K^~~~~~~~~~~~~~~~~~~~[m[K
[01m[K/root/ros2_ws/src/formula_student_packages/cone_detection_camera/projection/src/ProjectionHandler.cpp:30:46:[m[K [01;35m[Kwarning: [m[Kdeleting object of polymorphic class type ‘[01m[KCone[m[K’ which has non-virtual destructor might cause undefined behavior [[01;35m[K-Wdelete-non-virtual-dtor[m[K]
   30 |         if (!Validation::validate(*_cone)) { [01;35m[Kdelete     _cone[m[K; return; }
      |                                              [01;35m[K^~~~~~~~~~~~~~~~[m[K
[01m[K/root/ros2_ws/src/formula_student_packages/cone_detection_camera/projection/src/ProjectionHandler.cpp:42:9:[m[K [01;35m[Kwarning: [m[Kdeleting object of polymorphic class type ‘[01m[KCone[m[K’ which has non-virtual destructor might cause undefined behavior [[01;35m[K-Wdelete-non-virtual-dtor[m[K]
   42 |         [01;35m[Kdelete _cone[m[K;
      |         [01;35m[K^~~~~~~~~~~~[m[K
[100%] [32m[1mLinking CXX executable cone_detection_camera[0m
[100%] Built target cone_detection_camera
