[0.579s] Invoking command in '/root/ros2_ws/build/formula_student_bringup': CMAKE_PREFIX_PATH=${CMAKE_PREFIX_PATH}:/root/ros2_ws/install/eufs_tracks:/root/ros2_ws/install/detection:/root/ros2_ws/install/eufs_rqt:/root/ros2_ws/install/eufs_launcher:/root/ros2_ws/src/install/eufs_rqt:/root/ros2_ws/src/install/pointcloud_publisher:/root/ros2_ws/src/install/eufs_tracks:/root/ros2_ws/src/install/eufs_racecar:/root/ros2_ws/src/install/detection:/root/ros2_ws/install/eufs_racecar:/root/ros2_ws/install/pointcloud_publisher:/opt/ros/humble /usr/bin/cmake /root/ros2_ws/src/formula_student_packages/formula_student_bringup -DCMAKE_INSTALL_PREFIX=/root/ros2_ws/install/formula_student_bringup
[0.728s] -- The C compiler identification is GNU 11.4.0
[0.894s] -- The CXX compiler identification is GNU 11.4.0
[0.918s] -- Detecting C compiler ABI info
[1.097s] -- Detecting C compiler ABI info - done
[1.121s] -- Check for working C compiler: /usr/bin/cc - skipped
[1.124s] -- Detecting C compile features
[1.126s] -- Detecting C compile features - done
[1.146s] -- Detecting CXX compiler ABI info
[1.364s] -- Detecting CXX compiler ABI info - done
[1.393s] -- Check for working CXX compiler: /usr/bin/c++ - skipped
[1.393s] -- Detecting CXX compile features
[1.394s] -- Detecting CXX compile features - done
[1.403s] -- Found ament_cmake: 1.3.9 (/opt/ros/humble/share/ament_cmake/cmake)
[1.906s] -- Found Python3: /usr/bin/python3 (found version "3.10.12") found components: Interpreter 
[2.202s] -- Found tf2: 0.25.7 (/opt/ros/humble/share/tf2/cmake)
[2.320s] -- Found rosidl_generator_c: 3.1.5 (/opt/ros/humble/share/rosidl_generator_c/cmake)
[2.335s] -- Found rosidl_adapter: 3.1.5 (/opt/ros/humble/share/rosidl_adapter/cmake)
[2.373s] -- Found rosidl_generator_cpp: 3.1.5 (/opt/ros/humble/share/rosidl_generator_cpp/cmake)
[2.425s] -- Using all available rosidl_typesupport_c: rosidl_typesupport_fastrtps_c;rosidl_typesupport_introspection_c
[2.493s] -- Using all available rosidl_typesupport_cpp: rosidl_typesupport_fastrtps_cpp;rosidl_typesupport_introspection_cpp
[2.886s] -- Found tf2_msgs: 0.25.7 (/opt/ros/humble/share/tf2_msgs/cmake)
[3.313s] -- Found tf2_ros: 0.25.7 (/opt/ros/humble/share/tf2_ros/cmake)
[3.619s] -- Found rmw_implementation_cmake: 6.1.2 (/opt/ros/humble/share/rmw_implementation_cmake/cmake)
[3.629s] -- Found rmw_fastrtps_cpp: 6.2.6 (/opt/ros/humble/share/rmw_fastrtps_cpp/cmake)
[3.969s] -- Found OpenSSL: /usr/lib/x86_64-linux-gnu/libcrypto.so (found version "3.0.2")  
[4.031s] -- Found FastRTPS: /opt/ros/humble/include  
[4.149s] -- Using RMW implementation 'rmw_fastrtps_cpp' as default
[4.175s] -- Looking for pthread.h
[4.370s] -- Looking for pthread.h - found
[4.371s] -- Performing Test CMAKE_HAVE_LIBC_PTHREAD
[4.570s] -- Performing Test CMAKE_HAVE_LIBC_PTHREAD - Success
[4.580s] -- Found Threads: TRUE  
[5.240s] -- Found tf2_geometry_msgs: 0.25.7 (/opt/ros/humble/share/tf2_geometry_msgs/cmake)
[5.287s] -- Found eigen3_cmake_module: 0.1.1 (/opt/ros/humble/share/eigen3_cmake_module/cmake)
[5.292s] -- Found Eigen3: TRUE (found version "3.4.0") 
[5.295s] -- Ensuring Eigen3 include directory is part of orocos-kdl CMake target
[5.331s] -- Found ament_lint_auto: 0.12.11 (/opt/ros/humble/share/ament_lint_auto/cmake)
[5.589s] -- Added test 'flake8' to check Python code syntax and style conventions
[5.593s] -- Added test 'lint_cmake' to check CMake code style
[5.594s] -- Added test 'pep257' to check Python code against some of the docstring style conventions in PEP 257
[5.604s] -- Added test 'xmllint' to check XML markup files
[5.605s] -- Configuring done
[5.618s] -- Generating done
[5.623s] -- Build files have been written to: /root/ros2_ws/build/formula_student_bringup
[5.652s] Invoked command in '/root/ros2_ws/build/formula_student_bringup' returned '0': CMAKE_PREFIX_PATH=${CMAKE_PREFIX_PATH}:/root/ros2_ws/install/eufs_tracks:/root/ros2_ws/install/detection:/root/ros2_ws/install/eufs_rqt:/root/ros2_ws/install/eufs_launcher:/root/ros2_ws/src/install/eufs_rqt:/root/ros2_ws/src/install/pointcloud_publisher:/root/ros2_ws/src/install/eufs_tracks:/root/ros2_ws/src/install/eufs_racecar:/root/ros2_ws/src/install/detection:/root/ros2_ws/install/eufs_racecar:/root/ros2_ws/install/pointcloud_publisher:/opt/ros/humble /usr/bin/cmake /root/ros2_ws/src/formula_student_packages/formula_student_bringup -DCMAKE_INSTALL_PREFIX=/root/ros2_ws/install/formula_student_bringup
[5.653s] Invoking command in '/root/ros2_ws/build/formula_student_bringup': CMAKE_PREFIX_PATH=${CMAKE_PREFIX_PATH}:/root/ros2_ws/install/eufs_tracks:/root/ros2_ws/install/detection:/root/ros2_ws/install/eufs_rqt:/root/ros2_ws/install/eufs_launcher:/root/ros2_ws/src/install/eufs_rqt:/root/ros2_ws/src/install/pointcloud_publisher:/root/ros2_ws/src/install/eufs_tracks:/root/ros2_ws/src/install/eufs_racecar:/root/ros2_ws/src/install/detection:/root/ros2_ws/install/eufs_racecar:/root/ros2_ws/install/pointcloud_publisher:/opt/ros/humble /usr/bin/cmake --build /root/ros2_ws/build/formula_student_bringup -- -j8 -l8
[9.944s] Invoked command in '/root/ros2_ws/build/formula_student_bringup' returned '0': CMAKE_PREFIX_PATH=${CMAKE_PREFIX_PATH}:/root/ros2_ws/install/eufs_tracks:/root/ros2_ws/install/detection:/root/ros2_ws/install/eufs_rqt:/root/ros2_ws/install/eufs_launcher:/root/ros2_ws/src/install/eufs_rqt:/root/ros2_ws/src/install/pointcloud_publisher:/root/ros2_ws/src/install/eufs_tracks:/root/ros2_ws/src/install/eufs_racecar:/root/ros2_ws/src/install/detection:/root/ros2_ws/install/eufs_racecar:/root/ros2_ws/install/pointcloud_publisher:/opt/ros/humble /usr/bin/cmake --build /root/ros2_ws/build/formula_student_bringup -- -j8 -l8
[10.053s] Invoking command in '/root/ros2_ws/build/formula_student_bringup': CMAKE_PREFIX_PATH=${CMAKE_PREFIX_PATH}:/root/ros2_ws/install/eufs_tracks:/root/ros2_ws/install/detection:/root/ros2_ws/install/eufs_rqt:/root/ros2_ws/install/eufs_launcher:/root/ros2_ws/src/install/eufs_rqt:/root/ros2_ws/src/install/pointcloud_publisher:/root/ros2_ws/src/install/eufs_tracks:/root/ros2_ws/src/install/eufs_racecar:/root/ros2_ws/src/install/detection:/root/ros2_ws/install/eufs_racecar:/root/ros2_ws/install/pointcloud_publisher:/opt/ros/humble /usr/bin/cmake --install /root/ros2_ws/build/formula_student_bringup
[13.609s] -- Install configuration: ""
[13.610s] -- Installing: /root/ros2_ws/install/formula_student_bringup/share/formula_student_bringup/launch
[13.610s] -- Installing: /root/ros2_ws/install/formula_student_bringup/share/formula_student_bringup/launch/tf_static.launch.py
[13.610s] -- Installing: /root/ros2_ws/install/formula_student_bringup/share/ament_index/resource_index/package_run_dependencies/formula_student_bringup
[13.610s] -- Installing: /root/ros2_ws/install/formula_student_bringup/share/ament_index/resource_index/parent_prefix_path/formula_student_bringup
[13.610s] -- Installing: /root/ros2_ws/install/formula_student_bringup/share/formula_student_bringup/environment/ament_prefix_path.sh
[13.610s] -- Installing: /root/ros2_ws/install/formula_student_bringup/share/formula_student_bringup/environment/ament_prefix_path.dsv
[13.610s] -- Installing: /root/ros2_ws/install/formula_student_bringup/share/formula_student_bringup/environment/path.sh
[13.611s] -- Installing: /root/ros2_ws/install/formula_student_bringup/share/formula_student_bringup/environment/path.dsv
[13.611s] -- Installing: /root/ros2_ws/install/formula_student_bringup/share/formula_student_bringup/local_setup.bash
[13.611s] -- Installing: /root/ros2_ws/install/formula_student_bringup/share/formula_student_bringup/local_setup.sh
[13.611s] -- Installing: /root/ros2_ws/install/formula_student_bringup/share/formula_student_bringup/local_setup.zsh
[13.611s] -- Installing: /root/ros2_ws/install/formula_student_bringup/share/formula_student_bringup/local_setup.dsv
[13.611s] -- Installing: /root/ros2_ws/install/formula_student_bringup/share/formula_student_bringup/package.dsv
[13.611s] -- Installing: /root/ros2_ws/install/formula_student_bringup/share/ament_index/resource_index/packages/formula_student_bringup
[13.612s] -- Installing: /root/ros2_ws/install/formula_student_bringup/share/formula_student_bringup/cmake/formula_student_bringupConfig.cmake
[13.612s] -- Installing: /root/ros2_ws/install/formula_student_bringup/share/formula_student_bringup/cmake/formula_student_bringupConfig-version.cmake
[13.612s] -- Installing: /root/ros2_ws/install/formula_student_bringup/share/formula_student_bringup/package.xml
[13.617s] Invoked command in '/root/ros2_ws/build/formula_student_bringup' returned '0': CMAKE_PREFIX_PATH=${CMAKE_PREFIX_PATH}:/root/ros2_ws/install/eufs_tracks:/root/ros2_ws/install/detection:/root/ros2_ws/install/eufs_rqt:/root/ros2_ws/install/eufs_launcher:/root/ros2_ws/src/install/eufs_rqt:/root/ros2_ws/src/install/pointcloud_publisher:/root/ros2_ws/src/install/eufs_tracks:/root/ros2_ws/src/install/eufs_racecar:/root/ros2_ws/src/install/detection:/root/ros2_ws/install/eufs_racecar:/root/ros2_ws/install/pointcloud_publisher:/opt/ros/humble /usr/bin/cmake --install /root/ros2_ws/build/formula_student_bringup
