[0.225s] DEBUG:colcon:Command line arguments: ['/usr/bin/colcon', 'build', '--packages-select', 'v4l2_camera']
[0.225s] DEBUG:colcon:Parsed command line arguments: Namespace(log_base=None, log_level=None, verb_name='build', build_base='build', install_base='install', merge_install=False, symlink_install=False, test_result_base=None, continue_on_error=False, executor='parallel', parallel_workers=8, event_handlers=None, ignore_user_meta=False, metas=['./colcon.meta'], base_paths=['.'], packages_ignore=None, packages_ignore_regex=None, paths=None, packages_up_to=None, packages_up_to_regex=None, packages_above=None, packages_above_and_dependencies=None, packages_above_depth=None, packages_select_by_dep=None, packages_skip_by_dep=None, packages_skip_up_to=None, packages_select_build_failed=False, packages_skip_build_finished=False, packages_select_test_failures=False, packages_skip_test_passed=False, packages_select=['v4l2_camera'], packages_skip=None, packages_select_regex=None, packages_skip_regex=None, packages_start=None, packages_end=None, cmake_args=None, cmake_target=None, cmake_target_skip_unavailable=False, cmake_clean_cache=False, cmake_clean_first=False, cmake_force_configure=False, ament_cmake_args=None, catkin_cmake_args=None, catkin_skip_building_tests=False, mixin_files=None, mixin=None, verb_parser=<colcon_mixin.mixin.mixin_argument.MixinArgumentDecorator object at 0x7f99cda14e20>, verb_extension=<colcon_core.verb.build.BuildVerb object at 0x7f99cdb35600>, main=<bound method BuildVerb.main of <colcon_core.verb.build.BuildVerb object at 0x7f99cdb35600>>, mixin_verb=('build',))
[0.449s] Level 1:colcon.colcon_core.package_discovery:discover_packages(colcon_meta) check parameters
[0.450s] INFO:colcon.colcon_metadata.package_discovery.colcon_meta:Using configuration from '/root/.colcon/metadata/default/Gazebo.meta'
[0.450s] INFO:colcon.colcon_metadata.package_discovery.colcon_meta:Using configuration from '/root/.colcon/metadata/default/fastrtps.meta'
[0.451s] Level 1:colcon.colcon_core.package_discovery:discover_packages(recursive) check parameters
[0.451s] Level 1:colcon.colcon_core.package_discovery:discover_packages(ignore) check parameters
[0.451s] Level 1:colcon.colcon_core.package_discovery:discover_packages(path) check parameters
[0.451s] Level 1:colcon.colcon_core.package_discovery:discover_packages(colcon_meta) discover
[0.451s] Level 1:colcon.colcon_core.package_discovery:discover_packages(recursive) discover
[0.451s] INFO:colcon.colcon_core.package_discovery:Crawling recursively for packages in '/root/ros2_ws'
[0.451s] Level 1:colcon.colcon_core.package_identification:_identify(.) by extensions ['ignore', 'ignore_ament_install']
[0.451s] Level 1:colcon.colcon_core.package_identification:_identify(.) by extension 'ignore'
[0.451s] Level 1:colcon.colcon_core.package_identification:_identify(.) by extension 'ignore_ament_install'
[0.451s] Level 1:colcon.colcon_core.package_identification:_identify(.) by extensions ['colcon_pkg']
[0.451s] Level 1:colcon.colcon_core.package_identification:_identify(.) by extension 'colcon_pkg'
[0.451s] Level 1:colcon.colcon_core.package_identification:_identify(.) by extensions ['colcon_meta']
[0.451s] Level 1:colcon.colcon_core.package_identification:_identify(.) by extension 'colcon_meta'
[0.451s] Level 1:colcon.colcon_core.package_identification:_identify(.) by extensions ['ros']
[0.451s] Level 1:colcon.colcon_core.package_identification:_identify(.) by extension 'ros'
[0.470s] Level 1:colcon.colcon_core.package_identification:_identify(.) by extensions ['cmake', 'python']
[0.470s] Level 1:colcon.colcon_core.package_identification:_identify(.) by extension 'cmake'
[0.470s] Level 1:colcon.colcon_core.package_identification:_identify(.) by extension 'python'
[0.470s] Level 1:colcon.colcon_core.package_identification:_identify(.) by extensions ['python_setup_py']
[0.471s] Level 1:colcon.colcon_core.package_identification:_identify(.) by extension 'python_setup_py'
[0.471s] Level 1:colcon.colcon_core.package_identification:_identify(build) by extensions ['ignore', 'ignore_ament_install']
[0.471s] Level 1:colcon.colcon_core.package_identification:_identify(build) by extension 'ignore'
[0.471s] Level 1:colcon.colcon_core.package_identification:_identify(build) ignored
[0.471s] Level 1:colcon.colcon_core.package_identification:_identify(install) by extensions ['ignore', 'ignore_ament_install']
[0.471s] Level 1:colcon.colcon_core.package_identification:_identify(install) by extension 'ignore'
[0.471s] Level 1:colcon.colcon_core.package_identification:_identify(install) ignored
[0.471s] Level 1:colcon.colcon_core.package_identification:_identify(log) by extensions ['ignore', 'ignore_ament_install']
[0.472s] Level 1:colcon.colcon_core.package_identification:_identify(log) by extension 'ignore'
[0.472s] Level 1:colcon.colcon_core.package_identification:_identify(log) ignored
[0.472s] Level 1:colcon.colcon_core.package_identification:_identify(src) by extensions ['ignore', 'ignore_ament_install']
[0.472s] Level 1:colcon.colcon_core.package_identification:_identify(src) by extension 'ignore'
[0.472s] Level 1:colcon.colcon_core.package_identification:_identify(src) by extension 'ignore_ament_install'
[0.472s] Level 1:colcon.colcon_core.package_identification:_identify(src) by extensions ['colcon_pkg']
[0.472s] Level 1:colcon.colcon_core.package_identification:_identify(src) by extension 'colcon_pkg'
[0.472s] Level 1:colcon.colcon_core.package_identification:_identify(src) by extensions ['colcon_meta']
[0.472s] Level 1:colcon.colcon_core.package_identification:_identify(src) by extension 'colcon_meta'
[0.472s] Level 1:colcon.colcon_core.package_identification:_identify(src) by extensions ['ros']
[0.472s] Level 1:colcon.colcon_core.package_identification:_identify(src) by extension 'ros'
[0.472s] Level 1:colcon.colcon_core.package_identification:_identify(src) by extensions ['cmake', 'python']
[0.472s] Level 1:colcon.colcon_core.package_identification:_identify(src) by extension 'cmake'
[0.472s] Level 1:colcon.colcon_core.package_identification:_identify(src) by extension 'python'
[0.472s] Level 1:colcon.colcon_core.package_identification:_identify(src) by extensions ['python_setup_py']
[0.473s] Level 1:colcon.colcon_core.package_identification:_identify(src) by extension 'python_setup_py'
[0.473s] Level 1:colcon.colcon_core.package_identification:_identify(src/YOLOv5-ROS) by extensions ['ignore', 'ignore_ament_install']
[0.473s] Level 1:colcon.colcon_core.package_identification:_identify(src/YOLOv5-ROS) by extension 'ignore'
[0.473s] Level 1:colcon.colcon_core.package_identification:_identify(src/YOLOv5-ROS) by extension 'ignore_ament_install'
[0.473s] Level 1:colcon.colcon_core.package_identification:_identify(src/YOLOv5-ROS) by extensions ['colcon_pkg']
[0.473s] Level 1:colcon.colcon_core.package_identification:_identify(src/YOLOv5-ROS) by extension 'colcon_pkg'
[0.473s] Level 1:colcon.colcon_core.package_identification:_identify(src/YOLOv5-ROS) by extensions ['colcon_meta']
[0.473s] Level 1:colcon.colcon_core.package_identification:_identify(src/YOLOv5-ROS) by extension 'colcon_meta'
[0.473s] Level 1:colcon.colcon_core.package_identification:_identify(src/YOLOv5-ROS) by extensions ['ros']
[0.473s] Level 1:colcon.colcon_core.package_identification:_identify(src/YOLOv5-ROS) by extension 'ros'
[0.473s] Level 1:colcon.colcon_core.package_identification:_identify(src/YOLOv5-ROS) by extensions ['cmake', 'python']
[0.473s] Level 1:colcon.colcon_core.package_identification:_identify(src/YOLOv5-ROS) by extension 'cmake'
[0.473s] Level 1:colcon.colcon_core.package_identification:_identify(src/YOLOv5-ROS) by extension 'python'
[0.473s] Level 1:colcon.colcon_core.package_identification:_identify(src/YOLOv5-ROS) by extensions ['python_setup_py']
[0.473s] Level 1:colcon.colcon_core.package_identification:_identify(src/YOLOv5-ROS) by extension 'python_setup_py'
[0.474s] Level 1:colcon.colcon_core.package_identification:_identify(src/YOLOv5-ROS/yolov5_ros) by extensions ['ignore', 'ignore_ament_install']
[0.474s] Level 1:colcon.colcon_core.package_identification:_identify(src/YOLOv5-ROS/yolov5_ros) by extension 'ignore'
[0.474s] Level 1:colcon.colcon_core.package_identification:_identify(src/YOLOv5-ROS/yolov5_ros) by extension 'ignore_ament_install'
[0.474s] Level 1:colcon.colcon_core.package_identification:_identify(src/YOLOv5-ROS/yolov5_ros) by extensions ['colcon_pkg']
[0.474s] Level 1:colcon.colcon_core.package_identification:_identify(src/YOLOv5-ROS/yolov5_ros) by extension 'colcon_pkg'
[0.474s] Level 1:colcon.colcon_core.package_identification:_identify(src/YOLOv5-ROS/yolov5_ros) by extensions ['colcon_meta']
[0.474s] Level 1:colcon.colcon_core.package_identification:_identify(src/YOLOv5-ROS/yolov5_ros) by extension 'colcon_meta'
[0.474s] Level 1:colcon.colcon_core.package_identification:_identify(src/YOLOv5-ROS/yolov5_ros) by extensions ['ros']
[0.474s] Level 1:colcon.colcon_core.package_identification:_identify(src/YOLOv5-ROS/yolov5_ros) by extension 'ros'
[0.480s] DEBUG:colcon.colcon_core.package_identification:Package 'src/YOLOv5-ROS/yolov5_ros' with type 'ros.ament_python' and name 'yolov5_ros'
[0.480s] Level 1:colcon.colcon_core.package_identification:_identify(src/bbox_ex_msgs) by extensions ['ignore', 'ignore_ament_install']
[0.480s] Level 1:colcon.colcon_core.package_identification:_identify(src/bbox_ex_msgs) by extension 'ignore'
[0.480s] Level 1:colcon.colcon_core.package_identification:_identify(src/bbox_ex_msgs) by extension 'ignore_ament_install'
[0.480s] Level 1:colcon.colcon_core.package_identification:_identify(src/bbox_ex_msgs) by extensions ['colcon_pkg']
[0.481s] Level 1:colcon.colcon_core.package_identification:_identify(src/bbox_ex_msgs) by extension 'colcon_pkg'
[0.481s] Level 1:colcon.colcon_core.package_identification:_identify(src/bbox_ex_msgs) by extensions ['colcon_meta']
[0.481s] Level 1:colcon.colcon_core.package_identification:_identify(src/bbox_ex_msgs) by extension 'colcon_meta'
[0.481s] Level 1:colcon.colcon_core.package_identification:_identify(src/bbox_ex_msgs) by extensions ['ros']
[0.481s] Level 1:colcon.colcon_core.package_identification:_identify(src/bbox_ex_msgs) by extension 'ros'
[0.482s] DEBUG:colcon.colcon_core.package_identification:Package 'src/bbox_ex_msgs' with type 'ros.ament_cmake' and name 'bboxes_ex_msgs'
[0.482s] Level 1:colcon.colcon_core.package_identification:_identify(src/csv_to_pointcloud2_converter) by extensions ['ignore', 'ignore_ament_install']
[0.483s] Level 1:colcon.colcon_core.package_identification:_identify(src/csv_to_pointcloud2_converter) by extension 'ignore'
[0.483s] Level 1:colcon.colcon_core.package_identification:_identify(src/csv_to_pointcloud2_converter) by extension 'ignore_ament_install'
[0.483s] Level 1:colcon.colcon_core.package_identification:_identify(src/csv_to_pointcloud2_converter) by extensions ['colcon_pkg']
[0.483s] Level 1:colcon.colcon_core.package_identification:_identify(src/csv_to_pointcloud2_converter) by extension 'colcon_pkg'
[0.483s] Level 1:colcon.colcon_core.package_identification:_identify(src/csv_to_pointcloud2_converter) by extensions ['colcon_meta']
[0.483s] Level 1:colcon.colcon_core.package_identification:_identify(src/csv_to_pointcloud2_converter) by extension 'colcon_meta'
[0.483s] Level 1:colcon.colcon_core.package_identification:_identify(src/csv_to_pointcloud2_converter) by extensions ['ros']
[0.483s] Level 1:colcon.colcon_core.package_identification:_identify(src/csv_to_pointcloud2_converter) by extension 'ros'
[0.484s] DEBUG:colcon.colcon_core.package_identification:Package 'src/csv_to_pointcloud2_converter' with type 'ros.ament_cmake' and name 'csv_to_pointcloud2_converter'
[0.484s] Level 1:colcon.colcon_core.package_identification:_identify(src/formula_student_packages) by extensions ['ignore', 'ignore_ament_install']
[0.484s] Level 1:colcon.colcon_core.package_identification:_identify(src/formula_student_packages) by extension 'ignore'
[0.484s] Level 1:colcon.colcon_core.package_identification:_identify(src/formula_student_packages) by extension 'ignore_ament_install'
[0.484s] Level 1:colcon.colcon_core.package_identification:_identify(src/formula_student_packages) by extensions ['colcon_pkg']
[0.484s] Level 1:colcon.colcon_core.package_identification:_identify(src/formula_student_packages) by extension 'colcon_pkg'
[0.484s] Level 1:colcon.colcon_core.package_identification:_identify(src/formula_student_packages) by extensions ['colcon_meta']
[0.484s] Level 1:colcon.colcon_core.package_identification:_identify(src/formula_student_packages) by extension 'colcon_meta'
[0.484s] Level 1:colcon.colcon_core.package_identification:_identify(src/formula_student_packages) by extensions ['ros']
[0.485s] Level 1:colcon.colcon_core.package_identification:_identify(src/formula_student_packages) by extension 'ros'
[0.485s] Level 1:colcon.colcon_core.package_identification:_identify(src/formula_student_packages) by extensions ['cmake', 'python']
[0.485s] Level 1:colcon.colcon_core.package_identification:_identify(src/formula_student_packages) by extension 'cmake'
[0.485s] Level 1:colcon.colcon_core.package_identification:_identify(src/formula_student_packages) by extension 'python'
[0.485s] Level 1:colcon.colcon_core.package_identification:_identify(src/formula_student_packages) by extensions ['python_setup_py']
[0.485s] Level 1:colcon.colcon_core.package_identification:_identify(src/formula_student_packages) by extension 'python_setup_py'
[0.485s] Level 1:colcon.colcon_core.package_identification:_identify(src/formula_student_packages/cone_detection_camera) by extensions ['ignore', 'ignore_ament_install']
[0.485s] Level 1:colcon.colcon_core.package_identification:_identify(src/formula_student_packages/cone_detection_camera) by extension 'ignore'
[0.485s] Level 1:colcon.colcon_core.package_identification:_identify(src/formula_student_packages/cone_detection_camera) by extension 'ignore_ament_install'
[0.485s] Level 1:colcon.colcon_core.package_identification:_identify(src/formula_student_packages/cone_detection_camera) by extensions ['colcon_pkg']
[0.485s] Level 1:colcon.colcon_core.package_identification:_identify(src/formula_student_packages/cone_detection_camera) by extension 'colcon_pkg'
[0.485s] Level 1:colcon.colcon_core.package_identification:_identify(src/formula_student_packages/cone_detection_camera) by extensions ['colcon_meta']
[0.485s] Level 1:colcon.colcon_core.package_identification:_identify(src/formula_student_packages/cone_detection_camera) by extension 'colcon_meta'
[0.485s] Level 1:colcon.colcon_core.package_identification:_identify(src/formula_student_packages/cone_detection_camera) by extensions ['ros']
[0.485s] Level 1:colcon.colcon_core.package_identification:_identify(src/formula_student_packages/cone_detection_camera) by extension 'ros'
[0.486s] Level 1:colcon.colcon_core.package_identification:_identify(src/formula_student_packages/cone_detection_camera) by extensions ['cmake', 'python']
[0.486s] Level 1:colcon.colcon_core.package_identification:_identify(src/formula_student_packages/cone_detection_camera) by extension 'cmake'
[0.486s] Level 1:colcon.colcon_core.package_identification:_identify(src/formula_student_packages/cone_detection_camera) by extension 'python'
[0.486s] Level 1:colcon.colcon_core.package_identification:_identify(src/formula_student_packages/cone_detection_camera) by extensions ['python_setup_py']
[0.486s] Level 1:colcon.colcon_core.package_identification:_identify(src/formula_student_packages/cone_detection_camera) by extension 'python_setup_py'
[0.486s] Level 1:colcon.colcon_core.package_identification:_identify(src/formula_student_packages/cone_detection_camera/detection) by extensions ['ignore', 'ignore_ament_install']
[0.486s] Level 1:colcon.colcon_core.package_identification:_identify(src/formula_student_packages/cone_detection_camera/detection) by extension 'ignore'
[0.486s] Level 1:colcon.colcon_core.package_identification:_identify(src/formula_student_packages/cone_detection_camera/detection) by extension 'ignore_ament_install'
[0.486s] Level 1:colcon.colcon_core.package_identification:_identify(src/formula_student_packages/cone_detection_camera/detection) by extensions ['colcon_pkg']
[0.486s] Level 1:colcon.colcon_core.package_identification:_identify(src/formula_student_packages/cone_detection_camera/detection) by extension 'colcon_pkg'
[0.486s] Level 1:colcon.colcon_core.package_identification:_identify(src/formula_student_packages/cone_detection_camera/detection) by extensions ['colcon_meta']
[0.486s] Level 1:colcon.colcon_core.package_identification:_identify(src/formula_student_packages/cone_detection_camera/detection) by extension 'colcon_meta'
[0.486s] Level 1:colcon.colcon_core.package_identification:_identify(src/formula_student_packages/cone_detection_camera/detection) by extensions ['ros']
[0.486s] Level 1:colcon.colcon_core.package_identification:_identify(src/formula_student_packages/cone_detection_camera/detection) by extension 'ros'
[0.487s] DEBUG:colcon.colcon_core.package_identification:Package 'src/formula_student_packages/cone_detection_camera/detection' with type 'ros.ament_python' and name 'detection'
[0.487s] Level 1:colcon.colcon_core.package_identification:_identify(src/formula_student_packages/cone_detection_camera/projection) by extensions ['ignore', 'ignore_ament_install']
[0.487s] Level 1:colcon.colcon_core.package_identification:_identify(src/formula_student_packages/cone_detection_camera/projection) by extension 'ignore'
[0.487s] Level 1:colcon.colcon_core.package_identification:_identify(src/formula_student_packages/cone_detection_camera/projection) by extension 'ignore_ament_install'
[0.487s] Level 1:colcon.colcon_core.package_identification:_identify(src/formula_student_packages/cone_detection_camera/projection) by extensions ['colcon_pkg']
[0.487s] Level 1:colcon.colcon_core.package_identification:_identify(src/formula_student_packages/cone_detection_camera/projection) by extension 'colcon_pkg'
[0.488s] Level 1:colcon.colcon_core.package_identification:_identify(src/formula_student_packages/cone_detection_camera/projection) by extensions ['colcon_meta']
[0.488s] Level 1:colcon.colcon_core.package_identification:_identify(src/formula_student_packages/cone_detection_camera/projection) by extension 'colcon_meta'
[0.488s] Level 1:colcon.colcon_core.package_identification:_identify(src/formula_student_packages/cone_detection_camera/projection) by extensions ['ros']
[0.488s] Level 1:colcon.colcon_core.package_identification:_identify(src/formula_student_packages/cone_detection_camera/projection) by extension 'ros'
[0.488s] DEBUG:colcon.colcon_core.package_identification:Package 'src/formula_student_packages/cone_detection_camera/projection' with type 'ros.ament_cmake' and name 'projection'
[0.488s] Level 1:colcon.colcon_core.package_identification:_identify(src/formula_student_packages/cone_detection_lidar) by extensions ['ignore', 'ignore_ament_install']
[0.489s] Level 1:colcon.colcon_core.package_identification:_identify(src/formula_student_packages/cone_detection_lidar) by extension 'ignore'
[0.489s] Level 1:colcon.colcon_core.package_identification:_identify(src/formula_student_packages/cone_detection_lidar) by extension 'ignore_ament_install'
[0.489s] Level 1:colcon.colcon_core.package_identification:_identify(src/formula_student_packages/cone_detection_lidar) by extensions ['colcon_pkg']
[0.489s] Level 1:colcon.colcon_core.package_identification:_identify(src/formula_student_packages/cone_detection_lidar) by extension 'colcon_pkg'
[0.489s] Level 1:colcon.colcon_core.package_identification:_identify(src/formula_student_packages/cone_detection_lidar) by extensions ['colcon_meta']
[0.489s] Level 1:colcon.colcon_core.package_identification:_identify(src/formula_student_packages/cone_detection_lidar) by extension 'colcon_meta'
[0.489s] Level 1:colcon.colcon_core.package_identification:_identify(src/formula_student_packages/cone_detection_lidar) by extensions ['ros']
[0.489s] Level 1:colcon.colcon_core.package_identification:_identify(src/formula_student_packages/cone_detection_lidar) by extension 'ros'
[0.491s] DEBUG:colcon.colcon_core.package_identification:Package 'src/formula_student_packages/cone_detection_lidar' with type 'ros.ament_cmake' and name 'cone_detection_lidar'
[0.491s] Level 1:colcon.colcon_core.package_identification:_identify(src/formula_student_packages/formula_student_bringup) by extensions ['ignore', 'ignore_ament_install']
[0.491s] Level 1:colcon.colcon_core.package_identification:_identify(src/formula_student_packages/formula_student_bringup) by extension 'ignore'
[0.491s] Level 1:colcon.colcon_core.package_identification:_identify(src/formula_student_packages/formula_student_bringup) by extension 'ignore_ament_install'
[0.491s] Level 1:colcon.colcon_core.package_identification:_identify(src/formula_student_packages/formula_student_bringup) by extensions ['colcon_pkg']
[0.491s] Level 1:colcon.colcon_core.package_identification:_identify(src/formula_student_packages/formula_student_bringup) by extension 'colcon_pkg'
[0.491s] Level 1:colcon.colcon_core.package_identification:_identify(src/formula_student_packages/formula_student_bringup) by extensions ['colcon_meta']
[0.491s] Level 1:colcon.colcon_core.package_identification:_identify(src/formula_student_packages/formula_student_bringup) by extension 'colcon_meta'
[0.491s] Level 1:colcon.colcon_core.package_identification:_identify(src/formula_student_packages/formula_student_bringup) by extensions ['ros']
[0.491s] Level 1:colcon.colcon_core.package_identification:_identify(src/formula_student_packages/formula_student_bringup) by extension 'ros'
[0.492s] DEBUG:colcon.colcon_core.package_identification:Package 'src/formula_student_packages/formula_student_bringup' with type 'ros.ament_cmake' and name 'formula_student_bringup'
[0.492s] Level 1:colcon.colcon_core.package_identification:_identify(src/formula_student_packages/img) by extensions ['ignore', 'ignore_ament_install']
[0.492s] Level 1:colcon.colcon_core.package_identification:_identify(src/formula_student_packages/img) by extension 'ignore'
[0.492s] Level 1:colcon.colcon_core.package_identification:_identify(src/formula_student_packages/img) by extension 'ignore_ament_install'
[0.492s] Level 1:colcon.colcon_core.package_identification:_identify(src/formula_student_packages/img) by extensions ['colcon_pkg']
[0.492s] Level 1:colcon.colcon_core.package_identification:_identify(src/formula_student_packages/img) by extension 'colcon_pkg'
[0.492s] Level 1:colcon.colcon_core.package_identification:_identify(src/formula_student_packages/img) by extensions ['colcon_meta']
[0.492s] Level 1:colcon.colcon_core.package_identification:_identify(src/formula_student_packages/img) by extension 'colcon_meta'
[0.492s] Level 1:colcon.colcon_core.package_identification:_identify(src/formula_student_packages/img) by extensions ['ros']
[0.492s] Level 1:colcon.colcon_core.package_identification:_identify(src/formula_student_packages/img) by extension 'ros'
[0.493s] Level 1:colcon.colcon_core.package_identification:_identify(src/formula_student_packages/img) by extensions ['cmake', 'python']
[0.493s] Level 1:colcon.colcon_core.package_identification:_identify(src/formula_student_packages/img) by extension 'cmake'
[0.493s] Level 1:colcon.colcon_core.package_identification:_identify(src/formula_student_packages/img) by extension 'python'
[0.493s] Level 1:colcon.colcon_core.package_identification:_identify(src/formula_student_packages/img) by extensions ['python_setup_py']
[0.493s] Level 1:colcon.colcon_core.package_identification:_identify(src/formula_student_packages/img) by extension 'python_setup_py'
[0.493s] Level 1:colcon.colcon_core.package_identification:_identify(src/formula_student_packages/lidar_pre_filter) by extensions ['ignore', 'ignore_ament_install']
[0.493s] Level 1:colcon.colcon_core.package_identification:_identify(src/formula_student_packages/lidar_pre_filter) by extension 'ignore'
[0.493s] Level 1:colcon.colcon_core.package_identification:_identify(src/formula_student_packages/lidar_pre_filter) by extension 'ignore_ament_install'
[0.493s] Level 1:colcon.colcon_core.package_identification:_identify(src/formula_student_packages/lidar_pre_filter) by extensions ['colcon_pkg']
[0.493s] Level 1:colcon.colcon_core.package_identification:_identify(src/formula_student_packages/lidar_pre_filter) by extension 'colcon_pkg'
[0.493s] Level 1:colcon.colcon_core.package_identification:_identify(src/formula_student_packages/lidar_pre_filter) by extensions ['colcon_meta']
[0.493s] Level 1:colcon.colcon_core.package_identification:_identify(src/formula_student_packages/lidar_pre_filter) by extension 'colcon_meta'
[0.493s] Level 1:colcon.colcon_core.package_identification:_identify(src/formula_student_packages/lidar_pre_filter) by extensions ['ros']
[0.493s] Level 1:colcon.colcon_core.package_identification:_identify(src/formula_student_packages/lidar_pre_filter) by extension 'ros'
[0.494s] DEBUG:colcon.colcon_core.package_identification:Package 'src/formula_student_packages/lidar_pre_filter' with type 'ros.ament_cmake' and name 'lidar_pre_filter'
[0.495s] Level 1:colcon.colcon_core.package_identification:_identify(src/formula_student_packages/object_fusion) by extensions ['ignore', 'ignore_ament_install']
[0.495s] Level 1:colcon.colcon_core.package_identification:_identify(src/formula_student_packages/object_fusion) by extension 'ignore'
[0.495s] Level 1:colcon.colcon_core.package_identification:_identify(src/formula_student_packages/object_fusion) by extension 'ignore_ament_install'
[0.495s] Level 1:colcon.colcon_core.package_identification:_identify(src/formula_student_packages/object_fusion) by extensions ['colcon_pkg']
[0.495s] Level 1:colcon.colcon_core.package_identification:_identify(src/formula_student_packages/object_fusion) by extension 'colcon_pkg'
[0.495s] Level 1:colcon.colcon_core.package_identification:_identify(src/formula_student_packages/object_fusion) by extensions ['colcon_meta']
[0.495s] Level 1:colcon.colcon_core.package_identification:_identify(src/formula_student_packages/object_fusion) by extension 'colcon_meta'
[0.495s] Level 1:colcon.colcon_core.package_identification:_identify(src/formula_student_packages/object_fusion) by extensions ['ros']
[0.495s] Level 1:colcon.colcon_core.package_identification:_identify(src/formula_student_packages/object_fusion) by extension 'ros'
[0.496s] DEBUG:colcon.colcon_core.package_identification:Package 'src/formula_student_packages/object_fusion' with type 'ros.ament_cmake' and name 'prcp_object_fusion'
[0.496s] Level 1:colcon.colcon_core.package_identification:_identify(src/formula_student_packages/planner) by extensions ['ignore', 'ignore_ament_install']
[0.496s] Level 1:colcon.colcon_core.package_identification:_identify(src/formula_student_packages/planner) by extension 'ignore'
[0.496s] Level 1:colcon.colcon_core.package_identification:_identify(src/formula_student_packages/planner) by extension 'ignore_ament_install'
[0.496s] Level 1:colcon.colcon_core.package_identification:_identify(src/formula_student_packages/planner) by extensions ['colcon_pkg']
[0.497s] Level 1:colcon.colcon_core.package_identification:_identify(src/formula_student_packages/planner) by extension 'colcon_pkg'
[0.497s] Level 1:colcon.colcon_core.package_identification:_identify(src/formula_student_packages/planner) by extensions ['colcon_meta']
[0.497s] Level 1:colcon.colcon_core.package_identification:_identify(src/formula_student_packages/planner) by extension 'colcon_meta'
[0.497s] Level 1:colcon.colcon_core.package_identification:_identify(src/formula_student_packages/planner) by extensions ['ros']
[0.497s] Level 1:colcon.colcon_core.package_identification:_identify(src/formula_student_packages/planner) by extension 'ros'
[0.498s] DEBUG:colcon.colcon_core.package_identification:Package 'src/formula_student_packages/planner' with type 'ros.ament_cmake' and name 'planner'
[0.498s] Level 1:colcon.colcon_core.package_identification:_identify(src/formula_student_packages/racetrack_simulator) by extensions ['ignore', 'ignore_ament_install']
[0.498s] Level 1:colcon.colcon_core.package_identification:_identify(src/formula_student_packages/racetrack_simulator) by extension 'ignore'
[0.498s] Level 1:colcon.colcon_core.package_identification:_identify(src/formula_student_packages/racetrack_simulator) by extension 'ignore_ament_install'
[0.498s] Level 1:colcon.colcon_core.package_identification:_identify(src/formula_student_packages/racetrack_simulator) by extensions ['colcon_pkg']
[0.498s] Level 1:colcon.colcon_core.package_identification:_identify(src/formula_student_packages/racetrack_simulator) by extension 'colcon_pkg'
[0.498s] Level 1:colcon.colcon_core.package_identification:_identify(src/formula_student_packages/racetrack_simulator) by extensions ['colcon_meta']
[0.498s] Level 1:colcon.colcon_core.package_identification:_identify(src/formula_student_packages/racetrack_simulator) by extension 'colcon_meta'
[0.498s] Level 1:colcon.colcon_core.package_identification:_identify(src/formula_student_packages/racetrack_simulator) by extensions ['ros']
[0.498s] Level 1:colcon.colcon_core.package_identification:_identify(src/formula_student_packages/racetrack_simulator) by extension 'ros'
[0.500s] DEBUG:colcon.colcon_core.package_identification:Package 'src/formula_student_packages/racetrack_simulator' with type 'ros.ament_cmake' and name 'racetrack_simulator'
[0.500s] Level 1:colcon.colcon_core.package_identification:_identify(src/lidar_cluster_ros2) by extensions ['ignore', 'ignore_ament_install']
[0.500s] Level 1:colcon.colcon_core.package_identification:_identify(src/lidar_cluster_ros2) by extension 'ignore'
[0.500s] Level 1:colcon.colcon_core.package_identification:_identify(src/lidar_cluster_ros2) by extension 'ignore_ament_install'
[0.500s] Level 1:colcon.colcon_core.package_identification:_identify(src/lidar_cluster_ros2) by extensions ['colcon_pkg']
[0.500s] Level 1:colcon.colcon_core.package_identification:_identify(src/lidar_cluster_ros2) by extension 'colcon_pkg'
[0.500s] Level 1:colcon.colcon_core.package_identification:_identify(src/lidar_cluster_ros2) by extensions ['colcon_meta']
[0.500s] Level 1:colcon.colcon_core.package_identification:_identify(src/lidar_cluster_ros2) by extension 'colcon_meta'
[0.500s] Level 1:colcon.colcon_core.package_identification:_identify(src/lidar_cluster_ros2) by extensions ['ros']
[0.500s] Level 1:colcon.colcon_core.package_identification:_identify(src/lidar_cluster_ros2) by extension 'ros'
[0.502s] DEBUG:colcon.colcon_core.package_identification:Package 'src/lidar_cluster_ros2' with type 'ros.ament_cmake' and name 'lidar_cluster'
[0.502s] Level 1:colcon.colcon_core.package_identification:_identify(src/patchwork-plusplus-ros) by extensions ['ignore', 'ignore_ament_install']
[0.502s] Level 1:colcon.colcon_core.package_identification:_identify(src/patchwork-plusplus-ros) by extension 'ignore'
[0.502s] Level 1:colcon.colcon_core.package_identification:_identify(src/patchwork-plusplus-ros) by extension 'ignore_ament_install'
[0.502s] Level 1:colcon.colcon_core.package_identification:_identify(src/patchwork-plusplus-ros) by extensions ['colcon_pkg']
[0.502s] Level 1:colcon.colcon_core.package_identification:_identify(src/patchwork-plusplus-ros) by extension 'colcon_pkg'
[0.502s] Level 1:colcon.colcon_core.package_identification:_identify(src/patchwork-plusplus-ros) by extensions ['colcon_meta']
[0.502s] Level 1:colcon.colcon_core.package_identification:_identify(src/patchwork-plusplus-ros) by extension 'colcon_meta'
[0.503s] Level 1:colcon.colcon_core.package_identification:_identify(src/patchwork-plusplus-ros) by extensions ['ros']
[0.503s] Level 1:colcon.colcon_core.package_identification:_identify(src/patchwork-plusplus-ros) by extension 'ros'
[0.504s] DEBUG:colcon.colcon_core.package_identification:Package 'src/patchwork-plusplus-ros' with type 'ros.ament_cmake' and name 'patchworkpp'
[0.504s] Level 1:colcon.colcon_core.package_identification:_identify(src/pointcloud_publisher) by extensions ['ignore', 'ignore_ament_install']
[0.504s] Level 1:colcon.colcon_core.package_identification:_identify(src/pointcloud_publisher) by extension 'ignore'
[0.505s] Level 1:colcon.colcon_core.package_identification:_identify(src/pointcloud_publisher) by extension 'ignore_ament_install'
[0.505s] Level 1:colcon.colcon_core.package_identification:_identify(src/pointcloud_publisher) by extensions ['colcon_pkg']
[0.505s] Level 1:colcon.colcon_core.package_identification:_identify(src/pointcloud_publisher) by extension 'colcon_pkg'
[0.505s] Level 1:colcon.colcon_core.package_identification:_identify(src/pointcloud_publisher) by extensions ['colcon_meta']
[0.505s] Level 1:colcon.colcon_core.package_identification:_identify(src/pointcloud_publisher) by extension 'colcon_meta'
[0.505s] Level 1:colcon.colcon_core.package_identification:_identify(src/pointcloud_publisher) by extensions ['ros']
[0.505s] Level 1:colcon.colcon_core.package_identification:_identify(src/pointcloud_publisher) by extension 'ros'
[0.506s] DEBUG:colcon.colcon_core.package_identification:Package 'src/pointcloud_publisher' with type 'ros.ament_python' and name 'pointcloud_publisher'
[0.506s] Level 1:colcon.colcon_core.package_identification:_identify(src/ros2_v4l2_camera) by extensions ['ignore', 'ignore_ament_install']
[0.506s] Level 1:colcon.colcon_core.package_identification:_identify(src/ros2_v4l2_camera) by extension 'ignore'
[0.506s] Level 1:colcon.colcon_core.package_identification:_identify(src/ros2_v4l2_camera) by extension 'ignore_ament_install'
[0.506s] Level 1:colcon.colcon_core.package_identification:_identify(src/ros2_v4l2_camera) by extensions ['colcon_pkg']
[0.506s] Level 1:colcon.colcon_core.package_identification:_identify(src/ros2_v4l2_camera) by extension 'colcon_pkg'
[0.506s] Level 1:colcon.colcon_core.package_identification:_identify(src/ros2_v4l2_camera) by extensions ['colcon_meta']
[0.506s] Level 1:colcon.colcon_core.package_identification:_identify(src/ros2_v4l2_camera) by extension 'colcon_meta'
[0.506s] Level 1:colcon.colcon_core.package_identification:_identify(src/ros2_v4l2_camera) by extensions ['ros']
[0.506s] Level 1:colcon.colcon_core.package_identification:_identify(src/ros2_v4l2_camera) by extension 'ros'
[0.507s] DEBUG:colcon.colcon_core.package_identification:Package 'src/ros2_v4l2_camera' with type 'ros.ament_cmake' and name 'v4l2_camera'
[0.507s] Level 1:colcon.colcon_core.package_discovery:discover_packages(recursive) using defaults
[0.507s] Level 1:colcon.colcon_core.package_discovery:discover_packages(ignore) discover
[0.507s] Level 1:colcon.colcon_core.package_discovery:discover_packages(ignore) using defaults
[0.508s] Level 1:colcon.colcon_core.package_discovery:discover_packages(path) discover
[0.508s] Level 1:colcon.colcon_core.package_discovery:discover_packages(path) using defaults
[0.540s] INFO:colcon.colcon_core.package_selection:Skipping not selected package 'bboxes_ex_msgs' in 'src/bbox_ex_msgs'
[0.540s] INFO:colcon.colcon_core.package_selection:Skipping not selected package 'cone_detection_lidar' in 'src/formula_student_packages/cone_detection_lidar'
[0.540s] INFO:colcon.colcon_core.package_selection:Skipping not selected package 'csv_to_pointcloud2_converter' in 'src/csv_to_pointcloud2_converter'
[0.540s] INFO:colcon.colcon_core.package_selection:Skipping not selected package 'detection' in 'src/formula_student_packages/cone_detection_camera/detection'
[0.540s] INFO:colcon.colcon_core.package_selection:Skipping not selected package 'formula_student_bringup' in 'src/formula_student_packages/formula_student_bringup'
[0.540s] INFO:colcon.colcon_core.package_selection:Skipping not selected package 'lidar_cluster' in 'src/lidar_cluster_ros2'
[0.540s] INFO:colcon.colcon_core.package_selection:Skipping not selected package 'lidar_pre_filter' in 'src/formula_student_packages/lidar_pre_filter'
[0.540s] INFO:colcon.colcon_core.package_selection:Skipping not selected package 'patchworkpp' in 'src/patchwork-plusplus-ros'
[0.540s] INFO:colcon.colcon_core.package_selection:Skipping not selected package 'planner' in 'src/formula_student_packages/planner'
[0.540s] INFO:colcon.colcon_core.package_selection:Skipping not selected package 'pointcloud_publisher' in 'src/pointcloud_publisher'
[0.540s] INFO:colcon.colcon_core.package_selection:Skipping not selected package 'prcp_object_fusion' in 'src/formula_student_packages/object_fusion'
[0.540s] INFO:colcon.colcon_core.package_selection:Skipping not selected package 'projection' in 'src/formula_student_packages/cone_detection_camera/projection'
[0.540s] INFO:colcon.colcon_core.package_selection:Skipping not selected package 'racetrack_simulator' in 'src/formula_student_packages/racetrack_simulator'
[0.540s] INFO:colcon.colcon_core.package_selection:Skipping not selected package 'yolov5_ros' in 'src/YOLOv5-ROS/yolov5_ros'
[0.541s] Level 5:colcon.colcon_core.verb:set package 'v4l2_camera' build argument 'cmake_args' from command line to 'None'
[0.541s] Level 5:colcon.colcon_core.verb:set package 'v4l2_camera' build argument 'cmake_target' from command line to 'None'
[0.541s] Level 5:colcon.colcon_core.verb:set package 'v4l2_camera' build argument 'cmake_target_skip_unavailable' from command line to 'False'
[0.541s] Level 5:colcon.colcon_core.verb:set package 'v4l2_camera' build argument 'cmake_clean_cache' from command line to 'False'
[0.541s] Level 5:colcon.colcon_core.verb:set package 'v4l2_camera' build argument 'cmake_clean_first' from command line to 'False'
[0.541s] Level 5:colcon.colcon_core.verb:set package 'v4l2_camera' build argument 'cmake_force_configure' from command line to 'False'
[0.541s] Level 5:colcon.colcon_core.verb:set package 'v4l2_camera' build argument 'ament_cmake_args' from command line to 'None'
[0.541s] Level 5:colcon.colcon_core.verb:set package 'v4l2_camera' build argument 'catkin_cmake_args' from command line to 'None'
[0.541s] Level 5:colcon.colcon_core.verb:set package 'v4l2_camera' build argument 'catkin_skip_building_tests' from command line to 'False'
[0.541s] DEBUG:colcon.colcon_core.verb:Building package 'v4l2_camera' with the following arguments: {'ament_cmake_args': None, 'build_base': '/root/ros2_ws/build/v4l2_camera', 'catkin_cmake_args': None, 'catkin_skip_building_tests': False, 'cmake_args': None, 'cmake_clean_cache': False, 'cmake_clean_first': False, 'cmake_force_configure': False, 'cmake_target': None, 'cmake_target_skip_unavailable': False, 'install_base': '/root/ros2_ws/install/v4l2_camera', 'merge_install': False, 'path': '/root/ros2_ws/src/ros2_v4l2_camera', 'symlink_install': False, 'test_result_base': None}
[0.541s] INFO:colcon.colcon_core.executor:Executing jobs using 'parallel' executor
[0.543s] DEBUG:colcon.colcon_parallel_executor.executor.parallel:run_until_complete
[0.544s] INFO:colcon.colcon_ros.task.ament_cmake.build:Building ROS package in '/root/ros2_ws/src/ros2_v4l2_camera' with build type 'ament_cmake'
[0.544s] INFO:colcon.colcon_cmake.task.cmake.build:Building CMake package in '/root/ros2_ws/src/ros2_v4l2_camera'
[0.550s] INFO:colcon.colcon_core.plugin_system:Skipping extension 'colcon_core.shell.bat': Not used on non-Windows systems
[0.550s] INFO:colcon.colcon_core.shell:Skip shell extension 'powershell' for command environment: Not usable outside of PowerShell
[0.550s] DEBUG:colcon.colcon_core.shell:Skip shell extension 'dsv' for command environment
[0.577s] DEBUG:colcon.colcon_core.event_handler.log_command:Invoking command in '/root/ros2_ws/build/v4l2_camera': CMAKE_PREFIX_PATH=${CMAKE_PREFIX_PATH}:/root/ros2_ws/install/yolov5_ros:/root/ros2_ws/install/pointcloud_publisher:/root/ros2_ws/install/detection:/opt/ros/humble /usr/bin/cmake /root/ros2_ws/src/ros2_v4l2_camera -DCMAKE_INSTALL_PREFIX=/root/ros2_ws/install/v4l2_camera
[3.065s] DEBUG:colcon.colcon_core.event_handler.log_command:Invoked command in '/root/ros2_ws/build/v4l2_camera' returned '1': CMAKE_PREFIX_PATH=${CMAKE_PREFIX_PATH}:/root/ros2_ws/install/yolov5_ros:/root/ros2_ws/install/pointcloud_publisher:/root/ros2_ws/install/detection:/opt/ros/humble /usr/bin/cmake /root/ros2_ws/src/ros2_v4l2_camera -DCMAKE_INSTALL_PREFIX=/root/ros2_ws/install/v4l2_camera
[3.083s] Level 1:colcon.colcon_core.environment:create_environment_scripts_only(v4l2_camera)
[3.088s] Level 1:colcon.colcon_core.environment:checking '/root/ros2_ws/install/v4l2_camera' for CMake module files
[3.089s] Level 1:colcon.colcon_core.environment:checking '/root/ros2_ws/install/v4l2_camera' for CMake config files
[3.090s] Level 1:colcon.colcon_core.environment:checking '/root/ros2_ws/install/v4l2_camera/bin'
[3.090s] Level 1:colcon.colcon_core.environment:checking '/root/ros2_ws/install/v4l2_camera/lib/pkgconfig/v4l2_camera.pc'
[3.093s] Level 1:colcon.colcon_core.environment:checking '/root/ros2_ws/install/v4l2_camera/lib/python3.10/site-packages'
[3.093s] Level 1:colcon.colcon_core.environment:checking '/root/ros2_ws/install/v4l2_camera/bin'
[3.093s] INFO:colcon.colcon_core.shell:Creating package script '/root/ros2_ws/install/v4l2_camera/share/v4l2_camera/package.ps1'
[3.095s] INFO:colcon.colcon_core.shell:Creating package descriptor '/root/ros2_ws/install/v4l2_camera/share/v4l2_camera/package.dsv'
[3.095s] INFO:colcon.colcon_core.shell:Creating package script '/root/ros2_ws/install/v4l2_camera/share/v4l2_camera/package.sh'
[3.096s] INFO:colcon.colcon_core.shell:Creating package script '/root/ros2_ws/install/v4l2_camera/share/v4l2_camera/package.bash'
[3.097s] INFO:colcon.colcon_core.shell:Creating package script '/root/ros2_ws/install/v4l2_camera/share/v4l2_camera/package.zsh'
[3.097s] Level 1:colcon.colcon_core.environment:create_file_with_runtime_dependencies(/root/ros2_ws/install/v4l2_camera/share/colcon-core/packages/v4l2_camera)
[3.109s] DEBUG:colcon.colcon_parallel_executor.executor.parallel:closing loop
[3.109s] DEBUG:colcon.colcon_parallel_executor.executor.parallel:loop closed
[3.109s] DEBUG:colcon.colcon_parallel_executor.executor.parallel:run_until_complete finished with '1'
[3.110s] DEBUG:colcon.colcon_core.event_reactor:joining thread
[3.138s] INFO:colcon.colcon_core.plugin_system:Skipping extension 'colcon_notification.desktop_notification.notify_send': Could not find 'notify-send'
[3.138s] INFO:colcon.colcon_core.plugin_system:Skipping extension 'colcon_notification.desktop_notification.terminal_notifier': Not used on non-Darwin systems
[3.138s] INFO:colcon.colcon_core.plugin_system:Skipping extension 'colcon_notification.desktop_notification.win32': Not used on non-Windows systems
[3.138s] INFO:colcon.colcon_notification.desktop_notification:Sending desktop notification using 'notify2'
[3.139s] DEBUG:colcon.colcon_notification.desktop_notification.notify2:Failed to initialize notify2: org.freedesktop.DBus.Error.NotSupported: Unable to autolaunch a dbus-daemon without a $DISPLAY for X11
[3.139s] DEBUG:colcon.colcon_core.event_reactor:joined thread
[3.139s] INFO:colcon.colcon_core.shell:Creating prefix script '/root/ros2_ws/install/local_setup.ps1'
[3.141s] INFO:colcon.colcon_core.shell:Creating prefix util module '/root/ros2_ws/install/_local_setup_util_ps1.py'
[3.142s] INFO:colcon.colcon_core.shell:Creating prefix chain script '/root/ros2_ws/install/setup.ps1'
[3.144s] INFO:colcon.colcon_core.shell:Creating prefix script '/root/ros2_ws/install/local_setup.sh'
[3.145s] INFO:colcon.colcon_core.shell:Creating prefix util module '/root/ros2_ws/install/_local_setup_util_sh.py'
[3.146s] INFO:colcon.colcon_core.shell:Creating prefix chain script '/root/ros2_ws/install/setup.sh'
[3.149s] INFO:colcon.colcon_core.shell:Creating prefix script '/root/ros2_ws/install/local_setup.bash'
[3.149s] INFO:colcon.colcon_core.shell:Creating prefix chain script '/root/ros2_ws/install/setup.bash'
[3.151s] INFO:colcon.colcon_core.shell:Creating prefix script '/root/ros2_ws/install/local_setup.zsh'
[3.152s] INFO:colcon.colcon_core.shell:Creating prefix chain script '/root/ros2_ws/install/setup.zsh'
