[0.149s] Invoking command in '/root/ros2_ws/build/cone_detection_lidar': CMAKE_PREFIX_PATH=${CMAKE_PREFIX_PATH}:/root/ros2_ws/install/yolov5_ros:/root/ros2_ws/install/pointcloud_publisher:/root/ros2_ws/install/detection:/opt/ros/humble /usr/bin/cmake --build /root/ros2_ws/build/cone_detection_lidar -- -j8 -l8
[0.933s] [ 50%] Built target detection_simple
[0.933s] [100%] Built target grid_trajectory
[0.986s] Invoked command in '/root/ros2_ws/build/cone_detection_lidar' returned '0': CMAKE_PREFIX_PATH=${CMAKE_PREFIX_PATH}:/root/ros2_ws/install/yolov5_ros:/root/ros2_ws/install/pointcloud_publisher:/root/ros2_ws/install/detection:/opt/ros/humble /usr/bin/cmake --build /root/ros2_ws/build/cone_detection_lidar -- -j8 -l8
[1.298s] Invoking command in '/root/ros2_ws/build/cone_detection_lidar': CMAKE_PREFIX_PATH=${CMAKE_PREFIX_PATH}:/root/ros2_ws/install/yolov5_ros:/root/ros2_ws/install/pointcloud_publisher:/root/ros2_ws/install/detection:/opt/ros/humble /usr/bin/cmake --install /root/ros2_ws/build/cone_detection_lidar
[1.344s] -- Install configuration: ""
[1.345s] -- Execute custom install script
[1.345s] -- Up-to-date symlink: /root/ros2_ws/install/cone_detection_lidar/share/cone_detection_lidar/launch/detection_simple.launch.py
[1.345s] -- Up-to-date symlink: /root/ros2_ws/install/cone_detection_lidar/share/cone_detection_lidar/launch/grid_detection.launch.py
[1.345s] -- Up-to-date symlink: /root/ros2_ws/install/cone_detection_lidar/share/cone_detection_lidar/launch/rviz01.launch.py
[1.346s] -- Up-to-date symlink: /root/ros2_ws/install/cone_detection_lidar/share/cone_detection_lidar/config/rviz01.rviz
[1.346s] -- Up-to-date symlink: /root/ros2_ws/install/cone_detection_lidar/lib/cone_detection_lidar/detection_simple
[1.347s] -- Up-to-date symlink: /root/ros2_ws/install/cone_detection_lidar/lib/cone_detection_lidar/grid_trajectory
[1.347s] -- Up-to-date symlink: /root/ros2_ws/install/cone_detection_lidar/share/ament_index/resource_index/package_run_dependencies/cone_detection_lidar
[1.349s] -- Up-to-date symlink: /root/ros2_ws/install/cone_detection_lidar/share/ament_index/resource_index/parent_prefix_path/cone_detection_lidar
[1.350s] -- Up-to-date symlink: /root/ros2_ws/install/cone_detection_lidar/share/cone_detection_lidar/environment/ament_prefix_path.sh
[1.350s] -- Up-to-date symlink: /root/ros2_ws/install/cone_detection_lidar/share/cone_detection_lidar/environment/ament_prefix_path.dsv
[1.350s] -- Up-to-date symlink: /root/ros2_ws/install/cone_detection_lidar/share/cone_detection_lidar/environment/path.sh
[1.350s] -- Up-to-date symlink: /root/ros2_ws/install/cone_detection_lidar/share/cone_detection_lidar/environment/path.dsv
[1.350s] -- Up-to-date symlink: /root/ros2_ws/install/cone_detection_lidar/share/cone_detection_lidar/local_setup.bash
[1.351s] -- Up-to-date symlink: /root/ros2_ws/install/cone_detection_lidar/share/cone_detection_lidar/local_setup.sh
[1.351s] -- Up-to-date symlink: /root/ros2_ws/install/cone_detection_lidar/share/cone_detection_lidar/local_setup.zsh
[1.351s] -- Up-to-date symlink: /root/ros2_ws/install/cone_detection_lidar/share/cone_detection_lidar/local_setup.dsv
[1.352s] -- Symlinking: /root/ros2_ws/install/cone_detection_lidar/share/cone_detection_lidar/package.dsv
[1.387s] -- Up-to-date symlink: /root/ros2_ws/install/cone_detection_lidar/share/ament_index/resource_index/packages/cone_detection_lidar
[1.387s] -- Up-to-date symlink: /root/ros2_ws/install/cone_detection_lidar/share/cone_detection_lidar/cmake/cone_detection_lidarConfig.cmake
[1.388s] -- Up-to-date symlink: /root/ros2_ws/install/cone_detection_lidar/share/cone_detection_lidar/cmake/cone_detection_lidarConfig-version.cmake
[1.388s] -- Up-to-date symlink: /root/ros2_ws/install/cone_detection_lidar/share/cone_detection_lidar/package.xml
[1.436s] Invoked command in '/root/ros2_ws/build/cone_detection_lidar' returned '0': CMAKE_PREFIX_PATH=${CMAKE_PREFIX_PATH}:/root/ros2_ws/install/yolov5_ros:/root/ros2_ws/install/pointcloud_publisher:/root/ros2_ws/install/detection:/opt/ros/humble /usr/bin/cmake --install /root/ros2_ws/build/cone_detection_lidar
