[0.101s] Invoking command in '/root/ros2_ws/build/bboxes_ex_msgs': CMAKE_PREFIX_PATH=/opt/ros/humble /usr/bin/cmake /root/ros2_ws/src/bbox_ex_msgs -DCMAKE_INSTALL_PREFIX=/root/ros2_ws/install/bboxes_ex_msgs
[0.566s] -- Found ament_cmake: 1.3.9 (/opt/ros/humble/share/ament_cmake/cmake)
[0.567s] -- Override CMake install command with custom implementation using symlinks instead of copying resources
[0.567s] -- Found builtin_interfaces: 1.2.1 (/opt/ros/humble/share/builtin_interfaces/cmake)
[0.568s] -- Found rosidl_generator_c: 3.1.5 (/opt/ros/humble/share/rosidl_generator_c/cmake)
[0.568s] -- Found rosidl_adapter: 3.1.5 (/opt/ros/humble/share/rosidl_adapter/cmake)
[0.568s] -- Found rosidl_generator_cpp: 3.1.5 (/opt/ros/humble/share/rosidl_generator_cpp/cmake)
[0.568s] -- Using all available rosidl_typesupport_c: rosidl_typesupport_fastrtps_c;rosidl_typesupport_introspection_c
[0.568s] -- Using all available rosidl_typesupport_cpp: rosidl_typesupport_fastrtps_cpp;rosidl_typesupport_introspection_cpp
[0.568s] -- Found std_msgs: 4.2.4 (/opt/ros/humble/share/std_msgs/cmake)
[0.569s] -- Found rosidl_default_generators: 1.2.0 (/opt/ros/humble/share/rosidl_default_generators/cmake)
[1.308s] -- Found ament_cmake_ros: 0.10.0 (/opt/ros/humble/share/ament_cmake_ros/cmake)
[2.378s] -- Using all available rosidl_typesupport_c: rosidl_typesupport_fastrtps_c;rosidl_typesupport_introspection_c
[2.728s] -- Using all available rosidl_typesupport_cpp: rosidl_typesupport_fastrtps_cpp;rosidl_typesupport_introspection_cpp
[2.783s] -- Found python_cmake_module: 0.10.0 (/opt/ros/humble/share/python_cmake_module/cmake)
[2.834s] -- Using PYTHON_EXECUTABLE: /usr/bin/python3
[2.834s] -- Using PYTHON_INCLUDE_DIRS: /usr/include/python3.10
[2.834s] -- Using PYTHON_LIBRARIES: /usr/lib/x86_64-linux-gnu/libpython3.10.so
[3.282s] -- Using numpy include directory: /usr/local/lib/python3.10/dist-packages/numpy/core/include
[3.363s] -- Configuring done
[3.485s] -- Generating done
[3.493s] -- Build files have been written to: /root/ros2_ws/build/bboxes_ex_msgs
[3.514s] Invoked command in '/root/ros2_ws/build/bboxes_ex_msgs' returned '0': CMAKE_PREFIX_PATH=/opt/ros/humble /usr/bin/cmake /root/ros2_ws/src/bbox_ex_msgs -DCMAKE_INSTALL_PREFIX=/root/ros2_ws/install/bboxes_ex_msgs
[3.515s] Invoking command in '/root/ros2_ws/build/bboxes_ex_msgs': CMAKE_PREFIX_PATH=/opt/ros/humble /usr/bin/cmake --build /root/ros2_ws/build/bboxes_ex_msgs -- -j8 -l8
[3.644s] [35m[1mConsolidate compiler generated dependencies of target bboxes_ex_msgs__rosidl_generator_c[0m
[3.688s] [  2%] Built target bboxes_ex_msgs__cpp
[3.691s] [ 12%] Built target bboxes_ex_msgs__rosidl_generator_c
[3.715s] [35m[1mConsolidate compiler generated dependencies of target bboxes_ex_msgs__rosidl_typesupport_introspection_cpp[0m
[3.731s] [ 12%] Built target ament_cmake_python_symlink_bboxes_ex_msgs
[3.748s] [35m[1mConsolidate compiler generated dependencies of target bboxes_ex_msgs__rosidl_typesupport_fastrtps_cpp[0m
[3.752s] [35m[1mConsolidate compiler generated dependencies of target bboxes_ex_msgs__rosidl_typesupport_c[0m
[3.752s] [35m[1mConsolidate compiler generated dependencies of target bboxes_ex_msgs__rosidl_typesupport_cpp[0m
[3.772s] [35m[1mConsolidate compiler generated dependencies of target bboxes_ex_msgs__rosidl_typesupport_fastrtps_c[0m
[3.778s] [35m[1mConsolidate compiler generated dependencies of target bboxes_ex_msgs__rosidl_typesupport_introspection_c[0m
[3.808s] [ 23%] Built target bboxes_ex_msgs__rosidl_typesupport_introspection_cpp
[3.814s] [ 33%] Built target bboxes_ex_msgs__rosidl_typesupport_c
[3.840s] [ 43%] Built target bboxes_ex_msgs__rosidl_typesupport_fastrtps_cpp
[3.841s] [ 53%] Built target bboxes_ex_msgs__rosidl_typesupport_cpp
[3.844s] [ 64%] Built target bboxes_ex_msgs__rosidl_typesupport_introspection_c
[3.848s] [ 74%] Built target bboxes_ex_msgs__rosidl_typesupport_fastrtps_c
[3.899s] [ 74%] Built target bboxes_ex_msgs
[3.947s] [ 76%] Built target bboxes_ex_msgs__py
[3.973s] [35m[1mConsolidate compiler generated dependencies of target bboxes_ex_msgs__rosidl_generator_py[0m
[3.998s] [ 84%] Built target bboxes_ex_msgs__rosidl_generator_py
[4.055s] [35m[1mConsolidate compiler generated dependencies of target bboxes_ex_msgs__rosidl_typesupport_fastrtps_c__pyext[0m
[4.059s] [35m[1mConsolidate compiler generated dependencies of target bboxes_ex_msgs__rosidl_typesupport_c__pyext[0m
[4.063s] [35m[1mConsolidate compiler generated dependencies of target bboxes_ex_msgs__rosidl_typesupport_introspection_c__pyext[0m
[4.121s] [ 89%] Built target bboxes_ex_msgs__rosidl_typesupport_c__pyext
[4.127s] [ 94%] Built target bboxes_ex_msgs__rosidl_typesupport_introspection_c__pyext
[4.129s] [100%] Built target bboxes_ex_msgs__rosidl_typesupport_fastrtps_c__pyext
[4.387s] running egg_info
[4.389s] writing bboxes_ex_msgs.egg-info/PKG-INFO
[4.394s] writing dependency_links to bboxes_ex_msgs.egg-info/dependency_links.txt
[4.394s] writing top-level names to bboxes_ex_msgs.egg-info/top_level.txt
[4.401s] reading manifest file 'bboxes_ex_msgs.egg-info/SOURCES.txt'
[4.402s] writing manifest file 'bboxes_ex_msgs.egg-info/SOURCES.txt'
[4.472s] [100%] Built target ament_cmake_python_build_bboxes_ex_msgs_egg
[4.498s] Invoked command in '/root/ros2_ws/build/bboxes_ex_msgs' returned '0': CMAKE_PREFIX_PATH=/opt/ros/humble /usr/bin/cmake --build /root/ros2_ws/build/bboxes_ex_msgs -- -j8 -l8
[4.853s] Invoking command in '/root/ros2_ws/build/bboxes_ex_msgs': CMAKE_PREFIX_PATH=/opt/ros/humble /usr/bin/cmake --install /root/ros2_ws/build/bboxes_ex_msgs
[6.993s] -- Install configuration: ""
[6.998s] -- Execute custom install script
[6.999s] -- Up-to-date symlink: /root/ros2_ws/install/bboxes_ex_msgs/share/ament_index/resource_index/rosidl_interfaces/bboxes_ex_msgs
[6.999s] -- Up-to-date symlink: /root/ros2_ws/install/bboxes_ex_msgs/include/bboxes_ex_msgs/bboxes_ex_msgs/msg/bounding_box.h
[7.000s] -- Up-to-date symlink: /root/ros2_ws/install/bboxes_ex_msgs/include/bboxes_ex_msgs/bboxes_ex_msgs/msg/bounding_boxes.h
[7.000s] -- Up-to-date symlink: /root/ros2_ws/install/bboxes_ex_msgs/include/bboxes_ex_msgs/bboxes_ex_msgs/msg/detail/bounding_box__functions.h
[7.001s] -- Up-to-date symlink: /root/ros2_ws/install/bboxes_ex_msgs/include/bboxes_ex_msgs/bboxes_ex_msgs/msg/detail/bounding_box__struct.h
[7.001s] -- Up-to-date symlink: /root/ros2_ws/install/bboxes_ex_msgs/include/bboxes_ex_msgs/bboxes_ex_msgs/msg/detail/bounding_box__type_support.h
[7.001s] -- Up-to-date symlink: /root/ros2_ws/install/bboxes_ex_msgs/include/bboxes_ex_msgs/bboxes_ex_msgs/msg/detail/bounding_boxes__functions.h
[7.002s] -- Up-to-date symlink: /root/ros2_ws/install/bboxes_ex_msgs/include/bboxes_ex_msgs/bboxes_ex_msgs/msg/detail/bounding_boxes__struct.h
[7.002s] -- Up-to-date symlink: /root/ros2_ws/install/bboxes_ex_msgs/include/bboxes_ex_msgs/bboxes_ex_msgs/msg/detail/bounding_boxes__type_support.h
[7.003s] -- Up-to-date symlink: /root/ros2_ws/install/bboxes_ex_msgs/include/bboxes_ex_msgs/bboxes_ex_msgs/msg/rosidl_generator_c__visibility_control.h
[7.003s] -- Up-to-date symlink: /root/ros2_ws/install/bboxes_ex_msgs/share/bboxes_ex_msgs/environment/library_path.sh
[7.003s] -- Up-to-date symlink: /root/ros2_ws/install/bboxes_ex_msgs/share/bboxes_ex_msgs/environment/library_path.dsv
[7.003s] -- Up-to-date symlink: /root/ros2_ws/install/bboxes_ex_msgs/include/bboxes_ex_msgs/bboxes_ex_msgs/msg/detail/bounding_box__rosidl_typesupport_fastrtps_c.h
[7.003s] -- Up-to-date symlink: /root/ros2_ws/install/bboxes_ex_msgs/include/bboxes_ex_msgs/bboxes_ex_msgs/msg/detail/bounding_boxes__rosidl_typesupport_fastrtps_c.h
[7.003s] -- Up-to-date symlink: /root/ros2_ws/install/bboxes_ex_msgs/include/bboxes_ex_msgs/bboxes_ex_msgs/msg/rosidl_typesupport_fastrtps_c__visibility_control.h
[7.004s] -- Up-to-date symlink: /root/ros2_ws/install/bboxes_ex_msgs/include/bboxes_ex_msgs/bboxes_ex_msgs/msg/bounding_box.hpp
[7.004s] -- Up-to-date symlink: /root/ros2_ws/install/bboxes_ex_msgs/include/bboxes_ex_msgs/bboxes_ex_msgs/msg/bounding_boxes.hpp
[7.004s] -- Up-to-date symlink: /root/ros2_ws/install/bboxes_ex_msgs/include/bboxes_ex_msgs/bboxes_ex_msgs/msg/detail/bounding_box__builder.hpp
[7.004s] -- Up-to-date symlink: /root/ros2_ws/install/bboxes_ex_msgs/include/bboxes_ex_msgs/bboxes_ex_msgs/msg/detail/bounding_box__struct.hpp
[7.004s] -- Up-to-date symlink: /root/ros2_ws/install/bboxes_ex_msgs/include/bboxes_ex_msgs/bboxes_ex_msgs/msg/detail/bounding_box__traits.hpp
[7.004s] -- Up-to-date symlink: /root/ros2_ws/install/bboxes_ex_msgs/include/bboxes_ex_msgs/bboxes_ex_msgs/msg/detail/bounding_boxes__builder.hpp
[7.004s] -- Up-to-date symlink: /root/ros2_ws/install/bboxes_ex_msgs/include/bboxes_ex_msgs/bboxes_ex_msgs/msg/detail/bounding_boxes__struct.hpp
[7.005s] -- Up-to-date symlink: /root/ros2_ws/install/bboxes_ex_msgs/include/bboxes_ex_msgs/bboxes_ex_msgs/msg/detail/bounding_boxes__traits.hpp
[7.005s] -- Up-to-date symlink: /root/ros2_ws/install/bboxes_ex_msgs/include/bboxes_ex_msgs/bboxes_ex_msgs/msg/detail/bounding_box__rosidl_typesupport_fastrtps_cpp.hpp
[7.005s] -- Up-to-date symlink: /root/ros2_ws/install/bboxes_ex_msgs/include/bboxes_ex_msgs/bboxes_ex_msgs/msg/detail/bounding_boxes__rosidl_typesupport_fastrtps_cpp.hpp
[7.005s] -- Up-to-date symlink: /root/ros2_ws/install/bboxes_ex_msgs/include/bboxes_ex_msgs/bboxes_ex_msgs/msg/rosidl_typesupport_fastrtps_cpp__visibility_control.h
[7.005s] -- Up-to-date symlink: /root/ros2_ws/install/bboxes_ex_msgs/include/bboxes_ex_msgs/bboxes_ex_msgs/msg/detail/bounding_box__rosidl_typesupport_introspection_c.h
[7.005s] -- Up-to-date symlink: /root/ros2_ws/install/bboxes_ex_msgs/include/bboxes_ex_msgs/bboxes_ex_msgs/msg/detail/bounding_boxes__rosidl_typesupport_introspection_c.h
[7.009s] -- Up-to-date symlink: /root/ros2_ws/install/bboxes_ex_msgs/include/bboxes_ex_msgs/bboxes_ex_msgs/msg/rosidl_typesupport_introspection_c__visibility_control.h
[7.009s] -- Up-to-date symlink: /root/ros2_ws/install/bboxes_ex_msgs/include/bboxes_ex_msgs/bboxes_ex_msgs/msg/detail/bounding_box__rosidl_typesupport_introspection_cpp.hpp
[7.009s] -- Up-to-date symlink: /root/ros2_ws/install/bboxes_ex_msgs/include/bboxes_ex_msgs/bboxes_ex_msgs/msg/detail/bounding_boxes__rosidl_typesupport_introspection_cpp.hpp
[7.010s] -- Up-to-date symlink: /root/ros2_ws/install/bboxes_ex_msgs/share/bboxes_ex_msgs/environment/pythonpath.sh
[7.010s] -- Up-to-date symlink: /root/ros2_ws/install/bboxes_ex_msgs/share/bboxes_ex_msgs/environment/pythonpath.dsv
[7.010s] -- Up-to-date symlink: /root/ros2_ws/install/bboxes_ex_msgs/local/lib/python3.10/dist-packages/bboxes_ex_msgs-0.0.0-py3.10.egg-info/PKG-INFO
[7.010s] -- Up-to-date symlink: /root/ros2_ws/install/bboxes_ex_msgs/local/lib/python3.10/dist-packages/bboxes_ex_msgs-0.0.0-py3.10.egg-info/SOURCES.txt
[7.010s] -- Up-to-date symlink: /root/ros2_ws/install/bboxes_ex_msgs/local/lib/python3.10/dist-packages/bboxes_ex_msgs-0.0.0-py3.10.egg-info/dependency_links.txt
[7.011s] -- Up-to-date symlink: /root/ros2_ws/install/bboxes_ex_msgs/local/lib/python3.10/dist-packages/bboxes_ex_msgs-0.0.0-py3.10.egg-info/top_level.txt
[7.011s] -- Up-to-date symlink: /root/ros2_ws/install/bboxes_ex_msgs/local/lib/python3.10/dist-packages/bboxes_ex_msgs/__init__.py
[7.011s] -- Up-to-date symlink: /root/ros2_ws/install/bboxes_ex_msgs/local/lib/python3.10/dist-packages/bboxes_ex_msgs/_bboxes_ex_msgs_s.ep.rosidl_typesupport_c.c
[7.011s] -- Up-to-date symlink: /root/ros2_ws/install/bboxes_ex_msgs/local/lib/python3.10/dist-packages/bboxes_ex_msgs/_bboxes_ex_msgs_s.ep.rosidl_typesupport_fastrtps_c.c
[7.011s] -- Up-to-date symlink: /root/ros2_ws/install/bboxes_ex_msgs/local/lib/python3.10/dist-packages/bboxes_ex_msgs/_bboxes_ex_msgs_s.ep.rosidl_typesupport_introspection_c.c
[7.011s] -- Up-to-date symlink: /root/ros2_ws/install/bboxes_ex_msgs/local/lib/python3.10/dist-packages/bboxes_ex_msgs/bboxes_ex_msgs_s__rosidl_typesupport_c.cpython-310-x86_64-linux-gnu.so
[7.011s] -- Up-to-date symlink: /root/ros2_ws/install/bboxes_ex_msgs/local/lib/python3.10/dist-packages/bboxes_ex_msgs/bboxes_ex_msgs_s__rosidl_typesupport_fastrtps_c.cpython-310-x86_64-linux-gnu.so
[7.012s] -- Up-to-date symlink: /root/ros2_ws/install/bboxes_ex_msgs/local/lib/python3.10/dist-packages/bboxes_ex_msgs/bboxes_ex_msgs_s__rosidl_typesupport_introspection_c.cpython-310-x86_64-linux-gnu.so
[7.012s] -- Up-to-date symlink: /root/ros2_ws/install/bboxes_ex_msgs/local/lib/python3.10/dist-packages/bboxes_ex_msgs/libbboxes_ex_msgs__rosidl_generator_py.so
[7.012s] -- Up-to-date symlink: /root/ros2_ws/install/bboxes_ex_msgs/local/lib/python3.10/dist-packages/bboxes_ex_msgs/msg/__init__.py
[7.012s] -- Up-to-date symlink: /root/ros2_ws/install/bboxes_ex_msgs/local/lib/python3.10/dist-packages/bboxes_ex_msgs/msg/_bounding_box.py
[7.012s] -- Up-to-date symlink: /root/ros2_ws/install/bboxes_ex_msgs/local/lib/python3.10/dist-packages/bboxes_ex_msgs/msg/_bounding_box_s.c
[7.012s] -- Up-to-date symlink: /root/ros2_ws/install/bboxes_ex_msgs/local/lib/python3.10/dist-packages/bboxes_ex_msgs/msg/_bounding_boxes.py
[7.012s] -- Up-to-date symlink: /root/ros2_ws/install/bboxes_ex_msgs/local/lib/python3.10/dist-packages/bboxes_ex_msgs/msg/_bounding_boxes_s.c
[7.012s] -- Up-to-date symlink: /root/ros2_ws/install/bboxes_ex_msgs/local/lib/python3.10/dist-packages/bboxes_ex_msgs/bboxes_ex_msgs_s__rosidl_typesupport_fastrtps_c.cpython-310-x86_64-linux-gnu.so
[7.012s] -- Up-to-date symlink: /root/ros2_ws/install/bboxes_ex_msgs/local/lib/python3.10/dist-packages/bboxes_ex_msgs/bboxes_ex_msgs_s__rosidl_typesupport_introspection_c.cpython-310-x86_64-linux-gnu.so
[7.012s] -- Up-to-date symlink: /root/ros2_ws/install/bboxes_ex_msgs/local/lib/python3.10/dist-packages/bboxes_ex_msgs/bboxes_ex_msgs_s__rosidl_typesupport_c.cpython-310-x86_64-linux-gnu.so
[7.012s] -- Up-to-date symlink: /root/ros2_ws/install/bboxes_ex_msgs/share/bboxes_ex_msgs/msg/BoundingBox.idl
[7.017s] -- Up-to-date symlink: /root/ros2_ws/install/bboxes_ex_msgs/share/bboxes_ex_msgs/msg/BoundingBoxes.idl
[7.017s] -- Up-to-date symlink: /root/ros2_ws/install/bboxes_ex_msgs/share/bboxes_ex_msgs/msg/BoundingBox.msg
[7.017s] -- Up-to-date symlink: /root/ros2_ws/install/bboxes_ex_msgs/share/bboxes_ex_msgs/msg/BoundingBoxes.msg
[7.018s] -- Up-to-date symlink: /root/ros2_ws/install/bboxes_ex_msgs/share/ament_index/resource_index/package_run_dependencies/bboxes_ex_msgs
[7.018s] -- Up-to-date symlink: /root/ros2_ws/install/bboxes_ex_msgs/share/ament_index/resource_index/parent_prefix_path/bboxes_ex_msgs
[7.018s] -- Up-to-date symlink: /root/ros2_ws/install/bboxes_ex_msgs/share/bboxes_ex_msgs/environment/ament_prefix_path.sh
[7.018s] -- Up-to-date symlink: /root/ros2_ws/install/bboxes_ex_msgs/share/bboxes_ex_msgs/environment/ament_prefix_path.dsv
[7.018s] -- Up-to-date symlink: /root/ros2_ws/install/bboxes_ex_msgs/share/bboxes_ex_msgs/environment/path.sh
[7.021s] -- Up-to-date symlink: /root/ros2_ws/install/bboxes_ex_msgs/share/bboxes_ex_msgs/environment/path.dsv
[7.022s] -- Up-to-date symlink: /root/ros2_ws/install/bboxes_ex_msgs/share/bboxes_ex_msgs/local_setup.bash
[7.022s] -- Up-to-date symlink: /root/ros2_ws/install/bboxes_ex_msgs/share/bboxes_ex_msgs/local_setup.sh
[7.022s] -- Up-to-date symlink: /root/ros2_ws/install/bboxes_ex_msgs/share/bboxes_ex_msgs/local_setup.zsh
[7.023s] -- Up-to-date symlink: /root/ros2_ws/install/bboxes_ex_msgs/share/bboxes_ex_msgs/local_setup.dsv
[7.023s] -- Symlinking: /root/ros2_ws/install/bboxes_ex_msgs/share/bboxes_ex_msgs/package.dsv
[7.024s] -- Up-to-date symlink: /root/ros2_ws/install/bboxes_ex_msgs/share/ament_index/resource_index/packages/bboxes_ex_msgs
[7.024s] -- Up-to-date symlink: /root/ros2_ws/install/bboxes_ex_msgs/share/bboxes_ex_msgs/cmake/rosidl_cmake-extras.cmake
[7.024s] -- Up-to-date symlink: /root/ros2_ws/install/bboxes_ex_msgs/share/bboxes_ex_msgs/cmake/ament_cmake_export_dependencies-extras.cmake
[7.025s] -- Up-to-date symlink: /root/ros2_ws/install/bboxes_ex_msgs/share/bboxes_ex_msgs/cmake/ament_cmake_export_include_directories-extras.cmake
[7.025s] -- Up-to-date symlink: /root/ros2_ws/install/bboxes_ex_msgs/share/bboxes_ex_msgs/cmake/ament_cmake_export_libraries-extras.cmake
[7.025s] -- Up-to-date symlink: /root/ros2_ws/install/bboxes_ex_msgs/share/bboxes_ex_msgs/cmake/ament_cmake_export_targets-extras.cmake
[7.026s] -- Up-to-date symlink: /root/ros2_ws/install/bboxes_ex_msgs/share/bboxes_ex_msgs/cmake/rosidl_cmake_export_typesupport_targets-extras.cmake
[7.026s] -- Up-to-date symlink: /root/ros2_ws/install/bboxes_ex_msgs/share/bboxes_ex_msgs/cmake/rosidl_cmake_export_typesupport_libraries-extras.cmake
[7.027s] -- Up-to-date symlink: /root/ros2_ws/install/bboxes_ex_msgs/share/bboxes_ex_msgs/cmake/bboxes_ex_msgsConfig.cmake
[7.027s] -- Up-to-date symlink: /root/ros2_ws/install/bboxes_ex_msgs/share/bboxes_ex_msgs/cmake/bboxes_ex_msgsConfig-version.cmake
[7.027s] -- Up-to-date symlink: /root/ros2_ws/install/bboxes_ex_msgs/share/bboxes_ex_msgs/package.xml
[7.028s] -- Up-to-date: /root/ros2_ws/install/bboxes_ex_msgs/lib/libbboxes_ex_msgs__rosidl_generator_c.so
[7.028s] -- Up-to-date: /root/ros2_ws/install/bboxes_ex_msgs/lib/libbboxes_ex_msgs__rosidl_typesupport_fastrtps_c.so
[7.029s] -- Up-to-date: /root/ros2_ws/install/bboxes_ex_msgs/lib/libbboxes_ex_msgs__rosidl_typesupport_fastrtps_cpp.so
[7.040s] -- Up-to-date: /root/ros2_ws/install/bboxes_ex_msgs/lib/libbboxes_ex_msgs__rosidl_typesupport_introspection_c.so
[7.043s] -- Up-to-date: /root/ros2_ws/install/bboxes_ex_msgs/lib/libbboxes_ex_msgs__rosidl_typesupport_c.so
[7.043s] -- Up-to-date: /root/ros2_ws/install/bboxes_ex_msgs/lib/libbboxes_ex_msgs__rosidl_typesupport_introspection_cpp.so
[7.043s] -- Up-to-date: /root/ros2_ws/install/bboxes_ex_msgs/lib/libbboxes_ex_msgs__rosidl_typesupport_cpp.so
[7.044s] Listing '/root/ros2_ws/install/bboxes_ex_msgs/local/lib/python3.10/dist-packages/bboxes_ex_msgs'...
[7.044s] Compiling '/root/ros2_ws/install/bboxes_ex_msgs/local/lib/python3.10/dist-packages/bboxes_ex_msgs/__init__.py'...
[7.044s] Listing '/root/ros2_ws/install/bboxes_ex_msgs/local/lib/python3.10/dist-packages/bboxes_ex_msgs/msg'...
[7.044s] -- Up-to-date: /root/ros2_ws/install/bboxes_ex_msgs/lib/libbboxes_ex_msgs__rosidl_generator_py.so
[7.045s] -- Up-to-date: /root/ros2_ws/install/bboxes_ex_msgs/share/bboxes_ex_msgs/cmake/export_bboxes_ex_msgs__rosidl_generator_cExport.cmake
[7.045s] -- Up-to-date: /root/ros2_ws/install/bboxes_ex_msgs/share/bboxes_ex_msgs/cmake/export_bboxes_ex_msgs__rosidl_generator_cExport-noconfig.cmake
[7.046s] -- Up-to-date: /root/ros2_ws/install/bboxes_ex_msgs/share/bboxes_ex_msgs/cmake/export_bboxes_ex_msgs__rosidl_typesupport_fastrtps_cExport.cmake
[7.047s] -- Up-to-date: /root/ros2_ws/install/bboxes_ex_msgs/share/bboxes_ex_msgs/cmake/export_bboxes_ex_msgs__rosidl_typesupport_fastrtps_cExport-noconfig.cmake
[7.047s] -- Up-to-date: /root/ros2_ws/install/bboxes_ex_msgs/share/bboxes_ex_msgs/cmake/export_bboxes_ex_msgs__rosidl_generator_cppExport.cmake
[7.047s] -- Up-to-date: /root/ros2_ws/install/bboxes_ex_msgs/share/bboxes_ex_msgs/cmake/export_bboxes_ex_msgs__rosidl_typesupport_fastrtps_cppExport.cmake
[7.047s] -- Up-to-date: /root/ros2_ws/install/bboxes_ex_msgs/share/bboxes_ex_msgs/cmake/export_bboxes_ex_msgs__rosidl_typesupport_fastrtps_cppExport-noconfig.cmake
[7.047s] -- Up-to-date: /root/ros2_ws/install/bboxes_ex_msgs/share/bboxes_ex_msgs/cmake/bboxes_ex_msgs__rosidl_typesupport_introspection_cExport.cmake
[7.048s] -- Up-to-date: /root/ros2_ws/install/bboxes_ex_msgs/share/bboxes_ex_msgs/cmake/bboxes_ex_msgs__rosidl_typesupport_introspection_cExport-noconfig.cmake
[7.049s] -- Up-to-date: /root/ros2_ws/install/bboxes_ex_msgs/share/bboxes_ex_msgs/cmake/bboxes_ex_msgs__rosidl_typesupport_cExport.cmake
[7.053s] -- Up-to-date: /root/ros2_ws/install/bboxes_ex_msgs/share/bboxes_ex_msgs/cmake/bboxes_ex_msgs__rosidl_typesupport_cExport-noconfig.cmake
[7.054s] -- Up-to-date: /root/ros2_ws/install/bboxes_ex_msgs/share/bboxes_ex_msgs/cmake/bboxes_ex_msgs__rosidl_typesupport_introspection_cppExport.cmake
[7.054s] -- Up-to-date: /root/ros2_ws/install/bboxes_ex_msgs/share/bboxes_ex_msgs/cmake/bboxes_ex_msgs__rosidl_typesupport_introspection_cppExport-noconfig.cmake
[7.060s] -- Up-to-date: /root/ros2_ws/install/bboxes_ex_msgs/share/bboxes_ex_msgs/cmake/bboxes_ex_msgs__rosidl_typesupport_cppExport.cmake
[7.060s] -- Up-to-date: /root/ros2_ws/install/bboxes_ex_msgs/share/bboxes_ex_msgs/cmake/bboxes_ex_msgs__rosidl_typesupport_cppExport-noconfig.cmake
[7.060s] -- Up-to-date: /root/ros2_ws/install/bboxes_ex_msgs/share/bboxes_ex_msgs/cmake/export_bboxes_ex_msgs__rosidl_generator_pyExport.cmake
[7.061s] -- Up-to-date: /root/ros2_ws/install/bboxes_ex_msgs/share/bboxes_ex_msgs/cmake/export_bboxes_ex_msgs__rosidl_generator_pyExport-noconfig.cmake
[7.064s] Invoked command in '/root/ros2_ws/build/bboxes_ex_msgs' returned '0': CMAKE_PREFIX_PATH=/opt/ros/humble /usr/bin/cmake --install /root/ros2_ws/build/bboxes_ex_msgs
