[0.459s] Invoking command in '/root/ros2_ws/build/lidar_cluster': CMAKE_PREFIX_PATH=${CMAKE_PREFIX_PATH}:/root/ros2_ws/install/eufs_tracks:/root/ros2_ws/install/detection:/root/ros2_ws/install/eufs_rqt:/root/ros2_ws/install/eufs_launcher:/root/ros2_ws/src/install/eufs_rqt:/root/ros2_ws/src/install/pointcloud_publisher:/root/ros2_ws/src/install/eufs_tracks:/root/ros2_ws/src/install/eufs_racecar:/root/ros2_ws/src/install/detection:/root/ros2_ws/install/eufs_racecar:/root/ros2_ws/install/pointcloud_publisher:/opt/ros/humble /usr/bin/cmake --build /root/ros2_ws/build/lidar_cluster -- -j8 -l8
[0.561s] [35m[1mConsolidate compiler generated dependencies of target dbscan_spatial[0m
[0.591s] [ 13%] Built target dbscan_grid
[0.621s] [ 26%] Built target dblane_spatial
[0.635s] [ 40%] Built target dblane_f1s
[0.641s] [ 53%] Built target euclidean_spatial
[0.642s] [ 73%] Built target dbscan_spatial
[0.647s] [100%] Built target euclidean_grid
[0.966s] Invoked command in '/root/ros2_ws/build/lidar_cluster' returned '0': CMAKE_PREFIX_PATH=${CMAKE_PREFIX_PATH}:/root/ros2_ws/install/eufs_tracks:/root/ros2_ws/install/detection:/root/ros2_ws/install/eufs_rqt:/root/ros2_ws/install/eufs_launcher:/root/ros2_ws/src/install/eufs_rqt:/root/ros2_ws/src/install/pointcloud_publisher:/root/ros2_ws/src/install/eufs_tracks:/root/ros2_ws/src/install/eufs_racecar:/root/ros2_ws/src/install/detection:/root/ros2_ws/install/eufs_racecar:/root/ros2_ws/install/pointcloud_publisher:/opt/ros/humble /usr/bin/cmake --build /root/ros2_ws/build/lidar_cluster -- -j8 -l8
[1.231s] Invoking command in '/root/ros2_ws/build/lidar_cluster': CMAKE_PREFIX_PATH=${CMAKE_PREFIX_PATH}:/root/ros2_ws/install/eufs_tracks:/root/ros2_ws/install/detection:/root/ros2_ws/install/eufs_rqt:/root/ros2_ws/install/eufs_launcher:/root/ros2_ws/src/install/eufs_rqt:/root/ros2_ws/src/install/pointcloud_publisher:/root/ros2_ws/src/install/eufs_tracks:/root/ros2_ws/src/install/eufs_racecar:/root/ros2_ws/src/install/detection:/root/ros2_ws/install/eufs_racecar:/root/ros2_ws/install/pointcloud_publisher:/opt/ros/humble /usr/bin/cmake --install /root/ros2_ws/build/lidar_cluster
[1.264s] -- Install configuration: ""
[1.265s] -- Up-to-date: /root/ros2_ws/install/lidar_cluster/share/lidar_cluster/launch
[1.265s] -- Up-to-date: /root/ros2_ws/install/lidar_cluster/share/lidar_cluster/launch/rviz01.launch.py
[1.265s] -- Up-to-date: /root/ros2_ws/install/lidar_cluster/share/lidar_cluster/launch/dbscan_spatial.launch.py
[1.265s] -- Up-to-date: /root/ros2_ws/install/lidar_cluster/share/lidar_cluster/launch/euclidean_spatial.launch.py
[1.266s] -- Up-to-date: /root/ros2_ws/install/lidar_cluster/share/lidar_cluster/launch/dblane_f1s.launch.py
[1.266s] -- Up-to-date: /root/ros2_ws/install/lidar_cluster/share/lidar_cluster/launch/dblane_spatial.launch.py
[1.266s] -- Up-to-date: /root/ros2_ws/install/lidar_cluster/share/lidar_cluster/launch/rviz02.launch.py
[1.267s] -- Up-to-date: /root/ros2_ws/install/lidar_cluster/share/lidar_cluster/launch/euclidean_grid.launch.py
[1.267s] -- Up-to-date: /root/ros2_ws/install/lidar_cluster/share/lidar_cluster/config
[1.267s] -- Up-to-date: /root/ros2_ws/install/lidar_cluster/share/lidar_cluster/config/rviz01.rviz
[1.268s] -- Up-to-date: /root/ros2_ws/install/lidar_cluster/share/lidar_cluster/config/.gitkeep
[1.270s] -- Up-to-date: /root/ros2_ws/install/lidar_cluster/share/lidar_cluster/config/rviz02.rviz
[1.270s] -- Up-to-date: /root/ros2_ws/install/lidar_cluster/lib/lidar_cluster/dbscan_spatial
[1.271s] -- Up-to-date: /root/ros2_ws/install/lidar_cluster/lib/lidar_cluster/dbscan_grid
[1.271s] -- Up-to-date: /root/ros2_ws/install/lidar_cluster/lib/lidar_cluster/dblane_spatial
[1.272s] -- Up-to-date: /root/ros2_ws/install/lidar_cluster/lib/lidar_cluster/euclidean_spatial
[1.272s] -- Up-to-date: /root/ros2_ws/install/lidar_cluster/lib/lidar_cluster/dblane_f1s
[1.272s] -- Up-to-date: /root/ros2_ws/install/lidar_cluster/lib/lidar_cluster/euclidean_grid
[1.273s] -- Up-to-date: /root/ros2_ws/install/lidar_cluster/share/ament_index/resource_index/package_run_dependencies/lidar_cluster
[1.273s] -- Up-to-date: /root/ros2_ws/install/lidar_cluster/share/ament_index/resource_index/parent_prefix_path/lidar_cluster
[1.274s] -- Up-to-date: /root/ros2_ws/install/lidar_cluster/share/lidar_cluster/environment/ament_prefix_path.sh
[1.274s] -- Up-to-date: /root/ros2_ws/install/lidar_cluster/share/lidar_cluster/environment/ament_prefix_path.dsv
[1.274s] -- Up-to-date: /root/ros2_ws/install/lidar_cluster/share/lidar_cluster/environment/path.sh
[1.280s] -- Up-to-date: /root/ros2_ws/install/lidar_cluster/share/lidar_cluster/environment/path.dsv
[1.281s] -- Up-to-date: /root/ros2_ws/install/lidar_cluster/share/lidar_cluster/local_setup.bash
[1.284s] -- Up-to-date: /root/ros2_ws/install/lidar_cluster/share/lidar_cluster/local_setup.sh
[1.285s] -- Up-to-date: /root/ros2_ws/install/lidar_cluster/share/lidar_cluster/local_setup.zsh
[1.286s] -- Up-to-date: /root/ros2_ws/install/lidar_cluster/share/lidar_cluster/local_setup.dsv
[1.286s] -- Installing: /root/ros2_ws/install/lidar_cluster/share/lidar_cluster/package.dsv
[1.286s] -- Up-to-date: /root/ros2_ws/install/lidar_cluster/share/ament_index/resource_index/packages/lidar_cluster
[1.287s] -- Up-to-date: /root/ros2_ws/install/lidar_cluster/share/lidar_cluster/cmake/lidar_clusterConfig.cmake
[1.287s] -- Up-to-date: /root/ros2_ws/install/lidar_cluster/share/lidar_cluster/cmake/lidar_clusterConfig-version.cmake
[1.287s] -- Up-to-date: /root/ros2_ws/install/lidar_cluster/share/lidar_cluster/package.xml
[1.356s] Invoked command in '/root/ros2_ws/build/lidar_cluster' returned '0': CMAKE_PREFIX_PATH=${CMAKE_PREFIX_PATH}:/root/ros2_ws/install/eufs_tracks:/root/ros2_ws/install/detection:/root/ros2_ws/install/eufs_rqt:/root/ros2_ws/install/eufs_launcher:/root/ros2_ws/src/install/eufs_rqt:/root/ros2_ws/src/install/pointcloud_publisher:/root/ros2_ws/src/install/eufs_tracks:/root/ros2_ws/src/install/eufs_racecar:/root/ros2_ws/src/install/detection:/root/ros2_ws/install/eufs_racecar:/root/ros2_ws/install/pointcloud_publisher:/opt/ros/humble /usr/bin/cmake --install /root/ros2_ws/build/lidar_cluster
