[0.151s] Invoking command in '/root/ros2_ws/build/csv_to_pointcloud2_converter': CMAKE_PREFIX_PATH=/opt/ros/humble /usr/bin/cmake /root/ros2_ws/src/csv_to_pointcloud2_converter -DAMENT_CMAKE_SYMLINK_INSTALL=1 -DCMAKE_INSTALL_PREFIX=/root/ros2_ws/install/csv_to_pointcloud2_converter
[0.975s] -- Found ament_cmake: 1.3.9 (/opt/ros/humble/share/ament_cmake/cmake)
[0.976s] -- Override CMake install command with custom implementation using symlinks instead of copying resources
[0.976s] -- Found rclcpp: 16.0.9 (/opt/ros/humble/share/rclcpp/cmake)
[1.072s] -- Found rosidl_generator_c: 3.1.5 (/opt/ros/humble/share/rosidl_generator_c/cmake)
[1.097s] -- Found rosidl_adapter: 3.1.5 (/opt/ros/humble/share/rosidl_adapter/cmake)
[1.125s] -- Found rosidl_generator_cpp: 3.1.5 (/opt/ros/humble/share/rosidl_generator_cpp/cmake)
[1.193s] -- Using all available rosidl_typesupport_c: rosidl_typesupport_fastrtps_c;rosidl_typesupport_introspection_c
[1.268s] -- Using all available rosidl_typesupport_cpp: rosidl_typesupport_fastrtps_cpp;rosidl_typesupport_introspection_cpp
[1.510s] -- Found rmw_implementation_cmake: 6.1.2 (/opt/ros/humble/share/rmw_implementation_cmake/cmake)
[1.515s] -- Found rmw_fastrtps_cpp: 6.2.6 (/opt/ros/humble/share/rmw_fastrtps_cpp/cmake)
[1.939s] -- Using RMW implementation 'rmw_fastrtps_cpp' as default
[2.595s] -- Found sensor_msgs: 4.2.4 (/opt/ros/humble/share/sensor_msgs/cmake)
[3.016s] -- Found ament_lint_auto: 0.12.11 (/opt/ros/humble/share/ament_lint_auto/cmake)
[3.301s] -- Added test 'copyright' to check source files copyright and LICENSE
[3.305s] -- Added test 'cppcheck' to perform static code analysis on C / C++ code
[3.306s] -- Configured cppcheck include dirs: $<BUILD_INTERFACE:/root/ros2_ws/src/csv_to_pointcloud2_converter/include>
[3.306s] -- Configured cppcheck exclude dirs and/or files: 
[3.311s] -- Added test 'cpplint' to check C / C++ code against the Google style
[3.311s] -- Configured cpplint exclude dirs and/or files: 
[3.319s] -- Added test 'lint_cmake' to check CMake code style
[3.320s] -- Added test 'uncrustify' to check C / C++ code style
[3.321s] -- Configured uncrustify additional arguments: 
[3.325s] -- Added test 'xmllint' to check XML markup files
[3.332s] -- Configuring done
[3.425s] -- Generating done
[3.433s] -- Build files have been written to: /root/ros2_ws/build/csv_to_pointcloud2_converter
[3.461s] Invoked command in '/root/ros2_ws/build/csv_to_pointcloud2_converter' returned '0': CMAKE_PREFIX_PATH=/opt/ros/humble /usr/bin/cmake /root/ros2_ws/src/csv_to_pointcloud2_converter -DAMENT_CMAKE_SYMLINK_INSTALL=1 -DCMAKE_INSTALL_PREFIX=/root/ros2_ws/install/csv_to_pointcloud2_converter
[3.466s] Invoking command in '/root/ros2_ws/build/csv_to_pointcloud2_converter': CMAKE_PREFIX_PATH=/opt/ros/humble /usr/bin/cmake --build /root/ros2_ws/build/csv_to_pointcloud2_converter -- -j8 -l8
[4.426s] [35m[1mConsolidate compiler generated dependencies of target csv_to_pointcloud2_node[0m
[4.426s] [ 50%] [32m[1mLinking CXX executable csv_to_pointcloud2_node[0m
[4.586s] [100%] Built target csv_to_pointcloud2_node
