-- Found ament_cmake: 1.3.9 (/opt/ros/humble/share/ament_cmake/cmake)
-- Override CMake install command with custom implementation using symlinks instead of copying resources
-- Found tf2: 0.25.7 (/opt/ros/humble/share/tf2/cmake)
-- Found rosidl_generator_c: 3.1.5 (/opt/ros/humble/share/rosidl_generator_c/cmake)
-- Found rosidl_adapter: 3.1.5 (/opt/ros/humble/share/rosidl_adapter/cmake)
-- Found rosidl_generator_cpp: 3.1.5 (/opt/ros/humble/share/rosidl_generator_cpp/cmake)
-- Using all available rosidl_typesupport_c: rosidl_typesupport_fastrtps_c;rosidl_typesupport_introspection_c
-- Using all available rosidl_typesupport_cpp: rosidl_typesupport_fastrtps_cpp;rosidl_typesupport_introspection_cpp
-- Found tf2_msgs: 0.25.7 (/opt/ros/humble/share/tf2_msgs/cmake)
-- Found tf2_ros: 0.25.7 (/opt/ros/humble/share/tf2_ros/cmake)
-- Found rmw_implementation_cmake: 6.1.2 (/opt/ros/humble/share/rmw_implementation_cmake/cmake)
-- Found rmw_fastrtps_cpp: 6.2.6 (/opt/ros/humble/share/rmw_fastrtps_cpp/cmake)
-- Using RMW implementation 'rmw_fastrtps_cpp' as default
-- Found tf2_geometry_msgs: 0.25.7 (/opt/ros/humble/share/tf2_geometry_msgs/cmake)
-- Found eigen3_cmake_module: 0.1.1 (/opt/ros/humble/share/eigen3_cmake_module/cmake)
-- Ensuring Eigen3 include directory is part of orocos-kdl CMake target
-- Found ament_lint_auto: 0.12.11 (/opt/ros/humble/share/ament_lint_auto/cmake)
-- Added test 'flake8' to check Python code syntax and style conventions
-- Added test 'lint_cmake' to check CMake code style
-- Added test 'pep257' to check Python code against some of the docstring style conventions in PEP 257
-- Added test 'xmllint' to check XML markup files
-- Configuring done
-- Generating done
-- Build files have been written to: /root/ros2_ws/build/formula_student_bringup
-- Install configuration: ""
-- Execute custom install script
-- Up-to-date symlink: /root/ros2_ws/install/formula_student_bringup/share/formula_student_bringup/launch/tf_static.launch.py
-- Up-to-date symlink: /root/ros2_ws/install/formula_student_bringup/share/ament_index/resource_index/package_run_dependencies/formula_student_bringup
-- Up-to-date symlink: /root/ros2_ws/install/formula_student_bringup/share/ament_index/resource_index/parent_prefix_path/formula_student_bringup
-- Up-to-date symlink: /root/ros2_ws/install/formula_student_bringup/share/formula_student_bringup/environment/ament_prefix_path.sh
-- Up-to-date symlink: /root/ros2_ws/install/formula_student_bringup/share/formula_student_bringup/environment/ament_prefix_path.dsv
-- Up-to-date symlink: /root/ros2_ws/install/formula_student_bringup/share/formula_student_bringup/environment/path.sh
-- Up-to-date symlink: /root/ros2_ws/install/formula_student_bringup/share/formula_student_bringup/environment/path.dsv
-- Up-to-date symlink: /root/ros2_ws/install/formula_student_bringup/share/formula_student_bringup/local_setup.bash
-- Up-to-date symlink: /root/ros2_ws/install/formula_student_bringup/share/formula_student_bringup/local_setup.sh
-- Up-to-date symlink: /root/ros2_ws/install/formula_student_bringup/share/formula_student_bringup/local_setup.zsh
-- Up-to-date symlink: /root/ros2_ws/install/formula_student_bringup/share/formula_student_bringup/local_setup.dsv
-- Symlinking: /root/ros2_ws/install/formula_student_bringup/share/formula_student_bringup/package.dsv
-- Up-to-date symlink: /root/ros2_ws/install/formula_student_bringup/share/ament_index/resource_index/packages/formula_student_bringup
-- Up-to-date symlink: /root/ros2_ws/install/formula_student_bringup/share/formula_student_bringup/cmake/formula_student_bringupConfig.cmake
-- Up-to-date symlink: /root/ros2_ws/install/formula_student_bringup/share/formula_student_bringup/cmake/formula_student_bringupConfig-version.cmake
-- Up-to-date symlink: /root/ros2_ws/install/formula_student_bringup/share/formula_student_bringup/package.xml
