[0.507s] Invoking command in '/root/ros2_ws/build/formula_student_bringup': CMAKE_PREFIX_PATH=/opt/ros/humble /usr/bin/cmake /root/ros2_ws/src/formula_student_packages/formula_student_bringup -DCMAKE_INSTALL_PREFIX=/root/ros2_ws/install/formula_student_bringup
[0.549s] -- Found ament_cmake: 1.3.9 (/opt/ros/humble/share/ament_cmake/cmake)
[0.873s] -- Override CMake install command with custom implementation using symlinks instead of copying resources
[0.907s] -- Found tf2: 0.25.7 (/opt/ros/humble/share/tf2/cmake)
[0.976s] -- Found rosidl_generator_c: 3.1.5 (/opt/ros/humble/share/rosidl_generator_c/cmake)
[0.984s] -- Found rosidl_adapter: 3.1.5 (/opt/ros/humble/share/rosidl_adapter/cmake)
[1.005s] -- Found rosidl_generator_cpp: 3.1.5 (/opt/ros/humble/share/rosidl_generator_cpp/cmake)
[1.038s] -- Using all available rosidl_typesupport_c: rosidl_typesupport_fastrtps_c;rosidl_typesupport_introspection_c
[1.083s] -- Using all available rosidl_typesupport_cpp: rosidl_typesupport_fastrtps_cpp;rosidl_typesupport_introspection_cpp
[1.443s] -- Found tf2_msgs: 0.25.7 (/opt/ros/humble/share/tf2_msgs/cmake)
[1.867s] -- Found tf2_ros: 0.25.7 (/opt/ros/humble/share/tf2_ros/cmake)
[2.172s] -- Found rmw_implementation_cmake: 6.1.2 (/opt/ros/humble/share/rmw_implementation_cmake/cmake)
[2.175s] -- Found rmw_fastrtps_cpp: 6.2.6 (/opt/ros/humble/share/rmw_fastrtps_cpp/cmake)
[2.472s] -- Using RMW implementation 'rmw_fastrtps_cpp' as default
[3.044s] -- Found tf2_geometry_msgs: 0.25.7 (/opt/ros/humble/share/tf2_geometry_msgs/cmake)
[3.056s] -- Found eigen3_cmake_module: 0.1.1 (/opt/ros/humble/share/eigen3_cmake_module/cmake)
[3.062s] -- Ensuring Eigen3 include directory is part of orocos-kdl CMake target
[3.084s] -- Found ament_lint_auto: 0.12.11 (/opt/ros/humble/share/ament_lint_auto/cmake)
[3.236s] -- Added test 'flake8' to check Python code syntax and style conventions
[3.238s] -- Added test 'lint_cmake' to check CMake code style
[3.239s] -- Added test 'pep257' to check Python code against some of the docstring style conventions in PEP 257
[3.244s] -- Added test 'xmllint' to check XML markup files
[3.245s] -- Configuring done
[3.272s] -- Generating done
[3.278s] -- Build files have been written to: /root/ros2_ws/build/formula_student_bringup
[3.299s] Invoked command in '/root/ros2_ws/build/formula_student_bringup' returned '0': CMAKE_PREFIX_PATH=/opt/ros/humble /usr/bin/cmake /root/ros2_ws/src/formula_student_packages/formula_student_bringup -DCMAKE_INSTALL_PREFIX=/root/ros2_ws/install/formula_student_bringup
[3.306s] Invoking command in '/root/ros2_ws/build/formula_student_bringup': CMAKE_PREFIX_PATH=/opt/ros/humble /usr/bin/cmake --build /root/ros2_ws/build/formula_student_bringup -- -j8 -l8
[3.436s] Invoked command in '/root/ros2_ws/build/formula_student_bringup' returned '0': CMAKE_PREFIX_PATH=/opt/ros/humble /usr/bin/cmake --build /root/ros2_ws/build/formula_student_bringup -- -j8 -l8
[3.541s] Invoking command in '/root/ros2_ws/build/formula_student_bringup': CMAKE_PREFIX_PATH=/opt/ros/humble /usr/bin/cmake --install /root/ros2_ws/build/formula_student_bringup
[4.372s] -- Install configuration: ""
[4.373s] -- Execute custom install script
[4.373s] -- Up-to-date symlink: /root/ros2_ws/install/formula_student_bringup/share/formula_student_bringup/launch/tf_static.launch.py
[4.373s] -- Up-to-date symlink: /root/ros2_ws/install/formula_student_bringup/share/ament_index/resource_index/package_run_dependencies/formula_student_bringup
[4.374s] -- Up-to-date symlink: /root/ros2_ws/install/formula_student_bringup/share/ament_index/resource_index/parent_prefix_path/formula_student_bringup
[4.374s] -- Up-to-date symlink: /root/ros2_ws/install/formula_student_bringup/share/formula_student_bringup/environment/ament_prefix_path.sh
[4.375s] -- Up-to-date symlink: /root/ros2_ws/install/formula_student_bringup/share/formula_student_bringup/environment/ament_prefix_path.dsv
[4.375s] -- Up-to-date symlink: /root/ros2_ws/install/formula_student_bringup/share/formula_student_bringup/environment/path.sh
[4.380s] -- Up-to-date symlink: /root/ros2_ws/install/formula_student_bringup/share/formula_student_bringup/environment/path.dsv
[4.380s] -- Up-to-date symlink: /root/ros2_ws/install/formula_student_bringup/share/formula_student_bringup/local_setup.bash
[4.380s] -- Up-to-date symlink: /root/ros2_ws/install/formula_student_bringup/share/formula_student_bringup/local_setup.sh
[4.380s] -- Up-to-date symlink: /root/ros2_ws/install/formula_student_bringup/share/formula_student_bringup/local_setup.zsh
[4.380s] -- Up-to-date symlink: /root/ros2_ws/install/formula_student_bringup/share/formula_student_bringup/local_setup.dsv
[4.380s] -- Symlinking: /root/ros2_ws/install/formula_student_bringup/share/formula_student_bringup/package.dsv
[4.380s] -- Up-to-date symlink: /root/ros2_ws/install/formula_student_bringup/share/ament_index/resource_index/packages/formula_student_bringup
[4.380s] -- Up-to-date symlink: /root/ros2_ws/install/formula_student_bringup/share/formula_student_bringup/cmake/formula_student_bringupConfig.cmake
[4.380s] -- Up-to-date symlink: /root/ros2_ws/install/formula_student_bringup/share/formula_student_bringup/cmake/formula_student_bringupConfig-version.cmake
[4.381s] -- Up-to-date symlink: /root/ros2_ws/install/formula_student_bringup/share/formula_student_bringup/package.xml
[4.394s] Invoked command in '/root/ros2_ws/build/formula_student_bringup' returned '0': CMAKE_PREFIX_PATH=/opt/ros/humble /usr/bin/cmake --install /root/ros2_ws/build/formula_student_bringup
