[0.013s] Invoking command in '/root/ros2_ws/build/projection': CMAKE_PREFIX_PATH=/opt/ros/humble /usr/bin/cmake /root/ros2_ws/src/formula_student_packages/cone_detection_camera/projection -DCMAKE_INSTALL_PREFIX=/root/ros2_ws/install/projection
[0.068s] -- Found ament_cmake: 1.3.9 (/opt/ros/humble/share/ament_cmake/cmake)
[0.406s] -- Override CMake install command with custom implementation using symlinks instead of copying resources
[0.435s] -- Found rclcpp: 16.0.9 (/opt/ros/humble/share/rclcpp/cmake)
[0.515s] -- Found rosidl_generator_c: 3.1.5 (/opt/ros/humble/share/rosidl_generator_c/cmake)
[0.524s] -- Found rosidl_adapter: 3.1.5 (/opt/ros/humble/share/rosidl_adapter/cmake)
[0.537s] -- Found rosidl_generator_cpp: 3.1.5 (/opt/ros/humble/share/rosidl_generator_cpp/cmake)
[0.577s] -- Using all available rosidl_typesupport_c: rosidl_typesupport_fastrtps_c;rosidl_typesupport_introspection_c
[0.615s] -- Using all available rosidl_typesupport_cpp: rosidl_typesupport_fastrtps_cpp;rosidl_typesupport_introspection_cpp
[0.788s] -- Found rmw_implementation_cmake: 6.1.2 (/opt/ros/humble/share/rmw_implementation_cmake/cmake)
[0.791s] -- Found rmw_fastrtps_cpp: 6.2.6 (/opt/ros/humble/share/rmw_fastrtps_cpp/cmake)
[1.094s] -- Using RMW implementation 'rmw_fastrtps_cpp' as default
[1.519s] -- Found visualization_msgs: 4.2.4 (/opt/ros/humble/share/visualization_msgs/cmake)
[2.150s] -- Found tf2_geometry_msgs: 0.25.7 (/opt/ros/humble/share/tf2_geometry_msgs/cmake)
[2.161s] -- Found eigen3_cmake_module: 0.1.1 (/opt/ros/humble/share/eigen3_cmake_module/cmake)
[2.164s] -- Ensuring Eigen3 include directory is part of orocos-kdl CMake target
[3.136s] -- Found ament_lint_auto: 0.12.11 (/opt/ros/humble/share/ament_lint_auto/cmake)
[3.318s] -- Added test 'cppcheck' to perform static code analysis on C / C++ code
[3.318s] -- Configured cppcheck include dirs: /root/ros2_ws/src/formula_student_packages/cone_detection_camera/projection/include/projection;$<BUILD_INTERFACE:/root/ros2_ws/src/formula_student_packages/cone_detection_camera/projection/include>
[3.319s] -- Configured cppcheck exclude dirs and/or files: 
[3.321s] -- Added test 'lint_cmake' to check CMake code style
[3.324s] -- Added test 'uncrustify' to check C / C++ code style
[3.324s] -- Configured uncrustify additional arguments: 
[3.325s] -- Added test 'xmllint' to check XML markup files
[3.327s] -- Configuring done
[3.357s] -- Generating done
[3.362s] -- Build files have been written to: /root/ros2_ws/build/projection
[3.713s] Invoked command in '/root/ros2_ws/build/projection' returned '0': CMAKE_PREFIX_PATH=/opt/ros/humble /usr/bin/cmake /root/ros2_ws/src/formula_student_packages/cone_detection_camera/projection -DCMAKE_INSTALL_PREFIX=/root/ros2_ws/install/projection
[3.716s] Invoking command in '/root/ros2_ws/build/projection': CMAKE_PREFIX_PATH=/opt/ros/humble /usr/bin/cmake --build /root/ros2_ws/build/projection -- -j8 -l8
[3.805s] [35m[1mConsolidate compiler generated dependencies of target cone_detection_camera[0m
[3.865s] [100%] Built target cone_detection_camera
[3.885s] Invoked command in '/root/ros2_ws/build/projection' returned '0': CMAKE_PREFIX_PATH=/opt/ros/humble /usr/bin/cmake --build /root/ros2_ws/build/projection -- -j8 -l8
[4.094s] Invoking command in '/root/ros2_ws/build/projection': CMAKE_PREFIX_PATH=/opt/ros/humble /usr/bin/cmake --install /root/ros2_ws/build/projection
[4.117s] -- Install configuration: ""
[4.118s] -- Execute custom install script
[4.118s] -- Up-to-date symlink: /root/ros2_ws/install/projection/lib/projection/cone_detection_camera
[4.118s] -- Up-to-date symlink: /root/ros2_ws/install/projection/share/ament_index/resource_index/package_run_dependencies/projection
[4.119s] -- Up-to-date symlink: /root/ros2_ws/install/projection/share/ament_index/resource_index/parent_prefix_path/projection
[4.119s] -- Up-to-date symlink: /root/ros2_ws/install/projection/share/projection/environment/ament_prefix_path.sh
[4.119s] -- Up-to-date symlink: /root/ros2_ws/install/projection/share/projection/environment/ament_prefix_path.dsv
[4.119s] -- Up-to-date symlink: /root/ros2_ws/install/projection/share/projection/environment/path.sh
[4.119s] -- Up-to-date symlink: /root/ros2_ws/install/projection/share/projection/environment/path.dsv
[4.119s] -- Up-to-date symlink: /root/ros2_ws/install/projection/share/projection/local_setup.bash
[4.120s] -- Up-to-date symlink: /root/ros2_ws/install/projection/share/projection/local_setup.sh
[4.120s] -- Up-to-date symlink: /root/ros2_ws/install/projection/share/projection/local_setup.zsh
[4.120s] -- Up-to-date symlink: /root/ros2_ws/install/projection/share/projection/local_setup.dsv
[4.120s] -- Symlinking: /root/ros2_ws/install/projection/share/projection/package.dsv
[4.138s] -- Up-to-date symlink: /root/ros2_ws/install/projection/share/ament_index/resource_index/packages/projection
[4.140s] -- Up-to-date symlink: /root/ros2_ws/install/projection/share/projection/cmake/projectionConfig.cmake
[4.142s] -- Up-to-date symlink: /root/ros2_ws/install/projection/share/projection/cmake/projectionConfig-version.cmake
[4.142s] -- Up-to-date symlink: /root/ros2_ws/install/projection/share/projection/package.xml
[4.150s] Invoked command in '/root/ros2_ws/build/projection' returned '0': CMAKE_PREFIX_PATH=/opt/ros/humble /usr/bin/cmake --install /root/ros2_ws/build/projection
