[2.413s] Invoking command in '/root/ros2_ws/src/pointcloud_publisher': PYTHONPATH=/root/ros2_ws/build/pointcloud_publisher/prefix_override:/usr/lib/python3/dist-packages/colcon_core/task/python/colcon_distutils_commands:/root/ros2_ws/install/pointcloud_publisher/lib/python3.10/site-packages:${PYTHONPATH} /usr/bin/python3 -W ignore:setup.py install is deprecated setup.py egg_info --egg-base ../../build/pointcloud_publisher build --build-base /root/ros2_ws/build/pointcloud_publisher/build install --record /root/ros2_ws/build/pointcloud_publisher/install.log --single-version-externally-managed install_data
[4.097s] running egg_info
[4.097s] creating ../../build/pointcloud_publisher/pointcloud_publisher.egg-info
[4.097s] writing ../../build/pointcloud_publisher/pointcloud_publisher.egg-info/PKG-INFO
[4.097s] writing dependency_links to ../../build/pointcloud_publisher/pointcloud_publisher.egg-info/dependency_links.txt
[4.097s] writing entry points to ../../build/pointcloud_publisher/pointcloud_publisher.egg-info/entry_points.txt
[4.097s] writing requirements to ../../build/pointcloud_publisher/pointcloud_publisher.egg-info/requires.txt
[4.097s] writing top-level names to ../../build/pointcloud_publisher/pointcloud_publisher.egg-info/top_level.txt
[4.097s] writing manifest file '../../build/pointcloud_publisher/pointcloud_publisher.egg-info/SOURCES.txt'
[4.097s] reading manifest file '../../build/pointcloud_publisher/pointcloud_publisher.egg-info/SOURCES.txt'
[4.097s] writing manifest file '../../build/pointcloud_publisher/pointcloud_publisher.egg-info/SOURCES.txt'
[4.097s] running build
[4.097s] running build_py
[4.097s] creating /root/ros2_ws/build/pointcloud_publisher/build
[4.098s] creating /root/ros2_ws/build/pointcloud_publisher/build/lib
[4.098s] creating /root/ros2_ws/build/pointcloud_publisher/build/lib/pointcloud_publisher
[4.098s] copying pointcloud_publisher/pointcloud_publisher.py -> /root/ros2_ws/build/pointcloud_publisher/build/lib/pointcloud_publisher
[4.098s] copying pointcloud_publisher/__init__.py -> /root/ros2_ws/build/pointcloud_publisher/build/lib/pointcloud_publisher
[4.098s] running install
[4.098s] running install_lib
[4.098s] creating /root/ros2_ws/install/pointcloud_publisher/lib/python3.10/site-packages/pointcloud_publisher
[4.098s] copying /root/ros2_ws/build/pointcloud_publisher/build/lib/pointcloud_publisher/pointcloud_publisher.py -> /root/ros2_ws/install/pointcloud_publisher/lib/python3.10/site-packages/pointcloud_publisher
[4.098s] copying /root/ros2_ws/build/pointcloud_publisher/build/lib/pointcloud_publisher/__init__.py -> /root/ros2_ws/install/pointcloud_publisher/lib/python3.10/site-packages/pointcloud_publisher
[4.098s] byte-compiling /root/ros2_ws/install/pointcloud_publisher/lib/python3.10/site-packages/pointcloud_publisher/pointcloud_publisher.py to pointcloud_publisher.cpython-310.pyc
[4.098s] byte-compiling /root/ros2_ws/install/pointcloud_publisher/lib/python3.10/site-packages/pointcloud_publisher/__init__.py to __init__.cpython-310.pyc
[4.098s] running install_data
[4.099s] creating /root/ros2_ws/install/pointcloud_publisher/share/ament_index
[4.099s] creating /root/ros2_ws/install/pointcloud_publisher/share/ament_index/resource_index
[4.099s] creating /root/ros2_ws/install/pointcloud_publisher/share/ament_index/resource_index/packages
[4.099s] copying resource/pointcloud_publisher -> /root/ros2_ws/install/pointcloud_publisher/share/ament_index/resource_index/packages
[4.099s] copying package.xml -> /root/ros2_ws/install/pointcloud_publisher/share/pointcloud_publisher
[4.099s] running install_egg_info
[4.099s] Copying ../../build/pointcloud_publisher/pointcloud_publisher.egg-info to /root/ros2_ws/install/pointcloud_publisher/lib/python3.10/site-packages/pointcloud_publisher-0.0.0-py3.10.egg-info
[4.099s] running install_scripts
[4.099s] Installing pointcloud_publisher script to /root/ros2_ws/install/pointcloud_publisher/lib/pointcloud_publisher
[4.099s] writing list of installed files to '/root/ros2_ws/build/pointcloud_publisher/install.log'
[4.146s] Invoked command in '/root/ros2_ws/src/pointcloud_publisher' returned '0': PYTHONPATH=/root/ros2_ws/build/pointcloud_publisher/prefix_override:/usr/lib/python3/dist-packages/colcon_core/task/python/colcon_distutils_commands:/root/ros2_ws/install/pointcloud_publisher/lib/python3.10/site-packages:${PYTHONPATH} /usr/bin/python3 -W ignore:setup.py install is deprecated setup.py egg_info --egg-base ../../build/pointcloud_publisher build --build-base /root/ros2_ws/build/pointcloud_publisher/build install --record /root/ros2_ws/build/pointcloud_publisher/install.log --single-version-externally-managed install_data
