[0.121s] Invoking command in '/root/ros2_ws/build/csv_to_pointcloud2_converter': CMAKE_PREFIX_PATH=${CMAKE_PREFIX_PATH}:/root/ros2_ws/install/yolov5_ros:/root/ros2_ws/install/pointcloud_publisher:/root/ros2_ws/install/detection:/opt/ros/humble /usr/bin/cmake --build /root/ros2_ws/build/csv_to_pointcloud2_converter -- -j8 -l8
[0.643s] [100%] Built target csv_to_pointcloud2_node
[0.652s] Invoked command in '/root/ros2_ws/build/csv_to_pointcloud2_converter' returned '0': CMAKE_PREFIX_PATH=${CMAKE_PREFIX_PATH}:/root/ros2_ws/install/yolov5_ros:/root/ros2_ws/install/pointcloud_publisher:/root/ros2_ws/install/detection:/opt/ros/humble /usr/bin/cmake --build /root/ros2_ws/build/csv_to_pointcloud2_converter -- -j8 -l8
[0.810s] Invoking command in '/root/ros2_ws/build/csv_to_pointcloud2_converter': CMAKE_PREFIX_PATH=${CMAKE_PREFIX_PATH}:/root/ros2_ws/install/yolov5_ros:/root/ros2_ws/install/pointcloud_publisher:/root/ros2_ws/install/detection:/opt/ros/humble /usr/bin/cmake --install /root/ros2_ws/build/csv_to_pointcloud2_converter
[0.839s] -- Install configuration: ""
[0.839s] -- Execute custom install script
[0.839s] -- Up-to-date symlink: /root/ros2_ws/install/csv_to_pointcloud2_converter/lib/csv_to_pointcloud2_converter/csv_to_pointcloud2_node
[0.839s] -- Up-to-date symlink: /root/ros2_ws/install/csv_to_pointcloud2_converter/share/ament_index/resource_index/package_run_dependencies/csv_to_pointcloud2_converter
[0.839s] -- Up-to-date symlink: /root/ros2_ws/install/csv_to_pointcloud2_converter/share/ament_index/resource_index/parent_prefix_path/csv_to_pointcloud2_converter
[0.839s] -- Up-to-date symlink: /root/ros2_ws/install/csv_to_pointcloud2_converter/share/csv_to_pointcloud2_converter/environment/ament_prefix_path.sh
[0.846s] -- Up-to-date symlink: /root/ros2_ws/install/csv_to_pointcloud2_converter/share/csv_to_pointcloud2_converter/environment/ament_prefix_path.dsv
[0.847s] -- Up-to-date symlink: /root/ros2_ws/install/csv_to_pointcloud2_converter/share/csv_to_pointcloud2_converter/environment/path.sh
[0.847s] -- Up-to-date symlink: /root/ros2_ws/install/csv_to_pointcloud2_converter/share/csv_to_pointcloud2_converter/environment/path.dsv
[0.848s] -- Up-to-date symlink: /root/ros2_ws/install/csv_to_pointcloud2_converter/share/csv_to_pointcloud2_converter/local_setup.bash
[0.848s] -- Up-to-date symlink: /root/ros2_ws/install/csv_to_pointcloud2_converter/share/csv_to_pointcloud2_converter/local_setup.sh
[0.848s] -- Up-to-date symlink: /root/ros2_ws/install/csv_to_pointcloud2_converter/share/csv_to_pointcloud2_converter/local_setup.zsh
[0.848s] -- Up-to-date symlink: /root/ros2_ws/install/csv_to_pointcloud2_converter/share/csv_to_pointcloud2_converter/local_setup.dsv
[0.848s] -- Symlinking: /root/ros2_ws/install/csv_to_pointcloud2_converter/share/csv_to_pointcloud2_converter/package.dsv
[0.870s] -- Up-to-date symlink: /root/ros2_ws/install/csv_to_pointcloud2_converter/share/ament_index/resource_index/packages/csv_to_pointcloud2_converter
[0.872s] -- Up-to-date symlink: /root/ros2_ws/install/csv_to_pointcloud2_converter/share/csv_to_pointcloud2_converter/cmake/csv_to_pointcloud2_converterConfig.cmake
[0.872s] -- Up-to-date symlink: /root/ros2_ws/install/csv_to_pointcloud2_converter/share/csv_to_pointcloud2_converter/cmake/csv_to_pointcloud2_converterConfig-version.cmake
[0.873s] -- Up-to-date symlink: /root/ros2_ws/install/csv_to_pointcloud2_converter/share/csv_to_pointcloud2_converter/package.xml
[0.914s] Invoked command in '/root/ros2_ws/build/csv_to_pointcloud2_converter' returned '0': CMAKE_PREFIX_PATH=${CMAKE_PREFIX_PATH}:/root/ros2_ws/install/yolov5_ros:/root/ros2_ws/install/pointcloud_publisher:/root/ros2_ws/install/detection:/opt/ros/humble /usr/bin/cmake --install /root/ros2_ws/build/csv_to_pointcloud2_converter
